#
# There is insufficient memory for the Java Runtime Environment to continue.
# Native memory allocation (malloc) failed to allocate 32744 bytes. Error detail: Chunk::new
# Possible reasons:
#   The system is out of physical RAM or swap space
#   This process is running with CompressedOops enabled, and the Java Heap may be blocking the growth of the native heap
# Possible solutions:
#   Reduce memory load on the system
#   Increase physical memory or swap space
#   Check if swap backing store is full
#   Decrease Java heap size (-Xmx/-Xms)
#   Decrease number of Java threads
#   Decrease Java thread stack sizes (-Xss)
#   Set larger code cache with -XX:ReservedCodeCacheSize=
#   JVM is running with Unscaled Compressed Oops mode in which the Java heap is
#     placed in the first 4GB address space. The Java Heap base address is the
#     maximum limit for the native heap growth. Please use -XX:HeapBaseMinAddress
#     to set the Java Heap base and to place the Java Heap above 4GB virtual address.
# This output file may be truncated or incomplete.
#
#  Out of Memory Error (arena.cpp:168), pid=7988, tid=21008
#
# JRE version: OpenJDK Runtime Environment Microsoft-12574459 (21.0.9+10) (build 21.0.9+10-LTS)
# Java VM: OpenJDK 64-Bit Server VM Microsoft-12574459 (21.0.9+10-LTS, mixed mode, sharing, tiered, compressed oops, compressed class ptrs, g1 gc, windows-amd64)
# No core dump will be written. Minidumps are not enabled by default on client versions of Windows
#

---------------  S U M M A R Y ------------

Command Line: --add-opens=java.base/java.lang=ALL-UNNAMED --add-opens=java.base/java.lang.invoke=ALL-UNNAMED --add-opens=java.base/java.util=ALL-UNNAMED --add-opens=java.prefs/java.util.prefs=ALL-UNNAMED --add-exports=jdk.compiler/com.sun.tools.javac.api=ALL-UNNAMED --add-exports=jdk.compiler/com.sun.tools.javac.util=ALL-UNNAMED --add-opens=java.base/java.util=ALL-UNNAMED --add-opens=java.prefs/java.util.prefs=ALL-UNNAMED --add-opens=java.base/java.nio.charset=ALL-UNNAMED --add-opens=java.base/java.net=ALL-UNNAMED --add-opens=java.base/java.util.concurrent=ALL-UNNAMED --add-opens=java.base/java.util.concurrent.atomic=ALL-UNNAMED --add-opens=java.xml/javax.xml.namespace=ALL-UNNAMED --add-opens=java.base/java.time=ALL-UNNAMED -XX:MaxMetaspaceSize=384m -XX:+HeapDumpOnOutOfMemoryError -Xms256m -Xmx512m -Dfile.encoding=UTF-8 -Duser.country -Duser.language=en -Duser.variant -javaagent:C:\Users\ksj04\.gradle\wrapper\dists\gradle-9.2.1-bin\2t0n5ozlw9xmuyvbp7dnzaxug\gradle-9.2.1\lib\agents\gradle-instrumentation-agent-9.2.1.jar org.gradle.launcher.daemon.bootstrap.GradleDaemon 9.2.1

Host: Intel(R) Core(TM) i5-10210U CPU @ 1.60GHz, 8 cores, 7G,  Windows 11 , 64 bit Build 26100 (10.0.26100.7309)
Time: Fri Dec 19 21:50:46 2025 elapsed time: 130.643174 seconds (0d 0h 2m 10s)

---------------  T H R E A D  ---------------

Current thread (0x000001b1e87b0a20):  JavaThread "C1 CompilerThread0" daemon [_thread_in_native, id=21008, stack(0x0000007f54800000,0x0000007f54900000) (1024K)]


Current CompileTask:
C1:130643 3017       3       java.lang.reflect.Constructor::<init> (50 bytes)

Stack: [0x0000007f54800000,0x0000007f54900000]
Native frames: (J=compiled Java code, j=interpreted, Vv=VM code, C=native code)
V  [jvm.dll+0x6df259]  (no source info available)
V  [jvm.dll+0x8bfe4b]  (no source info available)
V  [jvm.dll+0x8c23da]  (no source info available)
V  [jvm.dll+0x8c2ab3]  (no source info available)
V  [jvm.dll+0x28a416]  (no source info available)
V  [jvm.dll+0xc903d]  (no source info available)
V  [jvm.dll+0xc958c]  (no source info available)
V  [jvm.dll+0x1a412a]  (no source info available)
V  [jvm.dll+0x1a2eab]  (no source info available)
V  [jvm.dll+0x15d161]  (no source info available)
V  [jvm.dll+0x15d3a6]  (no source info available)
V  [jvm.dll+0x15c5bc]  (no source info available)
V  [jvm.dll+0x15e37d]  (no source info available)
V  [jvm.dll+0x26138a]  (no source info available)
V  [jvm.dll+0x25f6f5]  (no source info available)
V  [jvm.dll+0x401aad]  (no source info available)
V  [jvm.dll+0x869f7d]  (no source info available)
V  [jvm.dll+0x6e080d]  (no source info available)
C  [ucrtbase.dll+0x37b0]  (no source info available)
C  [KERNEL32.DLL+0x2e8d7]  (no source info available)
C  [ntdll.dll+0x8c53c]  (no source info available)


---------------  P R O C E S S  ---------------

Threads class SMR info:
_java_thread_list=0x000001b1852e29f0, length=26, elements={
0x000001b1cd8cefc0, 0x000001b1e87a4090, 0x000001b1e87a5800, 0x000001b1e87ab8e0,
0x000001b1e87ac330, 0x000001b1e87acd80, 0x000001b1e87ad7d0, 0x000001b1e87ae550,
0x000001b1e87b0a20, 0x000001b1e8a5f450, 0x000001b1e898fd10, 0x000001b1ff1c78f0,
0x000001b1fec21460, 0x000001b184064460, 0x000001b1fed72700, 0x000001b1fec078f0,
0x000001b1ff2656a0, 0x000001b1fee09dd0, 0x000001b1ff5aa1f0, 0x000001b1ff5aa880,
0x000001b1ff5aaf10, 0x000001b1ff5ab5a0, 0x000001b1ff5ac950, 0x000001b1ff5ac2c0,
0x000001b1ff5a94d0, 0x000001b1ff5a9b60
}

Java Threads: ( => current thread )
  0x000001b1cd8cefc0 JavaThread "main"                              [_thread_blocked, id=20172, stack(0x0000007f53900000,0x0000007f53a00000) (1024K)]
  0x000001b1e87a4090 JavaThread "Reference Handler"          daemon [_thread_blocked, id=15468, stack(0x0000007f54100000,0x0000007f54200000) (1024K)]
  0x000001b1e87a5800 JavaThread "Finalizer"                  daemon [_thread_blocked, id=19644, stack(0x0000007f54200000,0x0000007f54300000) (1024K)]
  0x000001b1e87ab8e0 JavaThread "Signal Dispatcher"          daemon [_thread_blocked, id=17224, stack(0x0000007f54300000,0x0000007f54400000) (1024K)]
  0x000001b1e87ac330 JavaThread "Attach Listener"            daemon [_thread_blocked, id=19628, stack(0x0000007f54400000,0x0000007f54500000) (1024K)]
  0x000001b1e87acd80 JavaThread "Service Thread"             daemon [_thread_blocked, id=15064, stack(0x0000007f54500000,0x0000007f54600000) (1024K)]
  0x000001b1e87ad7d0 JavaThread "Monitor Deflation Thread"   daemon [_thread_blocked, id=19468, stack(0x0000007f54600000,0x0000007f54700000) (1024K)]
  0x000001b1e87ae550 JavaThread "C2 CompilerThread0"         daemon [_thread_in_native, id=812, stack(0x0000007f54700000,0x0000007f54800000) (1024K)]
=>0x000001b1e87b0a20 JavaThread "C1 CompilerThread0"         daemon [_thread_in_native, id=21008, stack(0x0000007f54800000,0x0000007f54900000) (1024K)]
  0x000001b1e8a5f450 JavaThread "Common-Cleaner"             daemon [_thread_blocked, id=10084, stack(0x0000007f54900000,0x0000007f54a00000) (1024K)]
  0x000001b1e898fd10 JavaThread "Notification Thread"        daemon [_thread_blocked, id=17308, stack(0x0000007f54a00000,0x0000007f54b00000) (1024K)]
  0x000001b1ff1c78f0 JavaThread "Daemon health stats"               [_thread_blocked, id=15848, stack(0x0000007f53800000,0x0000007f53900000) (1024K)]
  0x000001b1fec21460 JavaThread "Incoming local TCP Connector on port 49838"        [_thread_in_native, id=2736, stack(0x0000007f54b00000,0x0000007f54c00000) (1024K)]
  0x000001b184064460 JavaThread "Daemon periodic checks"            [_thread_blocked, id=17328, stack(0x0000007f55200000,0x0000007f55300000) (1024K)]
  0x000001b1fed72700 JavaThread "Daemon"                            [_thread_blocked, id=3680, stack(0x0000007f55300000,0x0000007f55400000) (1024K)]
  0x000001b1fec078f0 JavaThread "Handler for socket connection from /127.0.0.1:49838 to /127.0.0.1:49849"        [_thread_in_native, id=12260, stack(0x0000007f55400000,0x0000007f55500000) (1024K)]
  0x000001b1ff2656a0 JavaThread "Cancel handler"                    [_thread_blocked, id=19296, stack(0x0000007f55500000,0x0000007f55600000) (1024K)]
  0x000001b1fee09dd0 JavaThread "Daemon worker"                     [_thread_in_vm, id=3760, stack(0x0000007f55600000,0x0000007f55700000) (1024K)]
  0x000001b1ff5aa1f0 JavaThread "Asynchronous log dispatcher for DefaultDaemonConnection: socket connection from /127.0.0.1:49838 to /127.0.0.1:49849"        [_thread_blocked, id=10956, stack(0x0000007f55700000,0x0000007f55800000) (1024K)]
  0x000001b1ff5aa880 JavaThread "Stdin handler"                     [_thread_blocked, id=14048, stack(0x0000007f55800000,0x0000007f55900000) (1024K)]
  0x000001b1ff5aaf10 JavaThread "Daemon client event forwarder"        [_thread_blocked, id=17900, stack(0x0000007f55900000,0x0000007f55a00000) (1024K)]
  0x000001b1ff5ab5a0 JavaThread "Cache worker for journal cache (C:\Users\ksj04\.gradle\caches\journal-1)"        [_thread_blocked, id=14096, stack(0x0000007f55a00000,0x0000007f55b00000) (1024K)]
  0x000001b1ff5ac950 JavaThread "File lock request listener"        [_thread_in_native, id=18188, stack(0x0000007f55b00000,0x0000007f55c00000) (1024K)]
  0x000001b1ff5ac2c0 JavaThread "File lock release action executor"        [_thread_blocked, id=21128, stack(0x0000007f55c00000,0x0000007f55d00000) (1024K)]
  0x000001b1ff5a94d0 JavaThread "Cache worker for file hash cache (C:\Users\ksj04\.gradle\caches\9.2.1\fileHashes)"        [_thread_blocked, id=11552, stack(0x0000007f55d00000,0x0000007f55e00000) (1024K)]
  0x000001b1ff5a9b60 JavaThread "Daemon Thread 2"                   [_thread_blocked, id=2904, stack(0x0000007f55e00000,0x0000007f55f00000) (1024K)]
Total: 26

Other Threads:
  0x000001b1e8776060 VMThread "VM Thread"                           [id=13908, stack(0x0000007f54000000,0x0000007f54100000) (1024K)]
  0x000001b1e8766db0 WatcherThread "VM Periodic Task Thread"        [id=9348, stack(0x0000007f53f00000,0x0000007f54000000) (1024K)]
  0x000001b1cd8fb7b0 WorkerThread "GC Thread#0"                     [id=19496, stack(0x0000007f53a00000,0x0000007f53b00000) (1024K)]
  0x000001b1e88b92a0 WorkerThread "GC Thread#1"                     [id=20748, stack(0x0000007f54c00000,0x0000007f54d00000) (1024K)]
  0x000001b1e8ad22f0 WorkerThread "GC Thread#2"                     [id=9164, stack(0x0000007f54d00000,0x0000007f54e00000) (1024K)]
  0x000001b1e8ad2690 WorkerThread "GC Thread#3"                     [id=9544, stack(0x0000007f54e00000,0x0000007f54f00000) (1024K)]
  0x000001b1e8ad2a30 WorkerThread "GC Thread#4"                     [id=11324, stack(0x0000007f54f00000,0x0000007f55000000) (1024K)]
  0x000001b1e8972ea0 WorkerThread "GC Thread#5"                     [id=3872, stack(0x0000007f55000000,0x0000007f55100000) (1024K)]
  0x000001b1cd901520 ConcurrentGCThread "G1 Main Marker"            [id=4336, stack(0x0000007f53b00000,0x0000007f53c00000) (1024K)]
  0x000001b1cd902ee0 WorkerThread "G1 Conc#0"                       [id=5888, stack(0x0000007f53c00000,0x0000007f53d00000) (1024K)]
  0x000001b1cd98eb60 ConcurrentGCThread "G1 Refine#0"               [id=7100, stack(0x0000007f53d00000,0x0000007f53e00000) (1024K)]
  0x000001b1e86366c0 ConcurrentGCThread "G1 Service"                [id=18316, stack(0x0000007f53e00000,0x0000007f53f00000) (1024K)]
Total: 12

Threads with active compile tasks:
C2 CompilerThread0  130690 3015   !   4       java.net.URLClassLoader::findClass (47 bytes)
C1 CompilerThread0  130690 3017       3       java.lang.reflect.Constructor::<init> (50 bytes)
Total: 2

VM state: not at safepoint (normal execution)

VM Mutex/Monitor currently owned by a thread: None

Heap address: 0x00000000e0000000, size: 512 MB, Compressed Oops mode: 32-bit

CDS archive(s) mapped at: [0x000001b1e9000000-0x000001b1e9c80000-0x000001b1e9c80000), size 13107200, SharedBaseAddress: 0x000001b1e9000000, ArchiveRelocationMode: 1.
Compressed class space mapped at: 0x000001b1ea000000-0x000001b1fe000000, reserved size: 335544320
Narrow klass base: 0x000001b1e9000000, Narrow klass shift: 0, Narrow klass range: 0x100000000

GC Precious Log:
 CardTable entry size: 512
 Card Set container configuration: InlinePtr #cards 5 size 8 Array Of Cards #cards 12 size 40 Howl #buckets 4 coarsen threshold 1843 Howl Bitmap #cards 512 size 80 coarsen threshold 460 Card regions per heap region 1 cards per card region 2048
 CPUs: 8 total, 8 available
 Memory: 7973M
 Large Page Support: Disabled
 NUMA Support: Disabled
 Compressed Oops: Enabled (32-bit)
 Heap Region Size: 1M
 Heap Min Capacity: 256M
 Heap Initial Capacity: 256M
 Heap Max Capacity: 512M
 Pre-touch: Disabled
 Parallel Workers: 8
 Concurrent Workers: 2
 Concurrent Refinement Workers: 8
 Periodic GC: Disabled

Heap:
 garbage-first heap   total 262144K, used 140634K [0x00000000e0000000, 0x0000000100000000)
  region size 1024K, 129 young (132096K), 5 survivors (5120K)
 Metaspace       used 19932K, committed 20416K, reserved 393216K
  class space    used 2659K, committed 2880K, reserved 327680K

Heap Regions: E=young(eden), S=young(survivor), O=old, HS=humongous(starts), HC=humongous(continues), CS=collection set, F=free, TAMS=top-at-mark-start, PB=parsable bottom
|   0|0x00000000e0000000, 0x00000000e0100000, 0x00000000e0100000|100%|HS|  |TAMS 0x00000000e0000000| PB 0x00000000e0000000| Complete 
|   1|0x00000000e0100000, 0x00000000e0200000, 0x00000000e0200000|100%|HC|  |TAMS 0x00000000e0100000| PB 0x00000000e0100000| Complete 
|   2|0x00000000e0200000, 0x00000000e0300000, 0x00000000e0300000|100%|HC|  |TAMS 0x00000000e0200000| PB 0x00000000e0200000| Complete 
|   3|0x00000000e0300000, 0x00000000e0400000, 0x00000000e0400000|100%|HC|  |TAMS 0x00000000e0300000| PB 0x00000000e0300000| Complete 
|   4|0x00000000e0400000, 0x00000000e0500000, 0x00000000e0500000|100%| O|  |TAMS 0x00000000e0400000| PB 0x00000000e0400000| Untracked 
|   5|0x00000000e0500000, 0x00000000e0600000, 0x00000000e0600000|100%| O|  |TAMS 0x00000000e0500000| PB 0x00000000e0500000| Untracked 
|   6|0x00000000e0600000, 0x00000000e0656ac0, 0x00000000e0700000| 33%| O|  |TAMS 0x00000000e0600000| PB 0x00000000e0600000| Untracked 
|   7|0x00000000e0700000, 0x00000000e0800000, 0x00000000e0800000|100%|HS|  |TAMS 0x00000000e0700000| PB 0x00000000e0700000| Complete 
|   8|0x00000000e0800000, 0x00000000e0900000, 0x00000000e0900000|100%|HS|  |TAMS 0x00000000e0800000| PB 0x00000000e0800000| Complete 
|   9|0x00000000e0900000, 0x00000000e0a00000, 0x00000000e0a00000|100%|HS|  |TAMS 0x00000000e0900000| PB 0x00000000e0900000| Complete 
|  10|0x00000000e0a00000, 0x00000000e0b00000, 0x00000000e0b00000|100%|HS|  |TAMS 0x00000000e0a00000| PB 0x00000000e0a00000| Complete 
|  11|0x00000000e0b00000, 0x00000000e0b00000, 0x00000000e0c00000|  0%| F|  |TAMS 0x00000000e0b00000| PB 0x00000000e0b00000| Untracked 
|  12|0x00000000e0c00000, 0x00000000e0c00000, 0x00000000e0d00000|  0%| F|  |TAMS 0x00000000e0c00000| PB 0x00000000e0c00000| Untracked 
|  13|0x00000000e0d00000, 0x00000000e0d00000, 0x00000000e0e00000|  0%| F|  |TAMS 0x00000000e0d00000| PB 0x00000000e0d00000| Untracked 
|  14|0x00000000e0e00000, 0x00000000e0e00000, 0x00000000e0f00000|  0%| F|  |TAMS 0x00000000e0e00000| PB 0x00000000e0e00000| Untracked 
|  15|0x00000000e0f00000, 0x00000000e0f00000, 0x00000000e1000000|  0%| F|  |TAMS 0x00000000e0f00000| PB 0x00000000e0f00000| Untracked 
|  16|0x00000000e1000000, 0x00000000e1000000, 0x00000000e1100000|  0%| F|  |TAMS 0x00000000e1000000| PB 0x00000000e1000000| Untracked 
|  17|0x00000000e1100000, 0x00000000e1100000, 0x00000000e1200000|  0%| F|  |TAMS 0x00000000e1100000| PB 0x00000000e1100000| Untracked 
|  18|0x00000000e1200000, 0x00000000e1200000, 0x00000000e1300000|  0%| F|  |TAMS 0x00000000e1200000| PB 0x00000000e1200000| Untracked 
|  19|0x00000000e1300000, 0x00000000e1300000, 0x00000000e1400000|  0%| F|  |TAMS 0x00000000e1300000| PB 0x00000000e1300000| Untracked 
|  20|0x00000000e1400000, 0x00000000e1400000, 0x00000000e1500000|  0%| F|  |TAMS 0x00000000e1400000| PB 0x00000000e1400000| Untracked 
|  21|0x00000000e1500000, 0x00000000e1500000, 0x00000000e1600000|  0%| F|  |TAMS 0x00000000e1500000| PB 0x00000000e1500000| Untracked 
|  22|0x00000000e1600000, 0x00000000e1600000, 0x00000000e1700000|  0%| F|  |TAMS 0x00000000e1600000| PB 0x00000000e1600000| Untracked 
|  23|0x00000000e1700000, 0x00000000e1700000, 0x00000000e1800000|  0%| F|  |TAMS 0x00000000e1700000| PB 0x00000000e1700000| Untracked 
|  24|0x00000000e1800000, 0x00000000e1800000, 0x00000000e1900000|  0%| F|  |TAMS 0x00000000e1800000| PB 0x00000000e1800000| Untracked 
|  25|0x00000000e1900000, 0x00000000e1900000, 0x00000000e1a00000|  0%| F|  |TAMS 0x00000000e1900000| PB 0x00000000e1900000| Untracked 
|  26|0x00000000e1a00000, 0x00000000e1a00000, 0x00000000e1b00000|  0%| F|  |TAMS 0x00000000e1a00000| PB 0x00000000e1a00000| Untracked 
|  27|0x00000000e1b00000, 0x00000000e1b00000, 0x00000000e1c00000|  0%| F|  |TAMS 0x00000000e1b00000| PB 0x00000000e1b00000| Untracked 
|  28|0x00000000e1c00000, 0x00000000e1c00000, 0x00000000e1d00000|  0%| F|  |TAMS 0x00000000e1c00000| PB 0x00000000e1c00000| Untracked 
|  29|0x00000000e1d00000, 0x00000000e1d00000, 0x00000000e1e00000|  0%| F|  |TAMS 0x00000000e1d00000| PB 0x00000000e1d00000| Untracked 
|  30|0x00000000e1e00000, 0x00000000e1e00000, 0x00000000e1f00000|  0%| F|  |TAMS 0x00000000e1e00000| PB 0x00000000e1e00000| Untracked 
|  31|0x00000000e1f00000, 0x00000000e1f00000, 0x00000000e2000000|  0%| F|  |TAMS 0x00000000e1f00000| PB 0x00000000e1f00000| Untracked 
|  32|0x00000000e2000000, 0x00000000e2000000, 0x00000000e2100000|  0%| F|  |TAMS 0x00000000e2000000| PB 0x00000000e2000000| Untracked 
|  33|0x00000000e2100000, 0x00000000e2100000, 0x00000000e2200000|  0%| F|  |TAMS 0x00000000e2100000| PB 0x00000000e2100000| Untracked 
|  34|0x00000000e2200000, 0x00000000e2200000, 0x00000000e2300000|  0%| F|  |TAMS 0x00000000e2200000| PB 0x00000000e2200000| Untracked 
|  35|0x00000000e2300000, 0x00000000e2300000, 0x00000000e2400000|  0%| F|  |TAMS 0x00000000e2300000| PB 0x00000000e2300000| Untracked 
|  36|0x00000000e2400000, 0x00000000e2400000, 0x00000000e2500000|  0%| F|  |TAMS 0x00000000e2400000| PB 0x00000000e2400000| Untracked 
|  37|0x00000000e2500000, 0x00000000e2500000, 0x00000000e2600000|  0%| F|  |TAMS 0x00000000e2500000| PB 0x00000000e2500000| Untracked 
|  38|0x00000000e2600000, 0x00000000e2600000, 0x00000000e2700000|  0%| F|  |TAMS 0x00000000e2600000| PB 0x00000000e2600000| Untracked 
|  39|0x00000000e2700000, 0x00000000e2700000, 0x00000000e2800000|  0%| F|  |TAMS 0x00000000e2700000| PB 0x00000000e2700000| Untracked 
|  40|0x00000000e2800000, 0x00000000e2800000, 0x00000000e2900000|  0%| F|  |TAMS 0x00000000e2800000| PB 0x00000000e2800000| Untracked 
|  41|0x00000000e2900000, 0x00000000e2900000, 0x00000000e2a00000|  0%| F|  |TAMS 0x00000000e2900000| PB 0x00000000e2900000| Untracked 
|  42|0x00000000e2a00000, 0x00000000e2a00000, 0x00000000e2b00000|  0%| F|  |TAMS 0x00000000e2a00000| PB 0x00000000e2a00000| Untracked 
|  43|0x00000000e2b00000, 0x00000000e2b00000, 0x00000000e2c00000|  0%| F|  |TAMS 0x00000000e2b00000| PB 0x00000000e2b00000| Untracked 
|  44|0x00000000e2c00000, 0x00000000e2c00000, 0x00000000e2d00000|  0%| F|  |TAMS 0x00000000e2c00000| PB 0x00000000e2c00000| Untracked 
|  45|0x00000000e2d00000, 0x00000000e2d00000, 0x00000000e2e00000|  0%| F|  |TAMS 0x00000000e2d00000| PB 0x00000000e2d00000| Untracked 
|  46|0x00000000e2e00000, 0x00000000e2e00000, 0x00000000e2f00000|  0%| F|  |TAMS 0x00000000e2e00000| PB 0x00000000e2e00000| Untracked 
|  47|0x00000000e2f00000, 0x00000000e2f00000, 0x00000000e3000000|  0%| F|  |TAMS 0x00000000e2f00000| PB 0x00000000e2f00000| Untracked 
|  48|0x00000000e3000000, 0x00000000e3000000, 0x00000000e3100000|  0%| F|  |TAMS 0x00000000e3000000| PB 0x00000000e3000000| Untracked 
|  49|0x00000000e3100000, 0x00000000e3100000, 0x00000000e3200000|  0%| F|  |TAMS 0x00000000e3100000| PB 0x00000000e3100000| Untracked 
|  50|0x00000000e3200000, 0x00000000e3200000, 0x00000000e3300000|  0%| F|  |TAMS 0x00000000e3200000| PB 0x00000000e3200000| Untracked 
|  51|0x00000000e3300000, 0x00000000e3300000, 0x00000000e3400000|  0%| F|  |TAMS 0x00000000e3300000| PB 0x00000000e3300000| Untracked 
|  52|0x00000000e3400000, 0x00000000e3400000, 0x00000000e3500000|  0%| F|  |TAMS 0x00000000e3400000| PB 0x00000000e3400000| Untracked 
|  53|0x00000000e3500000, 0x00000000e3500000, 0x00000000e3600000|  0%| F|  |TAMS 0x00000000e3500000| PB 0x00000000e3500000| Untracked 
|  54|0x00000000e3600000, 0x00000000e3600000, 0x00000000e3700000|  0%| F|  |TAMS 0x00000000e3600000| PB 0x00000000e3600000| Untracked 
|  55|0x00000000e3700000, 0x00000000e3700000, 0x00000000e3800000|  0%| F|  |TAMS 0x00000000e3700000| PB 0x00000000e3700000| Untracked 
|  56|0x00000000e3800000, 0x00000000e3800000, 0x00000000e3900000|  0%| F|  |TAMS 0x00000000e3800000| PB 0x00000000e3800000| Untracked 
|  57|0x00000000e3900000, 0x00000000e3900000, 0x00000000e3a00000|  0%| F|  |TAMS 0x00000000e3900000| PB 0x00000000e3900000| Untracked 
|  58|0x00000000e3a00000, 0x00000000e3a00000, 0x00000000e3b00000|  0%| F|  |TAMS 0x00000000e3a00000| PB 0x00000000e3a00000| Untracked 
|  59|0x00000000e3b00000, 0x00000000e3b00000, 0x00000000e3c00000|  0%| F|  |TAMS 0x00000000e3b00000| PB 0x00000000e3b00000| Untracked 
|  60|0x00000000e3c00000, 0x00000000e3c00000, 0x00000000e3d00000|  0%| F|  |TAMS 0x00000000e3c00000| PB 0x00000000e3c00000| Untracked 
|  61|0x00000000e3d00000, 0x00000000e3d00000, 0x00000000e3e00000|  0%| F|  |TAMS 0x00000000e3d00000| PB 0x00000000e3d00000| Untracked 
|  62|0x00000000e3e00000, 0x00000000e3e00000, 0x00000000e3f00000|  0%| F|  |TAMS 0x00000000e3e00000| PB 0x00000000e3e00000| Untracked 
|  63|0x00000000e3f00000, 0x00000000e3f00000, 0x00000000e4000000|  0%| F|  |TAMS 0x00000000e3f00000| PB 0x00000000e3f00000| Untracked 
|  64|0x00000000e4000000, 0x00000000e4000000, 0x00000000e4100000|  0%| F|  |TAMS 0x00000000e4000000| PB 0x00000000e4000000| Untracked 
|  65|0x00000000e4100000, 0x00000000e4100000, 0x00000000e4200000|  0%| F|  |TAMS 0x00000000e4100000| PB 0x00000000e4100000| Untracked 
|  66|0x00000000e4200000, 0x00000000e4200000, 0x00000000e4300000|  0%| F|  |TAMS 0x00000000e4200000| PB 0x00000000e4200000| Untracked 
|  67|0x00000000e4300000, 0x00000000e4300000, 0x00000000e4400000|  0%| F|  |TAMS 0x00000000e4300000| PB 0x00000000e4300000| Untracked 
|  68|0x00000000e4400000, 0x00000000e4400000, 0x00000000e4500000|  0%| F|  |TAMS 0x00000000e4400000| PB 0x00000000e4400000| Untracked 
|  69|0x00000000e4500000, 0x00000000e4500000, 0x00000000e4600000|  0%| F|  |TAMS 0x00000000e4500000| PB 0x00000000e4500000| Untracked 
|  70|0x00000000e4600000, 0x00000000e4600000, 0x00000000e4700000|  0%| F|  |TAMS 0x00000000e4600000| PB 0x00000000e4600000| Untracked 
|  71|0x00000000e4700000, 0x00000000e4700000, 0x00000000e4800000|  0%| F|  |TAMS 0x00000000e4700000| PB 0x00000000e4700000| Untracked 
|  72|0x00000000e4800000, 0x00000000e4800000, 0x00000000e4900000|  0%| F|  |TAMS 0x00000000e4800000| PB 0x00000000e4800000| Untracked 
|  73|0x00000000e4900000, 0x00000000e4900000, 0x00000000e4a00000|  0%| F|  |TAMS 0x00000000e4900000| PB 0x00000000e4900000| Untracked 
|  74|0x00000000e4a00000, 0x00000000e4a00000, 0x00000000e4b00000|  0%| F|  |TAMS 0x00000000e4a00000| PB 0x00000000e4a00000| Untracked 
|  75|0x00000000e4b00000, 0x00000000e4b00000, 0x00000000e4c00000|  0%| F|  |TAMS 0x00000000e4b00000| PB 0x00000000e4b00000| Untracked 
|  76|0x00000000e4c00000, 0x00000000e4c00000, 0x00000000e4d00000|  0%| F|  |TAMS 0x00000000e4c00000| PB 0x00000000e4c00000| Untracked 
|  77|0x00000000e4d00000, 0x00000000e4d00000, 0x00000000e4e00000|  0%| F|  |TAMS 0x00000000e4d00000| PB 0x00000000e4d00000| Untracked 
|  78|0x00000000e4e00000, 0x00000000e4e00000, 0x00000000e4f00000|  0%| F|  |TAMS 0x00000000e4e00000| PB 0x00000000e4e00000| Untracked 
|  79|0x00000000e4f00000, 0x00000000e4f00000, 0x00000000e5000000|  0%| F|  |TAMS 0x00000000e4f00000| PB 0x00000000e4f00000| Untracked 
|  80|0x00000000e5000000, 0x00000000e5000000, 0x00000000e5100000|  0%| F|  |TAMS 0x00000000e5000000| PB 0x00000000e5000000| Untracked 
|  81|0x00000000e5100000, 0x00000000e5100000, 0x00000000e5200000|  0%| F|  |TAMS 0x00000000e5100000| PB 0x00000000e5100000| Untracked 
|  82|0x00000000e5200000, 0x00000000e5200000, 0x00000000e5300000|  0%| F|  |TAMS 0x00000000e5200000| PB 0x00000000e5200000| Untracked 
|  83|0x00000000e5300000, 0x00000000e5300000, 0x00000000e5400000|  0%| F|  |TAMS 0x00000000e5300000| PB 0x00000000e5300000| Untracked 
|  84|0x00000000e5400000, 0x00000000e5400000, 0x00000000e5500000|  0%| F|  |TAMS 0x00000000e5400000| PB 0x00000000e5400000| Untracked 
|  85|0x00000000e5500000, 0x00000000e5500000, 0x00000000e5600000|  0%| F|  |TAMS 0x00000000e5500000| PB 0x00000000e5500000| Untracked 
|  86|0x00000000e5600000, 0x00000000e5600000, 0x00000000e5700000|  0%| F|  |TAMS 0x00000000e5600000| PB 0x00000000e5600000| Untracked 
|  87|0x00000000e5700000, 0x00000000e5700000, 0x00000000e5800000|  0%| F|  |TAMS 0x00000000e5700000| PB 0x00000000e5700000| Untracked 
|  88|0x00000000e5800000, 0x00000000e5800000, 0x00000000e5900000|  0%| F|  |TAMS 0x00000000e5800000| PB 0x00000000e5800000| Untracked 
|  89|0x00000000e5900000, 0x00000000e5900000, 0x00000000e5a00000|  0%| F|  |TAMS 0x00000000e5900000| PB 0x00000000e5900000| Untracked 
|  90|0x00000000e5a00000, 0x00000000e5a00000, 0x00000000e5b00000|  0%| F|  |TAMS 0x00000000e5a00000| PB 0x00000000e5a00000| Untracked 
|  91|0x00000000e5b00000, 0x00000000e5b00000, 0x00000000e5c00000|  0%| F|  |TAMS 0x00000000e5b00000| PB 0x00000000e5b00000| Untracked 
|  92|0x00000000e5c00000, 0x00000000e5c00000, 0x00000000e5d00000|  0%| F|  |TAMS 0x00000000e5c00000| PB 0x00000000e5c00000| Untracked 
|  93|0x00000000e5d00000, 0x00000000e5d00000, 0x00000000e5e00000|  0%| F|  |TAMS 0x00000000e5d00000| PB 0x00000000e5d00000| Untracked 
|  94|0x00000000e5e00000, 0x00000000e5e00000, 0x00000000e5f00000|  0%| F|  |TAMS 0x00000000e5e00000| PB 0x00000000e5e00000| Untracked 
|  95|0x00000000e5f00000, 0x00000000e5f00000, 0x00000000e6000000|  0%| F|  |TAMS 0x00000000e5f00000| PB 0x00000000e5f00000| Untracked 
|  96|0x00000000e6000000, 0x00000000e6000000, 0x00000000e6100000|  0%| F|  |TAMS 0x00000000e6000000| PB 0x00000000e6000000| Untracked 
|  97|0x00000000e6100000, 0x00000000e6100000, 0x00000000e6200000|  0%| F|  |TAMS 0x00000000e6100000| PB 0x00000000e6100000| Untracked 
|  98|0x00000000e6200000, 0x00000000e6200000, 0x00000000e6300000|  0%| F|  |TAMS 0x00000000e6200000| PB 0x00000000e6200000| Untracked 
|  99|0x00000000e6300000, 0x00000000e6300000, 0x00000000e6400000|  0%| F|  |TAMS 0x00000000e6300000| PB 0x00000000e6300000| Untracked 
| 100|0x00000000e6400000, 0x00000000e6400000, 0x00000000e6500000|  0%| F|  |TAMS 0x00000000e6400000| PB 0x00000000e6400000| Untracked 
| 101|0x00000000e6500000, 0x00000000e6500000, 0x00000000e6600000|  0%| F|  |TAMS 0x00000000e6500000| PB 0x00000000e6500000| Untracked 
| 102|0x00000000e6600000, 0x00000000e6600000, 0x00000000e6700000|  0%| F|  |TAMS 0x00000000e6600000| PB 0x00000000e6600000| Untracked 
| 103|0x00000000e6700000, 0x00000000e6700000, 0x00000000e6800000|  0%| F|  |TAMS 0x00000000e6700000| PB 0x00000000e6700000| Untracked 
| 104|0x00000000e6800000, 0x00000000e6800000, 0x00000000e6900000|  0%| F|  |TAMS 0x00000000e6800000| PB 0x00000000e6800000| Untracked 
| 105|0x00000000e6900000, 0x00000000e6900000, 0x00000000e6a00000|  0%| F|  |TAMS 0x00000000e6900000| PB 0x00000000e6900000| Untracked 
| 106|0x00000000e6a00000, 0x00000000e6a00000, 0x00000000e6b00000|  0%| F|  |TAMS 0x00000000e6a00000| PB 0x00000000e6a00000| Untracked 
| 107|0x00000000e6b00000, 0x00000000e6b00000, 0x00000000e6c00000|  0%| F|  |TAMS 0x00000000e6b00000| PB 0x00000000e6b00000| Untracked 
| 108|0x00000000e6c00000, 0x00000000e6c00000, 0x00000000e6d00000|  0%| F|  |TAMS 0x00000000e6c00000| PB 0x00000000e6c00000| Untracked 
| 109|0x00000000e6d00000, 0x00000000e6d00000, 0x00000000e6e00000|  0%| F|  |TAMS 0x00000000e6d00000| PB 0x00000000e6d00000| Untracked 
| 110|0x00000000e6e00000, 0x00000000e6e00000, 0x00000000e6f00000|  0%| F|  |TAMS 0x00000000e6e00000| PB 0x00000000e6e00000| Untracked 
| 111|0x00000000e6f00000, 0x00000000e6f00000, 0x00000000e7000000|  0%| F|  |TAMS 0x00000000e6f00000| PB 0x00000000e6f00000| Untracked 
| 112|0x00000000e7000000, 0x00000000e7000000, 0x00000000e7100000|  0%| F|  |TAMS 0x00000000e7000000| PB 0x00000000e7000000| Untracked 
| 113|0x00000000e7100000, 0x00000000e7100000, 0x00000000e7200000|  0%| F|  |TAMS 0x00000000e7100000| PB 0x00000000e7100000| Untracked 
| 114|0x00000000e7200000, 0x00000000e7200000, 0x00000000e7300000|  0%| F|  |TAMS 0x00000000e7200000| PB 0x00000000e7200000| Untracked 
| 115|0x00000000e7300000, 0x00000000e7300000, 0x00000000e7400000|  0%| F|  |TAMS 0x00000000e7300000| PB 0x00000000e7300000| Untracked 
| 116|0x00000000e7400000, 0x00000000e7400000, 0x00000000e7500000|  0%| F|  |TAMS 0x00000000e7400000| PB 0x00000000e7400000| Untracked 
| 117|0x00000000e7500000, 0x00000000e7500000, 0x00000000e7600000|  0%| F|  |TAMS 0x00000000e7500000| PB 0x00000000e7500000| Untracked 
| 118|0x00000000e7600000, 0x00000000e7600000, 0x00000000e7700000|  0%| F|  |TAMS 0x00000000e7600000| PB 0x00000000e7600000| Untracked 
| 119|0x00000000e7700000, 0x00000000e7700000, 0x00000000e7800000|  0%| F|  |TAMS 0x00000000e7700000| PB 0x00000000e7700000| Untracked 
| 120|0x00000000e7800000, 0x00000000e7800000, 0x00000000e7900000|  0%| F|  |TAMS 0x00000000e7800000| PB 0x00000000e7800000| Untracked 
| 121|0x00000000e7900000, 0x00000000e7900000, 0x00000000e7a00000|  0%| F|  |TAMS 0x00000000e7900000| PB 0x00000000e7900000| Untracked 
| 122|0x00000000e7a00000, 0x00000000e7a00000, 0x00000000e7b00000|  0%| F|  |TAMS 0x00000000e7a00000| PB 0x00000000e7a00000| Untracked 
| 123|0x00000000e7b00000, 0x00000000e7b00000, 0x00000000e7c00000|  0%| F|  |TAMS 0x00000000e7b00000| PB 0x00000000e7b00000| Untracked 
| 124|0x00000000e7c00000, 0x00000000e7c00000, 0x00000000e7d00000|  0%| F|  |TAMS 0x00000000e7c00000| PB 0x00000000e7c00000| Untracked 
| 125|0x00000000e7d00000, 0x00000000e7d00000, 0x00000000e7e00000|  0%| F|  |TAMS 0x00000000e7d00000| PB 0x00000000e7d00000| Untracked 
| 126|0x00000000e7e00000, 0x00000000e7e00000, 0x00000000e7f00000|  0%| F|  |TAMS 0x00000000e7e00000| PB 0x00000000e7e00000| Untracked 
| 127|0x00000000e7f00000, 0x00000000e7f80000, 0x00000000e8000000| 50%| E|  |TAMS 0x00000000e7f00000| PB 0x00000000e7f00000| Complete 
| 128|0x00000000e8000000, 0x00000000e8100000, 0x00000000e8100000|100%| E|CS|TAMS 0x00000000e8000000| PB 0x00000000e8000000| Complete 
| 129|0x00000000e8100000, 0x00000000e8200000, 0x00000000e8200000|100%| E|CS|TAMS 0x00000000e8100000| PB 0x00000000e8100000| Complete 
| 130|0x00000000e8200000, 0x00000000e8300000, 0x00000000e8300000|100%| E|CS|TAMS 0x00000000e8200000| PB 0x00000000e8200000| Complete 
| 131|0x00000000e8300000, 0x00000000e8400000, 0x00000000e8400000|100%| E|CS|TAMS 0x00000000e8300000| PB 0x00000000e8300000| Complete 
| 132|0x00000000e8400000, 0x00000000e8500000, 0x00000000e8500000|100%| E|CS|TAMS 0x00000000e8400000| PB 0x00000000e8400000| Complete 
| 133|0x00000000e8500000, 0x00000000e8600000, 0x00000000e8600000|100%| E|  |TAMS 0x00000000e8500000| PB 0x00000000e8500000| Complete 
| 134|0x00000000e8600000, 0x00000000e8700000, 0x00000000e8700000|100%| E|CS|TAMS 0x00000000e8600000| PB 0x00000000e8600000| Complete 
| 135|0x00000000e8700000, 0x00000000e8800000, 0x00000000e8800000|100%| E|CS|TAMS 0x00000000e8700000| PB 0x00000000e8700000| Complete 
| 136|0x00000000e8800000, 0x00000000e8900000, 0x00000000e8900000|100%| E|CS|TAMS 0x00000000e8800000| PB 0x00000000e8800000| Complete 
| 137|0x00000000e8900000, 0x00000000e8a00000, 0x00000000e8a00000|100%| E|CS|TAMS 0x00000000e8900000| PB 0x00000000e8900000| Complete 
| 138|0x00000000e8a00000, 0x00000000e8b00000, 0x00000000e8b00000|100%| E|CS|TAMS 0x00000000e8a00000| PB 0x00000000e8a00000| Complete 
| 139|0x00000000e8b00000, 0x00000000e8c00000, 0x00000000e8c00000|100%| E|CS|TAMS 0x00000000e8b00000| PB 0x00000000e8b00000| Complete 
| 140|0x00000000e8c00000, 0x00000000e8d00000, 0x00000000e8d00000|100%| E|CS|TAMS 0x00000000e8c00000| PB 0x00000000e8c00000| Complete 
| 141|0x00000000e8d00000, 0x00000000e8e00000, 0x00000000e8e00000|100%| E|CS|TAMS 0x00000000e8d00000| PB 0x00000000e8d00000| Complete 
| 142|0x00000000e8e00000, 0x00000000e8f00000, 0x00000000e8f00000|100%| E|CS|TAMS 0x00000000e8e00000| PB 0x00000000e8e00000| Complete 
| 143|0x00000000e8f00000, 0x00000000e9000000, 0x00000000e9000000|100%| E|CS|TAMS 0x00000000e8f00000| PB 0x00000000e8f00000| Complete 
| 144|0x00000000e9000000, 0x00000000e9100000, 0x00000000e9100000|100%| E|CS|TAMS 0x00000000e9000000| PB 0x00000000e9000000| Complete 
| 145|0x00000000e9100000, 0x00000000e9200000, 0x00000000e9200000|100%| E|CS|TAMS 0x00000000e9100000| PB 0x00000000e9100000| Complete 
| 146|0x00000000e9200000, 0x00000000e9300000, 0x00000000e9300000|100%| E|CS|TAMS 0x00000000e9200000| PB 0x00000000e9200000| Complete 
| 147|0x00000000e9300000, 0x00000000e9400000, 0x00000000e9400000|100%| E|CS|TAMS 0x00000000e9300000| PB 0x00000000e9300000| Complete 
| 148|0x00000000e9400000, 0x00000000e9500000, 0x00000000e9500000|100%| E|CS|TAMS 0x00000000e9400000| PB 0x00000000e9400000| Complete 
| 149|0x00000000e9500000, 0x00000000e9600000, 0x00000000e9600000|100%| E|CS|TAMS 0x00000000e9500000| PB 0x00000000e9500000| Complete 
| 150|0x00000000e9600000, 0x00000000e9700000, 0x00000000e9700000|100%| E|CS|TAMS 0x00000000e9600000| PB 0x00000000e9600000| Complete 
| 151|0x00000000e9700000, 0x00000000e9800000, 0x00000000e9800000|100%| E|CS|TAMS 0x00000000e9700000| PB 0x00000000e9700000| Complete 
| 152|0x00000000e9800000, 0x00000000e9900000, 0x00000000e9900000|100%| E|CS|TAMS 0x00000000e9800000| PB 0x00000000e9800000| Complete 
| 153|0x00000000e9900000, 0x00000000e9a00000, 0x00000000e9a00000|100%| E|CS|TAMS 0x00000000e9900000| PB 0x00000000e9900000| Complete 
| 154|0x00000000e9a00000, 0x00000000e9b00000, 0x00000000e9b00000|100%| E|CS|TAMS 0x00000000e9a00000| PB 0x00000000e9a00000| Complete 
| 155|0x00000000e9b00000, 0x00000000e9c00000, 0x00000000e9c00000|100%| E|CS|TAMS 0x00000000e9b00000| PB 0x00000000e9b00000| Complete 
| 156|0x00000000e9c00000, 0x00000000e9d00000, 0x00000000e9d00000|100%| E|CS|TAMS 0x00000000e9c00000| PB 0x00000000e9c00000| Complete 
| 157|0x00000000e9d00000, 0x00000000e9e00000, 0x00000000e9e00000|100%| E|CS|TAMS 0x00000000e9d00000| PB 0x00000000e9d00000| Complete 
| 158|0x00000000e9e00000, 0x00000000e9f00000, 0x00000000e9f00000|100%| E|CS|TAMS 0x00000000e9e00000| PB 0x00000000e9e00000| Complete 
| 159|0x00000000e9f00000, 0x00000000ea000000, 0x00000000ea000000|100%| E|CS|TAMS 0x00000000e9f00000| PB 0x00000000e9f00000| Complete 
| 160|0x00000000ea000000, 0x00000000ea100000, 0x00000000ea100000|100%| E|CS|TAMS 0x00000000ea000000| PB 0x00000000ea000000| Complete 
| 161|0x00000000ea100000, 0x00000000ea200000, 0x00000000ea200000|100%| E|CS|TAMS 0x00000000ea100000| PB 0x00000000ea100000| Complete 
| 162|0x00000000ea200000, 0x00000000ea300000, 0x00000000ea300000|100%| E|CS|TAMS 0x00000000ea200000| PB 0x00000000ea200000| Complete 
| 163|0x00000000ea300000, 0x00000000ea400000, 0x00000000ea400000|100%| E|CS|TAMS 0x00000000ea300000| PB 0x00000000ea300000| Complete 
| 164|0x00000000ea400000, 0x00000000ea500000, 0x00000000ea500000|100%| E|CS|TAMS 0x00000000ea400000| PB 0x00000000ea400000| Complete 
| 165|0x00000000ea500000, 0x00000000ea600000, 0x00000000ea600000|100%| E|CS|TAMS 0x00000000ea500000| PB 0x00000000ea500000| Complete 
| 166|0x00000000ea600000, 0x00000000ea700000, 0x00000000ea700000|100%| E|CS|TAMS 0x00000000ea600000| PB 0x00000000ea600000| Complete 
| 167|0x00000000ea700000, 0x00000000ea800000, 0x00000000ea800000|100%| E|CS|TAMS 0x00000000ea700000| PB 0x00000000ea700000| Complete 
| 168|0x00000000ea800000, 0x00000000ea900000, 0x00000000ea900000|100%| E|CS|TAMS 0x00000000ea800000| PB 0x00000000ea800000| Complete 
| 169|0x00000000ea900000, 0x00000000eaa00000, 0x00000000eaa00000|100%| E|CS|TAMS 0x00000000ea900000| PB 0x00000000ea900000| Complete 
| 170|0x00000000eaa00000, 0x00000000eab00000, 0x00000000eab00000|100%| E|CS|TAMS 0x00000000eaa00000| PB 0x00000000eaa00000| Complete 
| 171|0x00000000eab00000, 0x00000000eac00000, 0x00000000eac00000|100%| E|CS|TAMS 0x00000000eab00000| PB 0x00000000eab00000| Complete 
| 172|0x00000000eac00000, 0x00000000ead00000, 0x00000000ead00000|100%| E|CS|TAMS 0x00000000eac00000| PB 0x00000000eac00000| Complete 
| 173|0x00000000ead00000, 0x00000000eae00000, 0x00000000eae00000|100%| E|CS|TAMS 0x00000000ead00000| PB 0x00000000ead00000| Complete 
| 174|0x00000000eae00000, 0x00000000eaf00000, 0x00000000eaf00000|100%| E|CS|TAMS 0x00000000eae00000| PB 0x00000000eae00000| Complete 
| 175|0x00000000eaf00000, 0x00000000eb000000, 0x00000000eb000000|100%| E|CS|TAMS 0x00000000eaf00000| PB 0x00000000eaf00000| Complete 
| 176|0x00000000eb000000, 0x00000000eb100000, 0x00000000eb100000|100%| E|CS|TAMS 0x00000000eb000000| PB 0x00000000eb000000| Complete 
| 177|0x00000000eb100000, 0x00000000eb200000, 0x00000000eb200000|100%| E|CS|TAMS 0x00000000eb100000| PB 0x00000000eb100000| Complete 
| 178|0x00000000eb200000, 0x00000000eb300000, 0x00000000eb300000|100%| E|CS|TAMS 0x00000000eb200000| PB 0x00000000eb200000| Complete 
| 179|0x00000000eb300000, 0x00000000eb400000, 0x00000000eb400000|100%| E|CS|TAMS 0x00000000eb300000| PB 0x00000000eb300000| Complete 
| 180|0x00000000eb400000, 0x00000000eb500000, 0x00000000eb500000|100%| E|CS|TAMS 0x00000000eb400000| PB 0x00000000eb400000| Complete 
| 181|0x00000000eb500000, 0x00000000eb600000, 0x00000000eb600000|100%| E|CS|TAMS 0x00000000eb500000| PB 0x00000000eb500000| Complete 
| 182|0x00000000eb600000, 0x00000000eb700000, 0x00000000eb700000|100%| E|CS|TAMS 0x00000000eb600000| PB 0x00000000eb600000| Complete 
| 183|0x00000000eb700000, 0x00000000eb800000, 0x00000000eb800000|100%| E|CS|TAMS 0x00000000eb700000| PB 0x00000000eb700000| Complete 
| 184|0x00000000eb800000, 0x00000000eb900000, 0x00000000eb900000|100%| E|CS|TAMS 0x00000000eb800000| PB 0x00000000eb800000| Complete 
| 185|0x00000000eb900000, 0x00000000eba00000, 0x00000000eba00000|100%| E|CS|TAMS 0x00000000eb900000| PB 0x00000000eb900000| Complete 
| 186|0x00000000eba00000, 0x00000000ebb00000, 0x00000000ebb00000|100%| E|CS|TAMS 0x00000000eba00000| PB 0x00000000eba00000| Complete 
| 187|0x00000000ebb00000, 0x00000000ebc00000, 0x00000000ebc00000|100%| E|CS|TAMS 0x00000000ebb00000| PB 0x00000000ebb00000| Complete 
| 188|0x00000000ebc00000, 0x00000000ebd00000, 0x00000000ebd00000|100%| E|CS|TAMS 0x00000000ebc00000| PB 0x00000000ebc00000| Complete 
| 189|0x00000000ebd00000, 0x00000000ebe00000, 0x00000000ebe00000|100%| E|CS|TAMS 0x00000000ebd00000| PB 0x00000000ebd00000| Complete 
| 190|0x00000000ebe00000, 0x00000000ebf00000, 0x00000000ebf00000|100%| E|CS|TAMS 0x00000000ebe00000| PB 0x00000000ebe00000| Complete 
| 191|0x00000000ebf00000, 0x00000000ec000000, 0x00000000ec000000|100%| E|CS|TAMS 0x00000000ebf00000| PB 0x00000000ebf00000| Complete 
| 192|0x00000000ec000000, 0x00000000ec100000, 0x00000000ec100000|100%| E|CS|TAMS 0x00000000ec000000| PB 0x00000000ec000000| Complete 
| 193|0x00000000ec100000, 0x00000000ec200000, 0x00000000ec200000|100%| E|CS|TAMS 0x00000000ec100000| PB 0x00000000ec100000| Complete 
| 194|0x00000000ec200000, 0x00000000ec300000, 0x00000000ec300000|100%| E|CS|TAMS 0x00000000ec200000| PB 0x00000000ec200000| Complete 
| 195|0x00000000ec300000, 0x00000000ec400000, 0x00000000ec400000|100%| E|CS|TAMS 0x00000000ec300000| PB 0x00000000ec300000| Complete 
| 196|0x00000000ec400000, 0x00000000ec500000, 0x00000000ec500000|100%| E|CS|TAMS 0x00000000ec400000| PB 0x00000000ec400000| Complete 
| 197|0x00000000ec500000, 0x00000000ec600000, 0x00000000ec600000|100%| E|CS|TAMS 0x00000000ec500000| PB 0x00000000ec500000| Complete 
| 198|0x00000000ec600000, 0x00000000ec700000, 0x00000000ec700000|100%| E|CS|TAMS 0x00000000ec600000| PB 0x00000000ec600000| Complete 
| 199|0x00000000ec700000, 0x00000000ec800000, 0x00000000ec800000|100%| E|CS|TAMS 0x00000000ec700000| PB 0x00000000ec700000| Complete 
| 200|0x00000000ec800000, 0x00000000ec900000, 0x00000000ec900000|100%| E|CS|TAMS 0x00000000ec800000| PB 0x00000000ec800000| Complete 
| 201|0x00000000ec900000, 0x00000000eca00000, 0x00000000eca00000|100%| E|CS|TAMS 0x00000000ec900000| PB 0x00000000ec900000| Complete 
| 202|0x00000000eca00000, 0x00000000ecb00000, 0x00000000ecb00000|100%| E|CS|TAMS 0x00000000eca00000| PB 0x00000000eca00000| Complete 
| 203|0x00000000ecb00000, 0x00000000ecc00000, 0x00000000ecc00000|100%| E|CS|TAMS 0x00000000ecb00000| PB 0x00000000ecb00000| Complete 
| 204|0x00000000ecc00000, 0x00000000ecd00000, 0x00000000ecd00000|100%| E|CS|TAMS 0x00000000ecc00000| PB 0x00000000ecc00000| Complete 
| 205|0x00000000ecd00000, 0x00000000ece00000, 0x00000000ece00000|100%| E|CS|TAMS 0x00000000ecd00000| PB 0x00000000ecd00000| Complete 
| 206|0x00000000ece00000, 0x00000000ecf00000, 0x00000000ecf00000|100%| E|CS|TAMS 0x00000000ece00000| PB 0x00000000ece00000| Complete 
| 207|0x00000000ecf00000, 0x00000000ed000000, 0x00000000ed000000|100%| E|CS|TAMS 0x00000000ecf00000| PB 0x00000000ecf00000| Complete 
| 208|0x00000000ed000000, 0x00000000ed100000, 0x00000000ed100000|100%| E|CS|TAMS 0x00000000ed000000| PB 0x00000000ed000000| Complete 
| 209|0x00000000ed100000, 0x00000000ed200000, 0x00000000ed200000|100%| E|CS|TAMS 0x00000000ed100000| PB 0x00000000ed100000| Complete 
| 210|0x00000000ed200000, 0x00000000ed300000, 0x00000000ed300000|100%| E|CS|TAMS 0x00000000ed200000| PB 0x00000000ed200000| Complete 
| 211|0x00000000ed300000, 0x00000000ed400000, 0x00000000ed400000|100%| E|CS|TAMS 0x00000000ed300000| PB 0x00000000ed300000| Complete 
| 212|0x00000000ed400000, 0x00000000ed500000, 0x00000000ed500000|100%| E|CS|TAMS 0x00000000ed400000| PB 0x00000000ed400000| Complete 
| 213|0x00000000ed500000, 0x00000000ed600000, 0x00000000ed600000|100%| S|CS|TAMS 0x00000000ed500000| PB 0x00000000ed500000| Complete 
| 214|0x00000000ed600000, 0x00000000ed700000, 0x00000000ed700000|100%| S|CS|TAMS 0x00000000ed600000| PB 0x00000000ed600000| Complete 
| 215|0x00000000ed700000, 0x00000000ed800000, 0x00000000ed800000|100%| S|CS|TAMS 0x00000000ed700000| PB 0x00000000ed700000| Complete 
| 216|0x00000000ed800000, 0x00000000ed900000, 0x00000000ed900000|100%| S|CS|TAMS 0x00000000ed800000| PB 0x00000000ed800000| Complete 
| 217|0x00000000ed900000, 0x00000000eda00000, 0x00000000eda00000|100%| S|CS|TAMS 0x00000000ed900000| PB 0x00000000ed900000| Complete 
| 218|0x00000000eda00000, 0x00000000edb00000, 0x00000000edb00000|100%| E|CS|TAMS 0x00000000eda00000| PB 0x00000000eda00000| Complete 
| 219|0x00000000edb00000, 0x00000000edc00000, 0x00000000edc00000|100%| E|CS|TAMS 0x00000000edb00000| PB 0x00000000edb00000| Complete 
| 220|0x00000000edc00000, 0x00000000edd00000, 0x00000000edd00000|100%| E|CS|TAMS 0x00000000edc00000| PB 0x00000000edc00000| Complete 
| 221|0x00000000edd00000, 0x00000000ede00000, 0x00000000ede00000|100%| E|CS|TAMS 0x00000000edd00000| PB 0x00000000edd00000| Complete 
| 222|0x00000000ede00000, 0x00000000edf00000, 0x00000000edf00000|100%| E|CS|TAMS 0x00000000ede00000| PB 0x00000000ede00000| Complete 
| 223|0x00000000edf00000, 0x00000000ee000000, 0x00000000ee000000|100%| E|CS|TAMS 0x00000000edf00000| PB 0x00000000edf00000| Complete 
| 224|0x00000000ee000000, 0x00000000ee100000, 0x00000000ee100000|100%| E|CS|TAMS 0x00000000ee000000| PB 0x00000000ee000000| Complete 
| 225|0x00000000ee100000, 0x00000000ee200000, 0x00000000ee200000|100%| E|CS|TAMS 0x00000000ee100000| PB 0x00000000ee100000| Complete 
| 226|0x00000000ee200000, 0x00000000ee300000, 0x00000000ee300000|100%| E|CS|TAMS 0x00000000ee200000| PB 0x00000000ee200000| Complete 
| 227|0x00000000ee300000, 0x00000000ee400000, 0x00000000ee400000|100%| E|CS|TAMS 0x00000000ee300000| PB 0x00000000ee300000| Complete 
| 228|0x00000000ee400000, 0x00000000ee500000, 0x00000000ee500000|100%| E|CS|TAMS 0x00000000ee400000| PB 0x00000000ee400000| Complete 
| 229|0x00000000ee500000, 0x00000000ee600000, 0x00000000ee600000|100%| E|CS|TAMS 0x00000000ee500000| PB 0x00000000ee500000| Complete 
| 230|0x00000000ee600000, 0x00000000ee700000, 0x00000000ee700000|100%| E|CS|TAMS 0x00000000ee600000| PB 0x00000000ee600000| Complete 
| 231|0x00000000ee700000, 0x00000000ee800000, 0x00000000ee800000|100%| E|CS|TAMS 0x00000000ee700000| PB 0x00000000ee700000| Complete 
| 232|0x00000000ee800000, 0x00000000ee900000, 0x00000000ee900000|100%| E|CS|TAMS 0x00000000ee800000| PB 0x00000000ee800000| Complete 
| 233|0x00000000ee900000, 0x00000000eea00000, 0x00000000eea00000|100%| E|CS|TAMS 0x00000000ee900000| PB 0x00000000ee900000| Complete 
| 234|0x00000000eea00000, 0x00000000eeb00000, 0x00000000eeb00000|100%| E|CS|TAMS 0x00000000eea00000| PB 0x00000000eea00000| Complete 
| 235|0x00000000eeb00000, 0x00000000eec00000, 0x00000000eec00000|100%| E|CS|TAMS 0x00000000eeb00000| PB 0x00000000eeb00000| Complete 
| 236|0x00000000eec00000, 0x00000000eed00000, 0x00000000eed00000|100%| E|CS|TAMS 0x00000000eec00000| PB 0x00000000eec00000| Complete 
| 237|0x00000000eed00000, 0x00000000eee00000, 0x00000000eee00000|100%| E|CS|TAMS 0x00000000eed00000| PB 0x00000000eed00000| Complete 
| 238|0x00000000eee00000, 0x00000000eef00000, 0x00000000eef00000|100%| E|CS|TAMS 0x00000000eee00000| PB 0x00000000eee00000| Complete 
| 239|0x00000000eef00000, 0x00000000ef000000, 0x00000000ef000000|100%| E|CS|TAMS 0x00000000eef00000| PB 0x00000000eef00000| Complete 
| 240|0x00000000ef000000, 0x00000000ef100000, 0x00000000ef100000|100%| E|CS|TAMS 0x00000000ef000000| PB 0x00000000ef000000| Complete 
| 241|0x00000000ef100000, 0x00000000ef200000, 0x00000000ef200000|100%| E|CS|TAMS 0x00000000ef100000| PB 0x00000000ef100000| Complete 
| 242|0x00000000ef200000, 0x00000000ef300000, 0x00000000ef300000|100%| E|CS|TAMS 0x00000000ef200000| PB 0x00000000ef200000| Complete 
| 243|0x00000000ef300000, 0x00000000ef400000, 0x00000000ef400000|100%| E|CS|TAMS 0x00000000ef300000| PB 0x00000000ef300000| Complete 
| 244|0x00000000ef400000, 0x00000000ef500000, 0x00000000ef500000|100%| E|CS|TAMS 0x00000000ef400000| PB 0x00000000ef400000| Complete 
| 245|0x00000000ef500000, 0x00000000ef600000, 0x00000000ef600000|100%| E|CS|TAMS 0x00000000ef500000| PB 0x00000000ef500000| Complete 
| 246|0x00000000ef600000, 0x00000000ef700000, 0x00000000ef700000|100%| E|CS|TAMS 0x00000000ef600000| PB 0x00000000ef600000| Complete 
| 247|0x00000000ef700000, 0x00000000ef800000, 0x00000000ef800000|100%| E|CS|TAMS 0x00000000ef700000| PB 0x00000000ef700000| Complete 
| 248|0x00000000ef800000, 0x00000000ef900000, 0x00000000ef900000|100%| E|CS|TAMS 0x00000000ef800000| PB 0x00000000ef800000| Complete 
| 249|0x00000000ef900000, 0x00000000efa00000, 0x00000000efa00000|100%| E|CS|TAMS 0x00000000ef900000| PB 0x00000000ef900000| Complete 
| 250|0x00000000efa00000, 0x00000000efb00000, 0x00000000efb00000|100%| E|CS|TAMS 0x00000000efa00000| PB 0x00000000efa00000| Complete 
| 251|0x00000000efb00000, 0x00000000efc00000, 0x00000000efc00000|100%| E|CS|TAMS 0x00000000efb00000| PB 0x00000000efb00000| Complete 
| 252|0x00000000efc00000, 0x00000000efd00000, 0x00000000efd00000|100%| E|CS|TAMS 0x00000000efc00000| PB 0x00000000efc00000| Complete 
| 253|0x00000000efd00000, 0x00000000efe00000, 0x00000000efe00000|100%| E|CS|TAMS 0x00000000efd00000| PB 0x00000000efd00000| Complete 
| 254|0x00000000efe00000, 0x00000000eff00000, 0x00000000eff00000|100%| E|CS|TAMS 0x00000000efe00000| PB 0x00000000efe00000| Complete 
| 255|0x00000000eff00000, 0x00000000f0000000, 0x00000000f0000000|100%| E|CS|TAMS 0x00000000eff00000| PB 0x00000000eff00000| Complete 

Card table byte_map: [0x000001b1e5410000,0x000001b1e5510000] _byte_map_base: 0x000001b1e4d10000

Marking Bits: (CMBitMap*) 0x000001b1cd8fbdc0
 Bits: [0x000001b1e5510000, 0x000001b1e5d10000)

Polling page: 0x000001b1cb750000

Metaspace:

Usage:
  Non-class:     16.87 MB used.
      Class:      2.60 MB used.
       Both:     19.47 MB used.

Virtual space:
  Non-class space:       64.00 MB reserved,      17.12 MB ( 27%) committed,  1 nodes.
      Class space:      320.00 MB reserved,       2.81 MB ( <1%) committed,  1 nodes.
             Both:      384.00 MB reserved,      19.94 MB (  5%) committed. 

Chunk freelists:
   Non-Class:  14.06 MB
       Class:  13.19 MB
        Both:  27.25 MB

MaxMetaspaceSize: 384.00 MB
CompressedClassSpaceSize: 320.00 MB
Initial GC threshold: 21.00 MB
Current GC threshold: 21.00 MB
CDS: on
 - commit_granule_bytes: 65536.
 - commit_granule_words: 8192.
 - virtual_space_node_default_size: 8388608.
 - enlarge_chunks_in_place: 1.
 - use_allocation_guard: 0.


Internal statistics:

num_allocs_failed_limit: 0.
num_arena_births: 700.
num_arena_deaths: 0.
num_vsnodes_births: 2.
num_vsnodes_deaths: 0.
num_space_committed: 319.
num_space_uncommitted: 0.
num_chunks_returned_to_freelist: 0.
num_chunks_taken_from_freelist: 1401.
num_chunk_merges: 0.
num_chunk_splits: 928.
num_chunks_enlarged: 640.
num_inconsistent_stats: 0.

CodeHeap 'non-profiled nmethods': size=120000Kb used=1563Kb max_used=1563Kb free=118436Kb
 bounds [0x000001b1ddab0000, 0x000001b1ddd20000, 0x000001b1e4fe0000]
CodeHeap 'profiled nmethods': size=120000Kb used=5883Kb max_used=5883Kb free=114116Kb
 bounds [0x000001b1d5fe0000, 0x000001b1d65a0000, 0x000001b1dd510000]
CodeHeap 'non-nmethods': size=5760Kb used=1428Kb max_used=1484Kb free=4331Kb
 bounds [0x000001b1dd510000, 0x000001b1dd780000, 0x000001b1ddab0000]
CodeCache: size=245760Kb, used=8874Kb, max_used=8930Kb, free=236883Kb
 total_blobs=3586, nmethods=3001, adapters=489, full_count=0
Compilation: enabled, stopped_count=0, restarted_count=0

Compilation events (20 events):
Event: 129.840 Thread 0x000001b1e87b0a20 3006       3       com.google.common.io.BaseEncoding$Alphabet::encode (7 bytes)
Event: 129.840 Thread 0x000001b1e87b0a20 nmethod 3006 0x000001b1d659a910 code [0x000001b1d659aac0, 0x000001b1d659ac00]
Event: 129.862 Thread 0x000001b1e87b0a20 3007       3       org.gradle.internal.serialize.AbstractDecoder::readNullableString (14 bytes)
Event: 129.862 Thread 0x000001b1e87b0a20 nmethod 3007 0x000001b1d659ad10 code [0x000001b1d659aee0, 0x000001b1d659b1d8]
Event: 129.963 Thread 0x000001b1e87b0a20 3008       3       org.gradle.internal.serialize.InputStreamBackedDecoder::readByte (13 bytes)
Event: 129.964 Thread 0x000001b1e87b0a20 nmethod 3008 0x000001b1d659b290 code [0x000001b1d659b460, 0x000001b1d659b808]
Event: 129.979 Thread 0x000001b1e87b0a20 3009       3       org.gradle.internal.service.DefaultServiceRegistry::access$1500 (6 bytes)
Event: 129.979 Thread 0x000001b1e87b0a20 nmethod 3009 0x000001b1d659b990 code [0x000001b1d659bb40, 0x000001b1d659bc58]
Event: 129.979 Thread 0x000001b1e87b0a20 3010       3       org.gradle.internal.service.DefaultServiceRegistry::isAssignableFromAnyType (41 bytes)
Event: 129.980 Thread 0x000001b1e87b0a20 nmethod 3010 0x000001b1d659bd10 code [0x000001b1d659bf20, 0x000001b1d659c4b0]
Event: 129.980 Thread 0x000001b1e87b0a20 3011       3       org.gradle.internal.service.DefaultServiceRegistry$SingletonService::getAll (38 bytes)
Event: 129.980 Thread 0x000001b1e87b0a20 nmethod 3011 0x000001b1d659c690 code [0x000001b1d659c880, 0x000001b1d659ccb0]
Event: 130.202 Thread 0x000001b1e87b0a20 3012       3       java.util.stream.AbstractPipeline::sourceSpliterator (265 bytes)
Event: 130.203 Thread 0x000001b1e87b0a20 nmethod 3012 0x000001b1d659ce90 code [0x000001b1d659d120, 0x000001b1d659dfe8]
Event: 130.203 Thread 0x000001b1e87b0a20 3013       3       java.util.stream.AbstractPipeline::wrapAndCopyInto (18 bytes)
Event: 130.204 Thread 0x000001b1e87b0a20 nmethod 3013 0x000001b1d659e510 code [0x000001b1d659e700, 0x000001b1d659eb08]
Event: 130.204 Thread 0x000001b1e87b0a20 3014       3       java.util.stream.Sink::end (1 bytes)
Event: 130.204 Thread 0x000001b1e87b0a20 nmethod 3014 0x000001b1d659ec90 code [0x000001b1d659ee20, 0x000001b1d659ef28]
Event: 130.434 Thread 0x000001b1e87ae550 3015   !   4       java.net.URLClassLoader::findClass (47 bytes)
Event: 130.636 Thread 0x000001b1e87b0a20 3017       3       java.lang.reflect.Constructor::<init> (50 bytes)

GC Heap History (4 events):
Event: 28.105 GC heap before
{Heap before GC invocations=0 (full 0):
 garbage-first heap   total 262144K, used 23552K [0x00000000e0000000, 0x0000000100000000)
  region size 1024K, 23 young (23552K), 0 survivors (0K)
 Metaspace       used 916K, committed 1088K, reserved 393216K
  class space    used 75K, committed 128K, reserved 327680K
}
Event: 28.206 GC heap after
{Heap after GC invocations=1 (full 0):
 garbage-first heap   total 262144K, used 1621K [0x00000000e0000000, 0x0000000100000000)
  region size 1024K, 2 young (2048K), 2 survivors (2048K)
 Metaspace       used 916K, committed 1088K, reserved 393216K
  class space    used 75K, committed 128K, reserved 327680K
}
Event: 55.491 GC heap before
{Heap before GC invocations=1 (full 0):
 garbage-first heap   total 262144K, used 41557K [0x00000000e0000000, 0x0000000100000000)
  region size 1024K, 38 young (38912K), 2 survivors (2048K)
 Metaspace       used 4633K, committed 4800K, reserved 393216K
  class space    used 585K, committed 704K, reserved 327680K
}
Event: 55.504 GC heap after
{Heap after GC invocations=2 (full 0):
 garbage-first heap   total 262144K, used 11610K [0x00000000e0000000, 0x0000000100000000)
  region size 1024K, 5 young (5120K), 5 survivors (5120K)
 Metaspace       used 4633K, committed 4800K, reserved 393216K
  class space    used 585K, committed 704K, reserved 327680K
}

Dll operation events (15 events):
Event: 0.113 Loaded shared library C:\Users\ksj04\.jdks\ms-21.0.9\bin\java.dll
Event: 0.519 Loaded shared library C:\Users\ksj04\.jdks\ms-21.0.9\bin\jsvml.dll
Event: 0.956 Loaded shared library C:\Users\ksj04\.jdks\ms-21.0.9\bin\zip.dll
Event: 1.062 Loaded shared library C:\Users\ksj04\.jdks\ms-21.0.9\bin\instrument.dll
Event: 1.101 Loaded shared library C:\Users\ksj04\.jdks\ms-21.0.9\bin\net.dll
Event: 1.119 Loaded shared library C:\Users\ksj04\.jdks\ms-21.0.9\bin\nio.dll
Event: 1.151 Loaded shared library C:\Users\ksj04\.jdks\ms-21.0.9\bin\zip.dll
Event: 28.215 Loaded shared library C:\Users\ksj04\.jdks\ms-21.0.9\bin\jimage.dll
Event: 39.825 Loaded shared library C:\Users\ksj04\.jdks\ms-21.0.9\bin\verify.dll
Event: 40.474 Loaded shared library C:\Users\ksj04\.gradle\native\660c5614fbf4a5f2a75b1949f50a0caf5cd603558e7d8a26e50b933a0cfb79d1\windows-amd64\native-platform.dll
Event: 40.701 Loaded shared library C:\Users\ksj04\.gradle\native\0.2.8\x86_64-windows-gnu\gradle-fileevents.dll
Event: 95.809 Loaded shared library C:\Users\ksj04\.jdks\ms-21.0.9\bin\management.dll
Event: 95.824 Loaded shared library C:\Users\ksj04\.jdks\ms-21.0.9\bin\management_ext.dll
Event: 96.891 Loaded shared library C:\Users\ksj04\.jdks\ms-21.0.9\bin\extnet.dll
Event: 99.673 Loaded shared library C:\Users\ksj04\.jdks\ms-21.0.9\bin\sunmscapi.dll

Deoptimization events (20 events):
Event: 123.018 Thread 0x000001b1fee09dd0 Uncommon trap: trap_request=0xffffff45 fr.pc=0x000001b1ddad68b4 relative=0x00000000000001f4
Event: 123.018 Thread 0x000001b1fee09dd0 Uncommon trap: reason=unstable_if action=reinterpret pc=0x000001b1ddad68b4 method=java.util.regex.Matcher.reset()Ljava/util/regex/Matcher; @ 47 c2
Event: 123.018 Thread 0x000001b1fee09dd0 DEOPT PACKING pc=0x000001b1ddad68b4 sp=0x0000007f556fa9e0
Event: 123.018 Thread 0x000001b1fee09dd0 DEOPT UNPACKING pc=0x000001b1dd564422 sp=0x0000007f556fa970 mode 2
Event: 124.881 Thread 0x000001b1fee09dd0 Uncommon trap: trap_request=0xffffff45 fr.pc=0x000001b1ddad4fcc relative=0x0000000000000c8c
Event: 124.881 Thread 0x000001b1fee09dd0 Uncommon trap: reason=unstable_if action=reinterpret pc=0x000001b1ddad4fcc method=java.io.WinNTFileSystem.resolve(Ljava/lang/String;Ljava/lang/String;)Ljava/lang/String; @ 19 c2
Event: 124.881 Thread 0x000001b1fee09dd0 DEOPT PACKING pc=0x000001b1ddad4fcc sp=0x0000007f556fb330
Event: 124.881 Thread 0x000001b1fee09dd0 DEOPT UNPACKING pc=0x000001b1dd564422 sp=0x0000007f556fb2d8 mode 2
Event: 124.893 Thread 0x000001b1fee09dd0 Uncommon trap: trap_request=0xffffff45 fr.pc=0x000001b1ddae2ffc relative=0x000000000000069c
Event: 124.893 Thread 0x000001b1fee09dd0 Uncommon trap: reason=unstable_if action=reinterpret pc=0x000001b1ddae2ffc method=java.io.File.getName()Ljava/lang/String; @ 16 c2
Event: 124.893 Thread 0x000001b1fee09dd0 DEOPT PACKING pc=0x000001b1ddae2ffc sp=0x0000007f556fb300
Event: 124.898 Thread 0x000001b1fee09dd0 DEOPT UNPACKING pc=0x000001b1dd564422 sp=0x0000007f556fb2d0 mode 2
Event: 126.548 Thread 0x000001b1fee09dd0 Uncommon trap: trap_request=0xffffff45 fr.pc=0x000001b1ddadba9c relative=0x00000000000000fc
Event: 126.548 Thread 0x000001b1fee09dd0 Uncommon trap: reason=unstable_if action=reinterpret pc=0x000001b1ddadba9c method=java.util.HashMap.hash(Ljava/lang/Object;)I @ 1 c2
Event: 126.548 Thread 0x000001b1fee09dd0 DEOPT PACKING pc=0x000001b1ddadba9c sp=0x0000007f556fc1d0
Event: 126.548 Thread 0x000001b1fee09dd0 DEOPT UNPACKING pc=0x000001b1dd564422 sp=0x0000007f556fc110 mode 2
Event: 127.291 Thread 0x000001b184e368e0 Uncommon trap: trap_request=0xffffffc6 fr.pc=0x000001b1ddc08ff8 relative=0x0000000000000918
Event: 127.291 Thread 0x000001b184e368e0 Uncommon trap: reason=bimorphic_or_optimized_type_check action=maybe_recompile pc=0x000001b1ddc08ff8 method=java.io.DataInputStream.readFully([BII)V @ 30 c2
Event: 127.291 Thread 0x000001b184e368e0 DEOPT PACKING pc=0x000001b1ddc08ff8 sp=0x0000007f55ffe2a0
Event: 127.291 Thread 0x000001b184e368e0 DEOPT UNPACKING pc=0x000001b1dd564422 sp=0x0000007f55ffe258 mode 2

Classes loaded (20 events):
Event: 128.722 Loading class java/lang/invoke/BoundMethodHandle$Species_LLLLLLLLLLLLLLL
Event: 128.722 Loading class java/lang/invoke/BoundMethodHandle$Species_LLLLLLLLLLLLLLL done
Event: 128.732 Loading class java/lang/invoke/BoundMethodHandle$Species_LLLLLLLLLLLLLLLL
Event: 128.732 Loading class java/lang/invoke/BoundMethodHandle$Species_LLLLLLLLLLLLLLLL done
Event: 128.737 Loading class java/lang/invoke/BoundMethodHandle$Species_LLLLLLLLLLLLLLLLL
Event: 128.738 Loading class java/lang/invoke/BoundMethodHandle$Species_LLLLLLLLLLLLLLLLL done
Event: 128.746 Loading class java/lang/invoke/BoundMethodHandle$Species_LLLLLLLLLLLLLLLLLL
Event: 128.746 Loading class java/lang/invoke/BoundMethodHandle$Species_LLLLLLLLLLLLLLLLLL done
Event: 128.752 Loading class java/lang/invoke/BoundMethodHandle$Species_LLLLLLLLLLLLLLLLLLL
Event: 128.752 Loading class java/lang/invoke/BoundMethodHandle$Species_LLLLLLLLLLLLLLLLLLL done
Event: 128.756 Loading class java/lang/invoke/BoundMethodHandle$Species_LLLLLLLLLLLLLLLLLLLL
Event: 128.756 Loading class java/lang/invoke/BoundMethodHandle$Species_LLLLLLLLLLLLLLLLLLLL done
Event: 128.893 Loading class java/lang/invoke/BoundMethodHandle$Species_LLLLLLLLLLLLLLLLLLLLL
Event: 128.893 Loading class java/lang/invoke/BoundMethodHandle$Species_LLLLLLLLLLLLLLLLLLLLL done
Event: 128.897 Loading class java/lang/invoke/BoundMethodHandle$Species_LLLLLLLLLLLLLLLLLLLLLL
Event: 128.897 Loading class java/lang/invoke/BoundMethodHandle$Species_LLLLLLLLLLLLLLLLLLLLLL done
Event: 128.903 Loading class java/lang/invoke/BoundMethodHandle$Species_LLLLLLLLLLLLLLLLLLLLLLL
Event: 128.903 Loading class java/lang/invoke/BoundMethodHandle$Species_LLLLLLLLLLLLLLLLLLLLLLL done
Event: 129.506 Loading class java/util/Collections$2
Event: 129.507 Loading class java/util/Collections$2 done

Classes unloaded (0 events):
No events

Classes redefined (0 events):
No events

Internal exceptions (20 events):
Event: 126.290 Thread 0x000001b1fee09dd0 Exception <a 'java/lang/NoSuchMethodError'{0x00000000e92aaa78}: 'int java.lang.invoke.DirectMethodHandle$Holder.invokeSpecialIFC(java.lang.Object, java.lang.Object, java.lang.Object, java.lang.Object)'> (0x00000000e92aaa78) 
thrown [s\src\hotspot\share\interpreter\linkResolver.cpp, line 773]
Event: 126.303 Thread 0x000001b1fee09dd0 Exception <a 'java/lang/IncompatibleClassChangeError'{0x00000000e92b7d20}: Found class java.lang.Object, but interface was expected> (0x00000000e92b7d20) 
thrown [s\src\hotspot\share\interpreter\linkResolver.cpp, line 840]
Event: 126.548 Thread 0x000001b1fee09dd0 Implicit null exception at 0x000001b1ddadb9e6 to 0x000001b1ddadba92
Event: 127.266 Thread 0x000001b184e368e0 Exception <a 'java/lang/NoSuchMethodError'{0x00000000e8fe94b8}: static Lorg/gradle/launcher/daemon/protocol/Command;.<clinit>()V> (0x00000000e8fe94b8) 
thrown [s\src\hotspot\share\prims\jni.cpp, line 1111]
Event: 127.278 Thread 0x000001b184e368e0 Exception <a 'java/lang/NoSuchMethodError'{0x00000000e8ff4bc0}: static Lorg/gradle/launcher/daemon/protocol/InvalidateVirtualFileSystemAfterChange;.<clinit>()V> (0x00000000e8ff4bc0) 
thrown [s\src\hotspot\share\prims\jni.cpp, line 1111]
Event: 127.282 Thread 0x000001b184e368e0 Exception <a 'java/lang/NoSuchMethodError'{0x00000000e8ffaec0}: 'long java.lang.invoke.DirectMethodHandle$Holder.invokeSpecial(java.lang.Object, java.lang.Object)'> (0x00000000e8ffaec0) 
thrown [s\src\hotspot\share\interpreter\linkResolver.cpp, line 773]
Event: 127.283 Thread 0x000001b184e368e0 Exception <a 'java/lang/NoSuchMethodError'{0x00000000e8ffe0e8}: 'long java.lang.invoke.Invokers$Holder.invokeExact_MT(java.lang.Object, java.lang.Object)'> (0x00000000e8ffe0e8) 
thrown [s\src\hotspot\share\interpreter\linkResolver.cpp, line 773]
Event: 127.297 Thread 0x000001b1ff5a9b60 Exception <a 'java/lang/NoSuchMethodError'{0x00000000e8f20af0}: 'int java.lang.invoke.DirectMethodHandle$Holder.invokeStaticInit(java.lang.Object, java.lang.Object, java.lang.Object)'> (0x00000000e8f20af0) 
thrown [s\src\hotspot\share\interpreter\linkResolver.cpp, line 773]
Event: 128.631 Thread 0x000001b1fee09dd0 Exception <a 'java/lang/NoSuchMethodError'{0x00000000e8c3da40}: 'java.lang.Object java.lang.invoke.DelegatingMethodHandle$Holder.reinvoke_L(java.lang.Object, java.lang.Object, java.lang.Object, java.lang.Object, java.lang.Object, java.lang.Object, java.lang.Object, java.lang.Object, java.lang.Object, java.lang.Object, java.lang.Object, java.lang.Object, java.lang.Object, java.lang.Object, java.lang.Object, java.lang.Object, java.lang.Object, java.lang.Object, java.lang.Object, java.lang.Object, java.lang.O
Event: 128.716 Thread 0x000001b1fee09dd0 Exception <a 'java/lang/NoSuchMethodError'{0x00000000e8caa678}: 'java.lang.Object java.lang.invoke.DirectMethodHandle$Holder.invokeStatic(java.lang.Object, java.lang.Object, java.lang.Object, java.lang.Object, java.lang.Object, java.lang.Object, java.lang.Object, java.lang.Object, java.lang.Object, java.lang.Object, java.lang.Object, java.lang.Object, java.lang.Object, java.lang.Object, java.lang.Object, java.lang.Object, java.lang.Object)'> (0x00000000e8caa678) 
thrown [s\src\hotspot\share\interpreter\lin
Event: 128.729 Thread 0x000001b1fee09dd0 Exception <a 'java/lang/NoSuchMethodError'{0x00000000e8cd2fd8}: 'java.lang.Object java.lang.invoke.DirectMethodHandle$Holder.invokeStatic(java.lang.Object, java.lang.Object, java.lang.Object, java.lang.Object, java.lang.Object, java.lang.Object, java.lang.Object, java.lang.Object, java.lang.Object, java.lang.Object, java.lang.Object, java.lang.Object, java.lang.Object, java.lang.Object, java.lang.Object, java.lang.Object, java.lang.Object, java.lang.Object)'> (0x00000000e8cd2fd8) 
thrown [s\src\hotspot\sha
Event: 128.734 Thread 0x000001b1fee09dd0 Exception <a 'java/lang/NoSuchMethodError'{0x00000000e8cfcc40}: 'java.lang.Object java.lang.invoke.DirectMethodHandle$Holder.invokeStatic(java.lang.Object, java.lang.Object, java.lang.Object, java.lang.Object, java.lang.Object, java.lang.Object, java.lang.Object, java.lang.Object, java.lang.Object, java.lang.Object, java.lang.Object, java.lang.Object, java.lang.Object, java.lang.Object, java.lang.Object, java.lang.Object, java.lang.Object, java.lang.Object, java.lang.Object)'> (0x00000000e8cfcc40) 
thrown 
Event: 128.740 Thread 0x000001b1fee09dd0 Exception <a 'java/lang/NoSuchMethodError'{0x00000000e8b27ee8}: 'java.lang.Object java.lang.invoke.DirectMethodHandle$Holder.invokeStatic(java.lang.Object, java.lang.Object, java.lang.Object, java.lang.Object, java.lang.Object, java.lang.Object, java.lang.Object, java.lang.Object, java.lang.Object, java.lang.Object, java.lang.Object, java.lang.Object, java.lang.Object, java.lang.Object, java.lang.Object, java.lang.Object, java.lang.Object, java.lang.Object, java.lang.Object, java.lang.Object)'> (0x00000000
Event: 128.747 Thread 0x000001b1fee09dd0 Exception <a 'java/lang/NoSuchMethodError'{0x00000000e8b54128}: 'java.lang.Object java.lang.invoke.DirectMethodHandle$Holder.invokeStatic(java.lang.Object, java.lang.Object, java.lang.Object, java.lang.Object, java.lang.Object, java.lang.Object, java.lang.Object, java.lang.Object, java.lang.Object, java.lang.Object, java.lang.Object, java.lang.Object, java.lang.Object, java.lang.Object, java.lang.Object, java.lang.Object, java.lang.Object, java.lang.Object, java.lang.Object, java.lang.Object, java.lang.Obj
Event: 128.753 Thread 0x000001b1fee09dd0 Exception <a 'java/lang/NoSuchMethodError'{0x00000000e8b82728}: 'java.lang.Object java.lang.invoke.DirectMethodHandle$Holder.invokeStatic(java.lang.Object, java.lang.Object, java.lang.Object, java.lang.Object, java.lang.Object, java.lang.Object, java.lang.Object, java.lang.Object, java.lang.Object, java.lang.Object, java.lang.Object, java.lang.Object, java.lang.Object, java.lang.Object, java.lang.Object, java.lang.Object, java.lang.Object, java.lang.Object, java.lang.Object, java.lang.Object, java.lang.Obj
Event: 128.820 Thread 0x000001b1fee09dd0 Exception <a 'java/lang/NoSuchMethodError'{0x00000000e8bb04c8}: 'java.lang.Object java.lang.invoke.DirectMethodHandle$Holder.invokeStatic(java.lang.Object, java.lang.Object, java.lang.Object, java.lang.Object, java.lang.Object, java.lang.Object, java.lang.Object, java.lang.Object, java.lang.Object, java.lang.Object, java.lang.Object, java.lang.Object, java.lang.Object, java.lang.Object, java.lang.Object, java.lang.Object, java.lang.Object, java.lang.Object, java.lang.Object, java.lang.Object, java.lang.Obj
Event: 128.895 Thread 0x000001b1fee09dd0 Exception <a 'java/lang/NoSuchMethodError'{0x00000000e8bdf1c8}: 'java.lang.Object java.lang.invoke.DirectMethodHandle$Holder.invokeStatic(java.lang.Object, java.lang.Object, java.lang.Object, java.lang.Object, java.lang.Object, java.lang.Object, java.lang.Object, java.lang.Object, java.lang.Object, java.lang.Object, java.lang.Object, java.lang.Object, java.lang.Object, java.lang.Object, java.lang.Object, java.lang.Object, java.lang.Object, java.lang.Object, java.lang.Object, java.lang.Object, java.lang.Obj
Event: 128.898 Thread 0x000001b1fee09dd0 Exception <a 'java/lang/NoSuchMethodError'{0x00000000e8a0ec88}: 'java.lang.Object java.lang.invoke.DirectMethodHandle$Holder.invokeStatic(java.lang.Object, java.lang.Object, java.lang.Object, java.lang.Object, java.lang.Object, java.lang.Object, java.lang.Object, java.lang.Object, java.lang.Object, java.lang.Object, java.lang.Object, java.lang.Object, java.lang.Object, java.lang.Object, java.lang.Object, java.lang.Object, java.lang.Object, java.lang.Object, java.lang.Object, java.lang.Object, java.lang.Obj
Event: 128.904 Thread 0x000001b1fee09dd0 Exception <a 'java/lang/NoSuchMethodError'{0x00000000e8a3fe28}: 'java.lang.Object java.lang.invoke.DirectMethodHandle$Holder.invokeStatic(java.lang.Object, java.lang.Object, java.lang.Object, java.lang.Object, java.lang.Object, java.lang.Object, java.lang.Object, java.lang.Object, java.lang.Object, java.lang.Object, java.lang.Object, java.lang.Object, java.lang.Object, java.lang.Object, java.lang.Object, java.lang.Object, java.lang.Object, java.lang.Object, java.lang.Object, java.lang.Object, java.lang.Obj
Event: 129.399 Thread 0x000001b1fee09dd0 Exception <a 'java/lang/IncompatibleClassChangeError'{0x00000000e896ff38}: Found class java.lang.Object, but interface was expected> (0x00000000e896ff38) 
thrown [s\src\hotspot\share\interpreter\linkResolver.cpp, line 840]

ZGC Phase Switch (0 events):
No events

VM Operations (20 events):
Event: 120.367 Executing VM operation: RendezvousGCThreads
Event: 120.367 Executing VM operation: RendezvousGCThreads done
Event: 121.383 Executing VM operation: Cleanup
Event: 121.383 Executing VM operation: Cleanup done
Event: 123.384 Executing VM operation: Cleanup
Event: 123.384 Executing VM operation: Cleanup done
Event: 124.386 Executing VM operation: Cleanup
Event: 124.486 Executing VM operation: Cleanup done
Event: 126.486 Executing VM operation: Cleanup
Event: 126.543 Executing VM operation: Cleanup done
Event: 127.544 Executing VM operation: Cleanup
Event: 127.599 Executing VM operation: Cleanup done
Event: 128.600 Executing VM operation: Cleanup
Event: 128.622 Executing VM operation: Cleanup done
Event: 128.931 Executing VM operation: HandshakeAllThreads (Deoptimize)
Event: 128.931 Executing VM operation: HandshakeAllThreads (Deoptimize) done
Event: 128.933 Executing VM operation: HandshakeAllThreads (Deoptimize)
Event: 128.934 Executing VM operation: HandshakeAllThreads (Deoptimize) done
Event: 129.936 Executing VM operation: Cleanup
Event: 129.963 Executing VM operation: Cleanup done

Memory protections (0 events):
No events

Nmethod flushes (0 events):
No events

Events (20 events):
Event: 97.938 Thread 0x000001b1ff57ad50 Thread exited: 0x000001b1ff57ad50
Event: 99.408 Thread 0x000001b1cd8cefc0 Thread added: 0x000001b184064460
Event: 100.251 Thread 0x000001b1fec21460 Thread added: 0x000001b1fed72700
Event: 100.710 Thread 0x000001b1fed72700 Thread added: 0x000001b1fec078f0
Event: 101.206 Thread 0x000001b1fed72700 Thread added: 0x000001b1ff2656a0
Event: 101.365 Thread 0x000001b1fed72700 Thread added: 0x000001b1fee09dd0
Event: 101.870 Thread 0x000001b1fee09dd0 Thread added: 0x000001b1ff5aa1f0
Event: 101.904 Thread 0x000001b1fee09dd0 Thread added: 0x000001b1ff5aa880
Event: 102.025 Thread 0x000001b1fee09dd0 Thread added: 0x000001b1ff5aaf10
Event: 117.565 Thread 0x000001b1fee09dd0 Thread added: 0x000001b1ff5ab5a0
Event: 117.606 Thread 0x000001b1fee09dd0 Thread added: 0x000001b1ff5ac950
Event: 118.303 Thread 0x000001b1e87b0a20 Thread added: 0x000001b184780fa0
Event: 119.218 Thread 0x000001b184780fa0 Thread exited: 0x000001b184780fa0
Event: 119.788 Thread 0x000001b1e87ae550 Thread added: 0x000001b184cc3010
Event: 120.186 Thread 0x000001b184cc3010 Thread exited: 0x000001b184cc3010
Event: 122.760 Thread 0x000001b1ff5ac950 Thread added: 0x000001b1ff5ac2c0
Event: 123.667 Thread 0x000001b1fee09dd0 Thread added: 0x000001b1ff5a94d0
Event: 127.195 Thread 0x000001b1fec21460 Thread added: 0x000001b1ff5a9b60
Event: 127.199 Thread 0x000001b1ff5a9b60 Thread added: 0x000001b184e368e0
Event: 127.310 Thread 0x000001b184e368e0 Thread exited: 0x000001b184e368e0


Dynamic libraries:
0x00007ff6c4600000 - 0x00007ff6c460e000 	C:\Users\ksj04\.jdks\ms-21.0.9\bin\java.exe
0x00007ff9f91e0000 - 0x00007ff9f9447000 	C:\WINDOWS\SYSTEM32\ntdll.dll
0x00007ff9f8590000 - 0x00007ff9f8659000 	C:\WINDOWS\System32\KERNEL32.DLL
0x00007ff9f6570000 - 0x00007ff9f695f000 	C:\WINDOWS\System32\KERNELBASE.dll
0x00007ff9f6420000 - 0x00007ff9f656b000 	C:\WINDOWS\System32\ucrtbase.dll
0x00007ff986f40000 - 0x00007ff986f58000 	C:\Users\ksj04\.jdks\ms-21.0.9\bin\jli.dll
0x00007ff9f8300000 - 0x00007ff9f84c5000 	C:\WINDOWS\System32\USER32.dll
0x00007ff9f63f0000 - 0x00007ff9f6417000 	C:\WINDOWS\System32\win32u.dll
0x00007ff9f8760000 - 0x00007ff9f878b000 	C:\WINDOWS\System32\GDI32.dll
0x00007ff9f6ba0000 - 0x00007ff9f6ccc000 	C:\WINDOWS\System32\gdi32full.dll
0x00007ff9f6cd0000 - 0x00007ff9f6d73000 	C:\WINDOWS\System32\msvcp_win.dll
0x00007ff986f20000 - 0x00007ff986f3e000 	C:\Users\ksj04\.jdks\ms-21.0.9\bin\VCRUNTIME140.dll
0x00007ff9e3de0000 - 0x00007ff9e4073000 	C:\WINDOWS\WinSxS\amd64_microsoft.windows.common-controls_6595b64144ccf1df_6.0.26100.7309_none_3e05feeae336a044\COMCTL32.dll
0x00007ff9f8f20000 - 0x00007ff9f8fc9000 	C:\WINDOWS\System32\msvcrt.dll
0x00007ff9f8be0000 - 0x00007ff9f8c11000 	C:\WINDOWS\System32\IMM32.DLL
0x00007ff9cda30000 - 0x00007ff9cda3c000 	C:\Users\ksj04\.jdks\ms-21.0.9\bin\vcruntime140_1.dll
0x00007ff938990000 - 0x00007ff938a19000 	C:\Users\ksj04\.jdks\ms-21.0.9\bin\msvcp140.dll
0x00007ff9338d0000 - 0x00007ff93467d000 	C:\Users\ksj04\.jdks\ms-21.0.9\bin\server\jvm.dll
0x00007ff9f8790000 - 0x00007ff9f8844000 	C:\WINDOWS\System32\ADVAPI32.dll
0x00007ff9f84d0000 - 0x00007ff9f8576000 	C:\WINDOWS\System32\sechost.dll
0x00007ff9f7120000 - 0x00007ff9f7238000 	C:\WINDOWS\System32\RPCRT4.dll
0x00007ff9f7020000 - 0x00007ff9f7094000 	C:\WINDOWS\System32\WS2_32.dll
0x00007ff9f6190000 - 0x00007ff9f61ee000 	C:\WINDOWS\SYSTEM32\POWRPROF.dll
0x00007ff9e5230000 - 0x00007ff9e5265000 	C:\WINDOWS\SYSTEM32\WINMM.dll
0x00007ff9ee200000 - 0x00007ff9ee20b000 	C:\WINDOWS\SYSTEM32\VERSION.dll
0x00007ff9f6170000 - 0x00007ff9f6184000 	C:\WINDOWS\SYSTEM32\UMPDC.dll
0x00007ff9f50e0000 - 0x00007ff9f50fb000 	C:\WINDOWS\SYSTEM32\kernel.appcore.dll
0x00007ff9be5e0000 - 0x00007ff9be5ea000 	C:\Users\ksj04\.jdks\ms-21.0.9\bin\jimage.dll
0x00007ff9f3750000 - 0x00007ff9f3992000 	C:\WINDOWS\SYSTEM32\DBGHELP.DLL
0x00007ff9f8850000 - 0x00007ff9f8bd5000 	C:\WINDOWS\System32\combase.dll
0x00007ff9f9050000 - 0x00007ff9f9126000 	C:\WINDOWS\System32\OLEAUT32.dll
0x00007ff9dff10000 - 0x00007ff9dff4c000 	C:\WINDOWS\SYSTEM32\dbgcore.DLL
0x00007ff9f6970000 - 0x00007ff9f6a15000 	C:\WINDOWS\System32\bcryptPrimitives.dll
0x00007ff9be0c0000 - 0x00007ff9be0d0000 	C:\Users\ksj04\.jdks\ms-21.0.9\bin\instrument.dll
0x00007ff985c80000 - 0x00007ff985ca1000 	C:\Users\ksj04\.jdks\ms-21.0.9\bin\java.dll
0x00007ff9f78c0000 - 0x00007ff9f8013000 	C:\WINDOWS\System32\SHELL32.dll
0x00007ff9f6e10000 - 0x00007ff9f6f7a000 	C:\WINDOWS\System32\wintypes.dll
0x00007ff9f3f50000 - 0x00007ff9f47ae000 	C:\WINDOWS\SYSTEM32\windows.storage.dll
0x00007ff9f8660000 - 0x00007ff9f8755000 	C:\WINDOWS\System32\SHCORE.dll
0x00007ff9f9130000 - 0x00007ff9f9196000 	C:\WINDOWS\System32\shlwapi.dll
0x00007ff9f6250000 - 0x00007ff9f6279000 	C:\WINDOWS\SYSTEM32\profapi.dll
0x00007ff935520000 - 0x00007ff9355f6000 	C:\Users\ksj04\.jdks\ms-21.0.9\bin\jsvml.dll
0x00007ff986ce0000 - 0x00007ff986cf8000 	C:\Users\ksj04\.jdks\ms-21.0.9\bin\zip.dll
0x00007ff9864c0000 - 0x00007ff9864d1000 	C:\Users\ksj04\.jdks\ms-21.0.9\bin\net.dll
0x00007ff9ef0e0000 - 0x00007ff9ef208000 	C:\WINDOWS\SYSTEM32\WINHTTP.dll
0x00007ff9f5650000 - 0x00007ff9f56bb000 	C:\WINDOWS\system32\mswsock.dll
0x00007ff983f80000 - 0x00007ff983f96000 	C:\Users\ksj04\.jdks\ms-21.0.9\bin\nio.dll
0x00007ff9bdbf0000 - 0x00007ff9bdc00000 	C:\Users\ksj04\.jdks\ms-21.0.9\bin\verify.dll
0x00007ff996e90000 - 0x00007ff996eb7000 	C:\Users\ksj04\.gradle\native\660c5614fbf4a5f2a75b1949f50a0caf5cd603558e7d8a26e50b933a0cfb79d1\windows-amd64\native-platform.dll
0x00007ff9b56f0000 - 0x00007ff9b5767000 	C:\Users\ksj04\.gradle\native\0.2.8\x86_64-windows-gnu\gradle-fileevents.dll
0x00007ff9bdb40000 - 0x00007ff9bdb4a000 	C:\Users\ksj04\.jdks\ms-21.0.9\bin\management.dll
0x00007ff9bcfd0000 - 0x00007ff9bcfdc000 	C:\Users\ksj04\.jdks\ms-21.0.9\bin\management_ext.dll
0x00007ff9f8c20000 - 0x00007ff9f8c28000 	C:\WINDOWS\System32\PSAPI.DLL
0x00007ff9f4b40000 - 0x00007ff9f4b74000 	C:\WINDOWS\SYSTEM32\IPHLPAPI.DLL
0x00007ff9f7240000 - 0x00007ff9f724a000 	C:\WINDOWS\System32\NSI.dll
0x00007ff9ba6a0000 - 0x00007ff9ba6a9000 	C:\Users\ksj04\.jdks\ms-21.0.9\bin\extnet.dll
0x00007ff9f5910000 - 0x00007ff9f592b000 	C:\WINDOWS\SYSTEM32\CRYPTSP.dll
0x00007ff9f5040000 - 0x00007ff9f507a000 	C:\WINDOWS\system32\rsaenh.dll
0x00007ff9f5700000 - 0x00007ff9f572b000 	C:\WINDOWS\SYSTEM32\USERENV.dll
0x00007ff9f6220000 - 0x00007ff9f624a000 	C:\WINDOWS\SYSTEM32\bcrypt.dll
0x00007ff9f5930000 - 0x00007ff9f593c000 	C:\WINDOWS\SYSTEM32\CRYPTBASE.dll
0x00007ff9b9d50000 - 0x00007ff9b9d5e000 	C:\Users\ksj04\.jdks\ms-21.0.9\bin\sunmscapi.dll
0x00007ff9f6a20000 - 0x00007ff9f6b97000 	C:\WINDOWS\System32\CRYPT32.dll
0x00007ff9f5b30000 - 0x00007ff9f5b60000 	C:\WINDOWS\SYSTEM32\ncrypt.dll
0x00007ff9f5ae0000 - 0x00007ff9f5b1f000 	C:\WINDOWS\SYSTEM32\NTASN1.dll
0x00007ff97b870000 - 0x00007ff97b878000 	C:\WINDOWS\system32\wshunix.dll

JVMTI agents:
C:\Users\ksj04\.gradle\wrapper\dists\gradle-9.2.1-bin\2t0n5ozlw9xmuyvbp7dnzaxug\gradle-9.2.1\lib\agents\gradle-instrumentation-agent-9.2.1.jar path:C:\Users\ksj04\.jdks\ms-21.0.9\bin\instrument.dll, loaded, initialized, instrumentlib options:none

dbghelp: loaded successfully - version: 4.0.5 - missing functions: none
symbol engine: initialized successfully - sym options: 0x614 - pdb path: .;C:\Users\ksj04\.jdks\ms-21.0.9\bin;C:\WINDOWS\SYSTEM32;C:\WINDOWS\WinSxS\amd64_microsoft.windows.common-controls_6595b64144ccf1df_6.0.26100.7309_none_3e05feeae336a044;C:\Users\ksj04\.jdks\ms-21.0.9\bin\server;C:\Users\ksj04\.gradle\native\660c5614fbf4a5f2a75b1949f50a0caf5cd603558e7d8a26e50b933a0cfb79d1\windows-amd64;C:\Users\ksj04\.gradle\native\0.2.8\x86_64-windows-gnu

VM Arguments:
jvm_args: --add-opens=java.base/java.lang=ALL-UNNAMED --add-opens=java.base/java.lang.invoke=ALL-UNNAMED --add-opens=java.base/java.util=ALL-UNNAMED --add-opens=java.prefs/java.util.prefs=ALL-UNNAMED --add-exports=jdk.compiler/com.sun.tools.javac.api=ALL-UNNAMED --add-exports=jdk.compiler/com.sun.tools.javac.util=ALL-UNNAMED --add-opens=java.base/java.util=ALL-UNNAMED --add-opens=java.prefs/java.util.prefs=ALL-UNNAMED --add-opens=java.base/java.nio.charset=ALL-UNNAMED --add-opens=java.base/java.net=ALL-UNNAMED --add-opens=java.base/java.util.concurrent=ALL-UNNAMED --add-opens=java.base/java.util.concurrent.atomic=ALL-UNNAMED --add-opens=java.xml/javax.xml.namespace=ALL-UNNAMED --add-opens=java.base/java.time=ALL-UNNAMED -XX:MaxMetaspaceSize=384m -XX:+HeapDumpOnOutOfMemoryError -Xms256m -Xmx512m -Dfile.encoding=UTF-8 -Duser.country -Duser.language=en -Duser.variant -javaagent:C:\Users\ksj04\.gradle\wrapper\dists\gradle-9.2.1-bin\2t0n5ozlw9xmuyvbp7dnzaxug\gradle-9.2.1\lib\agents\gradle-instrumentation-agent-9.2.1.jar 
java_command: org.gradle.launcher.daemon.bootstrap.GradleDaemon 9.2.1
java_class_path (initial): C:\Users\ksj04\.gradle\wrapper\dists\gradle-9.2.1-bin\2t0n5ozlw9xmuyvbp7dnzaxug\gradle-9.2.1\lib\gradle-daemon-main-9.2.1.jar
Launcher Type: SUN_STANDARD

[Global flags]
     intx CICompilerCount                          = 4                                         {product} {ergonomic}
   size_t CompressedClassSpaceSize                 = 335544320                                 {product} {ergonomic}
     uint ConcGCThreads                            = 2                                         {product} {ergonomic}
     uint G1ConcRefinementThreads                  = 8                                         {product} {ergonomic}
   size_t G1HeapRegionSize                         = 1048576                                   {product} {ergonomic}
    uintx GCDrainStackTargetSize                   = 64                                        {product} {ergonomic}
     bool HeapDumpOnOutOfMemoryError               = true                                   {manageable} {command line}
   size_t InitialHeapSize                          = 268435456                                 {product} {command line}
   size_t MarkStackSize                            = 4194304                                   {product} {ergonomic}
   size_t MaxHeapSize                              = 536870912                                 {product} {command line}
   size_t MaxMetaspaceSize                         = 402653184                                 {product} {command line}
   size_t MaxNewSize                               = 321912832                                 {product} {ergonomic}
   size_t MinHeapDeltaBytes                        = 1048576                                   {product} {ergonomic}
   size_t MinHeapSize                              = 268435456                                 {product} {command line}
    uintx NonNMethodCodeHeapSize                   = 5839372                                {pd product} {ergonomic}
    uintx NonProfiledCodeHeapSize                  = 122909434                              {pd product} {ergonomic}
    uintx ProfiledCodeHeapSize                     = 122909434                              {pd product} {ergonomic}
    uintx ReservedCodeCacheSize                    = 251658240                              {pd product} {ergonomic}
     bool SegmentedCodeCache                       = true                                      {product} {ergonomic}
   size_t SoftMaxHeapSize                          = 536870912                              {manageable} {ergonomic}
     bool UseCompressedOops                        = true                           {product lp64_product} {ergonomic}
     bool UseG1GC                                  = true                                      {product} {ergonomic}
     bool UseLargePagesIndividualAllocation        = false                                  {pd product} {ergonomic}

Logging:
Log output configuration:
 #0: stdout all=warning uptime,level,tags foldmultilines=false
 #1: stderr all=off uptime,level,tags foldmultilines=false

Release file:
IMPLEMENTOR="Microsoft" 
IMPLEMENTOR_VERSION="Microsoft-12574459" 
JAVA_RUNTIME_VERSION="21.0.9+10-LTS" 
JAVA_VERSION="21.0.9" 
JAVA_VERSION_DATE="2025-10-21" 
LIBC="default" 
MODULES="java.base java.compiler java.datatransfer java.xml java.prefs java.desktop java.instrument java.logging java.management java.security.sasl java.naming java.rmi java.management.rmi java.net.http java.scripting java.security.jgss java.transaction.xa java.sql java.sql.rowset java.xml.crypto java.se java.smartcardio jdk.accessibility jdk.internal.jvmstat jdk.attach jdk.charsets jdk.internal.opt jdk.zipfs jdk.compiler jdk.crypto.ec jdk.crypto.cryptoki jdk.crypto.mscapi jdk.dynalink jdk.internal.ed jdk.editpad jdk.hotspot.agent jdk.httpserver jdk.incubator.vector jdk.internal.le jdk.internal.vm.ci jdk.internal.vm.compiler jdk.internal.vm.compiler.management jdk.jartool jdk.javadoc jdk.jcmd jdk.management jdk.management.agent jdk.jconsole jdk.jdeps jdk.jdwp.agent jdk.jdi jdk.jfr jdk.jlink jdk.jpackage jdk.jshell jdk.jsobject jdk.jstatd jdk.localedata jdk.management.jfr jdk.naming.dns jdk.naming.rmi jdk.net jdk.nio.mapmode jdk.random jdk.sctp jdk.security.auth jdk.security.jgss jdk.unsupported jdk.unsupported.desktop jdk.xml.dom" 
OS_ARCH="x86_64" 
OS_NAME="Windows" 
SOURCE=".:git:e0bc49609000" 

Environment Variables:
PATH=%JAVA_HOME%\bin;%JAVA_HOME%\bin;%JAVA_HOME%\bin;C:\WINDOWS\System32;C:\Program Files\MySQL\MySQL Server 8.0\bin;C:\Python313\Scripts\;C:\Python313\;C:\Users\ksj04\AppData\Local\Microsoft\WindowsApps;C:\Users\ksj04\AppData\Local\Programs\Microsoft VS Code\bin;C:\Users\ksj04\AppData\Local\SOOP;C:\Program Files\MySQL\MySQ;C:\Users\ksj04\Downloads\apache-maven-3.9.9-bin\bin;C:\WINDOWS\system32;C:\WINDOWS;C:\WINDOWS\System32\Wbem;C:\WINDOWS\System32\WindowsPowerShell\v1.0\;C:\WINDOWS\System32\OpenSSH\;C:\Program Files\dotnet\;C:\Program Files\Git\cmd;C:\Program Files\nodejs\;C:\Program Files\GitHub CLI\;C:\Program Files\MySQL\MySQL Server 8.0\bin;C:\Python313\Scripts\;C:\Python313\;C:\Users\ksj04\AppData\Local\Microsoft\WindowsApps;C:\Users\ksj04\AppData\Local\Programs\Microsoft VS Code\bin;C:\Users\ksj04\AppData\Local\SOOP;C:\Program Files\MySQL\MySQ;C:\Users\ksj04\Downloads\apache-maven-3.9.9-bin\bin;C:\WINDOWS\system32;C:\WINDOWS;C:\WINDOWS\System32\Wbem;C:\WINDOWS\System32\WindowsPowerShell\v1.0\;C:\WINDOWS\System32\OpenSSH\;C:\Program Files\dotnet\;C:\Program Files\Git\cmd;C:\Program Files\nodejs\;C:\Program Files\GitHub CLI\;C:\Program Files\MySQL\MySQL Server 8.0\bin;C:\Python313\Scripts\;C:\Python313\;C:\Users\ksj04\AppData\Local\Microsoft\WindowsApps;C:\Users\ksj04\AppData\Local\Programs\Microsoft VS Code\bin;C:\Users\ksj04\AppData\Local\SOOP;C:\Program Files\MySQL\MySQ;C:\Users\ksj04\Downloads\apache-maven-3.9.9-bin\bin;C:\WINDOWS\system32;C:\WINDOWS;C:\WINDOWS\System32\Wbem;C:\WINDOWS\System32\WindowsPowerShell\v1.0\;C:\WINDOWS\System32\OpenSSH\;C:\Program Files\dotnet\;C:\Program Files\Git\cmd;C:\Program Files\nodejs\;C:\Program Files\GitHub CLI\;C:\Users\ksj04\AppData\Local\Programs\Python\Python313\Scripts\;C:\Users\ksj04\AppData\Local\Programs\Python\Python313\;C:\Users\ksj04\AppData\Local\Microsoft\WindowsApps;C:\Users\ksj04\AppData\Local\SOOP;C:\Users\ksj04\AppData\Local\Programs\Microsoft VS Code\bin;C:\Users\ksj04\flutter_windows_3.29.2-stable\flutter\bin;%JAVA_HOME%\bin;C:\Program Files\ngrok-v3-stable-windows-amd64;C:\Users\ksj04\AppData\Roaming\npm
USERNAME=ksj04
OS=Windows_NT
PROCESSOR_IDENTIFIER=Intel64 Family 6 Model 142 Stepping 12, GenuineIntel
TMP=C:\Users\ksj04\AppData\Local\Temp
TEMP=C:\Users\ksj04\AppData\Local\Temp




Periodic native trim disabled

---------------  S Y S T E M  ---------------

OS:
 Windows 11 , 64 bit Build 26100 (10.0.26100.7309)
OS uptime: 0 days 1:33 hours

CPU: total 8 (initial active 8) (4 cores per cpu, 2 threads per core) family 6 model 142 stepping 12 microcode 0xde, cx8, cmov, fxsr, ht, mmx, 3dnowpref, sse, sse2, sse3, ssse3, sse4.1, sse4.2, popcnt, lzcnt, tsc, tscinvbit, avx, avx2, aes, erms, clmul, bmi1, bmi2, adx, fma, vzeroupper, clflush, clflushopt, rdtscp, f16c
Processor Information for the first 8 processors :
  Max Mhz: 2112, Current Mhz: 1609, Mhz Limit: 1605

Memory: 4k page, system-wide physical 7973M (679M free)
TotalPageFile size 18779M (AvailPageFile size 1M)
current process WorkingSet (physical memory assigned to process): 143M, peak: 151M
current process commit charge ("private bytes"): 402M, peak: 415M

vm_info: OpenJDK 64-Bit Server VM (21.0.9+10-LTS) for windows-amd64 JRE (21.0.9+10-LTS), built on 2025-10-13T22:04:36Z by "MicrosoftCorporation" with unknown MS VC++:1944

END.
