#
# There is insufficient memory for the Java Runtime Environment to continue.
# Native memory allocation (malloc) failed to allocate 911056 bytes. Error detail: Chunk::new
# Possible reasons:
#   The system is out of physical RAM or swap space
#   This process is running with CompressedOops enabled, and the Java Heap may be blocking the growth of the native heap
# Possible solutions:
#   Reduce memory load on the system
#   Increase physical memory or swap space
#   Check if swap backing store is full
#   Decrease Java heap size (-Xmx/-Xms)
#   Decrease number of Java threads
#   Decrease Java thread stack sizes (-Xss)
#   Set larger code cache with -XX:ReservedCodeCacheSize=
#   JVM is running with Unscaled Compressed Oops mode in which the Java heap is
#     placed in the first 4GB address space. The Java Heap base address is the
#     maximum limit for the native heap growth. Please use -XX:HeapBaseMinAddress
#     to set the Java Heap base and to place the Java Heap above 4GB virtual address.
# This output file may be truncated or incomplete.
#
#  Out of Memory Error (arena.cpp:168), pid=7632, tid=17452
#
# JRE version: OpenJDK Runtime Environment Microsoft-12574459 (21.0.9+10) (build 21.0.9+10-LTS)
# Java VM: OpenJDK 64-Bit Server VM Microsoft-12574459 (21.0.9+10-LTS, mixed mode, sharing, tiered, compressed oops, compressed class ptrs, g1 gc, windows-amd64)
# No core dump will be written. Minidumps are not enabled by default on client versions of Windows
#

---------------  S U M M A R Y ------------

Command Line: --add-opens=java.base/java.lang=ALL-UNNAMED --add-opens=java.base/java.lang.invoke=ALL-UNNAMED --add-opens=java.base/java.util=ALL-UNNAMED --add-opens=java.prefs/java.util.prefs=ALL-UNNAMED --add-exports=jdk.compiler/com.sun.tools.javac.api=ALL-UNNAMED --add-exports=jdk.compiler/com.sun.tools.javac.util=ALL-UNNAMED --add-opens=java.base/java.util=ALL-UNNAMED --add-opens=java.prefs/java.util.prefs=ALL-UNNAMED --add-opens=java.base/java.nio.charset=ALL-UNNAMED --add-opens=java.base/java.net=ALL-UNNAMED --add-opens=java.base/java.util.concurrent=ALL-UNNAMED --add-opens=java.base/java.util.concurrent.atomic=ALL-UNNAMED --add-opens=java.xml/javax.xml.namespace=ALL-UNNAMED --add-opens=java.base/java.time=ALL-UNNAMED -XX:MaxMetaspaceSize=384m -XX:+HeapDumpOnOutOfMemoryError -Xms256m -Xmx512m -Dfile.encoding=UTF-8 -Duser.country -Duser.language=en -Duser.variant -javaagent:C:\Users\ksj04\.gradle\wrapper\dists\gradle-9.2.1-bin\2t0n5ozlw9xmuyvbp7dnzaxug\gradle-9.2.1\lib\agents\gradle-instrumentation-agent-9.2.1.jar org.gradle.launcher.daemon.bootstrap.GradleDaemon 9.2.1

Host: Intel(R) Core(TM) i5-10210U CPU @ 1.60GHz, 8 cores, 7G,  Windows 11 , 64 bit Build 26100 (10.0.26100.7309)
Time: Fri Dec 19 21:51:41 2025 elapsed time: 205.237084 seconds (0d 0h 3m 25s)

---------------  T H R E A D  ---------------

Current thread (0x0000029ce35bc4e0):  JavaThread "C2 CompilerThread0" daemon [_thread_in_native, id=17452, stack(0x000000d3c2f00000,0x000000d3c3000000) (1024K)]


Current CompileTask:
C2:205237 4735       4       javax.management.ObjectName::construct (1135 bytes)

Stack: [0x000000d3c2f00000,0x000000d3c3000000]
Native frames: (J=compiled Java code, j=interpreted, Vv=VM code, C=native code)
V  [jvm.dll+0x6df259]  (no source info available)
V  [jvm.dll+0x8bfe4b]  (no source info available)
V  [jvm.dll+0x8c23da]  (no source info available)
V  [jvm.dll+0x8c2ab3]  (no source info available)
V  [jvm.dll+0x28a416]  (no source info available)
V  [jvm.dll+0xc903d]  (no source info available)
V  [jvm.dll+0xc958c]  (no source info available)
V  [jvm.dll+0x3c7cc2]  (no source info available)
V  [jvm.dll+0x1ea3b6]  (no source info available)
V  [jvm.dll+0x2521f3]  (no source info available)
V  [jvm.dll+0x2516c3]  (no source info available)
V  [jvm.dll+0x1d18cf]  (no source info available)
V  [jvm.dll+0x26138a]  (no source info available)
V  [jvm.dll+0x25f6f5]  (no source info available)
V  [jvm.dll+0x401aad]  (no source info available)
V  [jvm.dll+0x869f7d]  (no source info available)
V  [jvm.dll+0x6e080d]  (no source info available)
C  [ucrtbase.dll+0x37b0]  (no source info available)
C  [KERNEL32.DLL+0x2e8d7]  (no source info available)
C  [ntdll.dll+0x8c53c]  (no source info available)


---------------  P R O C E S S  ---------------

Threads class SMR info:
_java_thread_list=0x0000029cff639120, length=37, elements={
0x0000029cc86ee0b0, 0x0000029ce35b3740, 0x0000029ce35b4e00, 0x0000029ce35b7860,
0x0000029ce35ba2c0, 0x0000029ce35bad10, 0x0000029ce35bb760, 0x0000029ce35bc4e0,
0x0000029ce35bfd30, 0x0000029ce36c63d0, 0x0000029ce387be80, 0x0000029cfd7b00b0,
0x0000029cfd8621e0, 0x0000029cfe3bf9e0, 0x0000029cfe370a40, 0x0000029cfe7cab10,
0x0000029cfde750c0, 0x0000029cfe933b00, 0x0000029cfe1e74c0, 0x0000029cfe1e7b50,
0x0000029cfe1e53f0, 0x0000029cfe1e8870, 0x0000029cfe1e5a80, 0x0000029cfe1e6110,
0x0000029cfe1e67a0, 0x0000029cfe1e6e30, 0x0000029c809ee640, 0x0000029c809ef9f0,
0x0000029c809ed920, 0x0000029c809edfb0, 0x0000029c809eecd0, 0x0000029c809ecc00,
0x0000029c809f0710, 0x0000029c809ef360, 0x0000029c809ed290, 0x0000029c809f0080,
0x0000029c809f2150
}

Java Threads: ( => current thread )
  0x0000029cc86ee0b0 JavaThread "main"                              [_thread_blocked, id=10600, stack(0x000000d3c2000000,0x000000d3c2100000) (1024K)]
  0x0000029ce35b3740 JavaThread "Reference Handler"          daemon [_thread_blocked, id=18284, stack(0x000000d3c2900000,0x000000d3c2a00000) (1024K)]
  0x0000029ce35b4e00 JavaThread "Finalizer"                  daemon [_thread_blocked, id=18592, stack(0x000000d3c2a00000,0x000000d3c2b00000) (1024K)]
  0x0000029ce35b7860 JavaThread "Signal Dispatcher"          daemon [_thread_blocked, id=16496, stack(0x000000d3c2b00000,0x000000d3c2c00000) (1024K)]
  0x0000029ce35ba2c0 JavaThread "Attach Listener"            daemon [_thread_blocked, id=17048, stack(0x000000d3c2c00000,0x000000d3c2d00000) (1024K)]
  0x0000029ce35bad10 JavaThread "Service Thread"             daemon [_thread_blocked, id=16680, stack(0x000000d3c2d00000,0x000000d3c2e00000) (1024K)]
  0x0000029ce35bb760 JavaThread "Monitor Deflation Thread"   daemon [_thread_blocked, id=16072, stack(0x000000d3c2e00000,0x000000d3c2f00000) (1024K)]
=>0x0000029ce35bc4e0 JavaThread "C2 CompilerThread0"         daemon [_thread_in_native, id=17452, stack(0x000000d3c2f00000,0x000000d3c3000000) (1024K)]
  0x0000029ce35bfd30 JavaThread "C1 CompilerThread0"         daemon [_thread_blocked, id=14260, stack(0x000000d3c3000000,0x000000d3c3100000) (1024K)]
  0x0000029ce36c63d0 JavaThread "Common-Cleaner"             daemon [_thread_blocked, id=19144, stack(0x000000d3c3100000,0x000000d3c3200000) (1024K)]
  0x0000029ce387be80 JavaThread "Notification Thread"        daemon [_thread_blocked, id=17608, stack(0x000000d3c3200000,0x000000d3c3300000) (1024K)]
  0x0000029cfd7b00b0 JavaThread "Daemon health stats"               [_thread_blocked, id=16720, stack(0x000000d3c1e00000,0x000000d3c1f00000) (1024K)]
  0x0000029cfd8621e0 JavaThread "Incoming local TCP Connector on port 49815"        [_thread_in_native, id=19148, stack(0x000000d3c3a00000,0x000000d3c3b00000) (1024K)]
  0x0000029cfe3bf9e0 JavaThread "Daemon periodic checks"            [_thread_blocked, id=19664, stack(0x000000d3c3b00000,0x000000d3c3c00000) (1024K)]
  0x0000029cfe370a40 JavaThread "Daemon"                            [_thread_blocked, id=7200, stack(0x000000d3c3c00000,0x000000d3c3d00000) (1024K)]
  0x0000029cfe7cab10 JavaThread "Handler for socket connection from /127.0.0.1:49815 to /127.0.0.1:49819"        [_thread_in_native, id=20076, stack(0x000000d3c3d00000,0x000000d3c3e00000) (1024K)]
  0x0000029cfde750c0 JavaThread "Cancel handler"                    [_thread_blocked, id=12024, stack(0x000000d3c3e00000,0x000000d3c3f00000) (1024K)]
  0x0000029cfe933b00 JavaThread "Daemon worker"                     [_thread_in_vm, id=21040, stack(0x000000d3c3f00000,0x000000d3c4000000) (1024K)]
  0x0000029cfe1e74c0 JavaThread "Asynchronous log dispatcher for DefaultDaemonConnection: socket connection from /127.0.0.1:49815 to /127.0.0.1:49819"        [_thread_blocked, id=12408, stack(0x000000d3c4000000,0x000000d3c4100000) (1024K)]
  0x0000029cfe1e7b50 JavaThread "Stdin handler"                     [_thread_blocked, id=14752, stack(0x000000d3c4100000,0x000000d3c4200000) (1024K)]
  0x0000029cfe1e53f0 JavaThread "Daemon client event forwarder"        [_thread_blocked, id=1636, stack(0x000000d3c4200000,0x000000d3c4300000) (1024K)]
  0x0000029cfe1e8870 JavaThread "Cache worker for journal cache (C:\Users\ksj04\.gradle\caches\journal-1)"        [_thread_blocked, id=21108, stack(0x000000d3c4300000,0x000000d3c4400000) (1024K)]
  0x0000029cfe1e5a80 JavaThread "File lock request listener"        [_thread_in_native, id=2488, stack(0x000000d3c4400000,0x000000d3c4500000) (1024K)]
  0x0000029cfe1e6110 JavaThread "File lock release action executor"        [_thread_blocked, id=19464, stack(0x000000d3c4500000,0x000000d3c4600000) (1024K)]
  0x0000029cfe1e67a0 JavaThread "Cache worker for file hash cache (C:\Users\ksj04\.gradle\caches\9.2.1\fileHashes)"        [_thread_blocked, id=16412, stack(0x000000d3c4600000,0x000000d3c4700000) (1024K)]
  0x0000029cfe1e6e30 JavaThread "Daemon Thread 2"                   [_thread_blocked, id=15332, stack(0x000000d3c4800000,0x000000d3c4900000) (1024K)]
  0x0000029c809ee640 JavaThread "Cache worker for file hash cache (C:\Users\ksj04\IdeaProjects\qwer\Backend\GDG-Page\.gradle\9.2.1\fileHashes)"        [_thread_blocked, id=13440, stack(0x000000d3c1f00000,0x000000d3c2000000) (1024K)]
  0x0000029c809ef9f0 JavaThread "Cache worker for Build Output Cleanup Cache (C:\Users\ksj04\IdeaProjects\qwer\Backend\GDG-Page\.gradle\buildOutputCleanup)"        [_thread_blocked, id=11184, stack(0x000000d3c3900000,0x000000d3c3a00000) (1024K)]
  0x0000029c809ed920 JavaThread "File watcher server"        daemon [_thread_in_native, id=21516, stack(0x000000d3c4900000,0x000000d3c4a00000) (1024K)]
  0x0000029c809edfb0 JavaThread "File watcher consumer"      daemon [_thread_blocked, id=21588, stack(0x000000d3c4a00000,0x000000d3c4b00000) (1024K)]
  0x0000029c809eecd0 JavaThread "Cache worker for checksums cache (C:\Users\ksj04\IdeaProjects\qwer\Backend\GDG-Page\.gradle\9.2.1\checksums)"        [_thread_blocked, id=21984, stack(0x000000d3c4b00000,0x000000d3c4c00000) (1024K)]
  0x0000029c809ecc00 JavaThread "Cache worker for file content cache (C:\Users\ksj04\.gradle\caches\9.2.1\fileContent)"        [_thread_blocked, id=22108, stack(0x000000d3c4c00000,0x000000d3c4d00000) (1024K)]
  0x0000029c809f0710 JavaThread "Cache worker for cache directory md-supplier (C:\Users\ksj04\.gradle\caches\9.2.1\md-supplier)"        [_thread_blocked, id=21804, stack(0x000000d3c4d00000,0x000000d3c4e00000) (1024K)]
  0x0000029c809ef360 JavaThread "Cache worker for cache directory md-rule (C:\Users\ksj04\.gradle\caches\9.2.1\md-rule)"        [_thread_blocked, id=22168, stack(0x000000d3c4e00000,0x000000d3c4f00000) (1024K)]
  0x0000029c809ed290 JavaThread "jar transforms"                    [_thread_blocked, id=9156, stack(0x000000d3c4f00000,0x000000d3c5000000) (1024K)]
  0x0000029c809f0080 JavaThread "jar transforms Thread 2"           [_thread_blocked, id=9052, stack(0x000000d3c5000000,0x000000d3c5100000) (1024K)]
  0x0000029c809f2150 JavaThread "jar transforms Thread 3"           [_thread_blocked, id=22484, stack(0x000000d3c5100000,0x000000d3c5200000) (1024K)]
Total: 37

Other Threads:
  0x0000029ce3580ec0 VMThread "VM Thread"                           [id=20944, stack(0x000000d3c2700000,0x000000d3c2800000) (1024K)]
  0x0000029ce3570860 WatcherThread "VM Periodic Task Thread"        [id=13948, stack(0x000000d3c2600000,0x000000d3c2700000) (1024K)]
  0x0000029cc871bad0 WorkerThread "GC Thread#0"                     [id=18196, stack(0x000000d3c2100000,0x000000d3c2200000) (1024K)]
  0x0000029ce36472e0 WorkerThread "GC Thread#1"                     [id=18744, stack(0x000000d3c3400000,0x000000d3c3500000) (1024K)]
  0x0000029ce380bac0 WorkerThread "GC Thread#2"                     [id=19044, stack(0x000000d3c3500000,0x000000d3c3600000) (1024K)]
  0x0000029cfd056a30 WorkerThread "GC Thread#3"                     [id=20780, stack(0x000000d3c3600000,0x000000d3c3700000) (1024K)]
  0x0000029cfd056dd0 WorkerThread "GC Thread#4"                     [id=8996, stack(0x000000d3c3700000,0x000000d3c3800000) (1024K)]
  0x0000029cfd02b7c0 WorkerThread "GC Thread#5"                     [id=10844, stack(0x000000d3c3800000,0x000000d3c3900000) (1024K)]
  0x0000029cfd862db0 WorkerThread "GC Thread#6"                     [id=6684, stack(0x000000d3c2800000,0x000000d3c2900000) (1024K)]
  0x0000029cfe06f0c0 WorkerThread "GC Thread#7"                     [id=20464, stack(0x000000d3c3300000,0x000000d3c3400000) (1024K)]
  0x0000029cc87209c0 ConcurrentGCThread "G1 Main Marker"            [id=20428, stack(0x000000d3c2200000,0x000000d3c2300000) (1024K)]
  0x0000029cc8721be0 WorkerThread "G1 Conc#0"                       [id=13344, stack(0x000000d3c2300000,0x000000d3c2400000) (1024K)]
  0x0000029cfe65e350 WorkerThread "G1 Conc#1"                       [id=9720, stack(0x000000d3c4700000,0x000000d3c4800000) (1024K)]
  0x0000029cc87ae8a0 ConcurrentGCThread "G1 Refine#0"               [id=17668, stack(0x000000d3c2400000,0x000000d3c2500000) (1024K)]
  0x0000029ce3442120 ConcurrentGCThread "G1 Service"                [id=19948, stack(0x000000d3c2500000,0x000000d3c2600000) (1024K)]
Total: 15

Threads with active compile tasks:
C2 CompilerThread0  205286 4735       4       javax.management.ObjectName::construct (1135 bytes)
Total: 1

VM state: not at safepoint (normal execution)

VM Mutex/Monitor currently owned by a thread: None

Heap address: 0x00000000e0000000, size: 512 MB, Compressed Oops mode: 32-bit

CDS archive(s) mapped at: [0x0000029ce4000000-0x0000029ce4c80000-0x0000029ce4c80000), size 13107200, SharedBaseAddress: 0x0000029ce4000000, ArchiveRelocationMode: 1.
Compressed class space mapped at: 0x0000029ce5000000-0x0000029cf9000000, reserved size: 335544320
Narrow klass base: 0x0000029ce4000000, Narrow klass shift: 0, Narrow klass range: 0x100000000

GC Precious Log:
 CardTable entry size: 512
 Card Set container configuration: InlinePtr #cards 5 size 8 Array Of Cards #cards 12 size 40 Howl #buckets 4 coarsen threshold 1843 Howl Bitmap #cards 512 size 80 coarsen threshold 460 Card regions per heap region 1 cards per card region 2048
 CPUs: 8 total, 8 available
 Memory: 7973M
 Large Page Support: Disabled
 NUMA Support: Disabled
 Compressed Oops: Enabled (32-bit)
 Heap Region Size: 1M
 Heap Min Capacity: 256M
 Heap Initial Capacity: 256M
 Heap Max Capacity: 512M
 Pre-touch: Disabled
 Parallel Workers: 8
 Concurrent Workers: 2
 Concurrent Refinement Workers: 8
 Periodic GC: Disabled

Heap:
 garbage-first heap   total 262144K, used 69234K [0x00000000e0000000, 0x0000000100000000)
  region size 1024K, 55 young (56320K), 16 survivors (16384K)
 Metaspace       used 39924K, committed 41600K, reserved 393216K
  class space    used 5778K, committed 6592K, reserved 327680K

Heap Regions: E=young(eden), S=young(survivor), O=old, HS=humongous(starts), HC=humongous(continues), CS=collection set, F=free, TAMS=top-at-mark-start, PB=parsable bottom
|   0|0x00000000e0000000, 0x00000000e0100000, 0x00000000e0100000|100%|HS|  |TAMS 0x00000000e0000000| PB 0x00000000e0000000| Complete 
|   1|0x00000000e0100000, 0x00000000e0200000, 0x00000000e0200000|100%|HC|  |TAMS 0x00000000e0100000| PB 0x00000000e0100000| Complete 
|   2|0x00000000e0200000, 0x00000000e0300000, 0x00000000e0300000|100%|HC|  |TAMS 0x00000000e0200000| PB 0x00000000e0200000| Complete 
|   3|0x00000000e0300000, 0x00000000e0400000, 0x00000000e0400000|100%|HC|  |TAMS 0x00000000e0300000| PB 0x00000000e0300000| Complete 
|   4|0x00000000e0400000, 0x00000000e0500000, 0x00000000e0500000|100%| O|  |TAMS 0x00000000e0400000| PB 0x00000000e0400000| Untracked 
|   5|0x00000000e0500000, 0x00000000e0600000, 0x00000000e0600000|100%| O|  |TAMS 0x00000000e0500000| PB 0x00000000e0500000| Untracked 
|   6|0x00000000e0600000, 0x00000000e0700000, 0x00000000e0700000|100%| O|  |TAMS 0x00000000e0600000| PB 0x00000000e0600000| Untracked 
|   7|0x00000000e0700000, 0x00000000e0800000, 0x00000000e0800000|100%|HS|  |TAMS 0x00000000e0700000| PB 0x00000000e0700000| Complete 
|   8|0x00000000e0800000, 0x00000000e0900000, 0x00000000e0900000|100%| O|  |TAMS 0x00000000e0800000| PB 0x00000000e0800000| Untracked 
|   9|0x00000000e0900000, 0x00000000e0a00000, 0x00000000e0a00000|100%| O|  |TAMS 0x00000000e0900000| PB 0x00000000e0900000| Untracked 
|  10|0x00000000e0a00000, 0x00000000e0b00000, 0x00000000e0b00000|100%| O|  |TAMS 0x00000000e0a00000| PB 0x00000000e0a00000| Untracked 
|  11|0x00000000e0b00000, 0x00000000e0c00000, 0x00000000e0c00000|100%| O|  |TAMS 0x00000000e0b00000| PB 0x00000000e0b00000| Untracked 
|  12|0x00000000e0c00000, 0x00000000e0d00000, 0x00000000e0d00000|100%| O|  |TAMS 0x00000000e0c00000| PB 0x00000000e0c00000| Untracked 
|  13|0x00000000e0d00000, 0x00000000e0e00000, 0x00000000e0e00000|100%| O|  |TAMS 0x00000000e0d00000| PB 0x00000000e0d00000| Untracked 
|  14|0x00000000e0e00000, 0x00000000e0e00000, 0x00000000e0f00000|  0%| F|  |TAMS 0x00000000e0e00000| PB 0x00000000e0e00000| Untracked 
|  15|0x00000000e0f00000, 0x00000000e0f00000, 0x00000000e1000000|  0%| F|  |TAMS 0x00000000e0f00000| PB 0x00000000e0f00000| Untracked 
|  16|0x00000000e1000000, 0x00000000e1000000, 0x00000000e1100000|  0%| F|  |TAMS 0x00000000e1000000| PB 0x00000000e1000000| Untracked 
|  17|0x00000000e1100000, 0x00000000e1100000, 0x00000000e1200000|  0%| F|  |TAMS 0x00000000e1100000| PB 0x00000000e1100000| Untracked 
|  18|0x00000000e1200000, 0x00000000e1200000, 0x00000000e1300000|  0%| F|  |TAMS 0x00000000e1200000| PB 0x00000000e1200000| Untracked 
|  19|0x00000000e1300000, 0x00000000e1300000, 0x00000000e1400000|  0%| F|  |TAMS 0x00000000e1300000| PB 0x00000000e1300000| Untracked 
|  20|0x00000000e1400000, 0x00000000e1400000, 0x00000000e1500000|  0%| F|  |TAMS 0x00000000e1400000| PB 0x00000000e1400000| Untracked 
|  21|0x00000000e1500000, 0x00000000e1500000, 0x00000000e1600000|  0%| F|  |TAMS 0x00000000e1500000| PB 0x00000000e1500000| Untracked 
|  22|0x00000000e1600000, 0x00000000e1600000, 0x00000000e1700000|  0%| F|  |TAMS 0x00000000e1600000| PB 0x00000000e1600000| Untracked 
|  23|0x00000000e1700000, 0x00000000e1700000, 0x00000000e1800000|  0%| F|  |TAMS 0x00000000e1700000| PB 0x00000000e1700000| Untracked 
|  24|0x00000000e1800000, 0x00000000e1800000, 0x00000000e1900000|  0%| F|  |TAMS 0x00000000e1800000| PB 0x00000000e1800000| Untracked 
|  25|0x00000000e1900000, 0x00000000e1900000, 0x00000000e1a00000|  0%| F|  |TAMS 0x00000000e1900000| PB 0x00000000e1900000| Untracked 
|  26|0x00000000e1a00000, 0x00000000e1a00000, 0x00000000e1b00000|  0%| F|  |TAMS 0x00000000e1a00000| PB 0x00000000e1a00000| Untracked 
|  27|0x00000000e1b00000, 0x00000000e1b00000, 0x00000000e1c00000|  0%| F|  |TAMS 0x00000000e1b00000| PB 0x00000000e1b00000| Untracked 
|  28|0x00000000e1c00000, 0x00000000e1c00000, 0x00000000e1d00000|  0%| F|  |TAMS 0x00000000e1c00000| PB 0x00000000e1c00000| Untracked 
|  29|0x00000000e1d00000, 0x00000000e1d00000, 0x00000000e1e00000|  0%| F|  |TAMS 0x00000000e1d00000| PB 0x00000000e1d00000| Untracked 
|  30|0x00000000e1e00000, 0x00000000e1e00000, 0x00000000e1f00000|  0%| F|  |TAMS 0x00000000e1e00000| PB 0x00000000e1e00000| Untracked 
|  31|0x00000000e1f00000, 0x00000000e1f00000, 0x00000000e2000000|  0%| F|  |TAMS 0x00000000e1f00000| PB 0x00000000e1f00000| Untracked 
|  32|0x00000000e2000000, 0x00000000e2000000, 0x00000000e2100000|  0%| F|  |TAMS 0x00000000e2000000| PB 0x00000000e2000000| Untracked 
|  33|0x00000000e2100000, 0x00000000e2100000, 0x00000000e2200000|  0%| F|  |TAMS 0x00000000e2100000| PB 0x00000000e2100000| Untracked 
|  34|0x00000000e2200000, 0x00000000e2200000, 0x00000000e2300000|  0%| F|  |TAMS 0x00000000e2200000| PB 0x00000000e2200000| Untracked 
|  35|0x00000000e2300000, 0x00000000e2300000, 0x00000000e2400000|  0%| F|  |TAMS 0x00000000e2300000| PB 0x00000000e2300000| Untracked 
|  36|0x00000000e2400000, 0x00000000e2400000, 0x00000000e2500000|  0%| F|  |TAMS 0x00000000e2400000| PB 0x00000000e2400000| Untracked 
|  37|0x00000000e2500000, 0x00000000e2500000, 0x00000000e2600000|  0%| F|  |TAMS 0x00000000e2500000| PB 0x00000000e2500000| Untracked 
|  38|0x00000000e2600000, 0x00000000e2600000, 0x00000000e2700000|  0%| F|  |TAMS 0x00000000e2600000| PB 0x00000000e2600000| Untracked 
|  39|0x00000000e2700000, 0x00000000e2700000, 0x00000000e2800000|  0%| F|  |TAMS 0x00000000e2700000| PB 0x00000000e2700000| Untracked 
|  40|0x00000000e2800000, 0x00000000e2800000, 0x00000000e2900000|  0%| F|  |TAMS 0x00000000e2800000| PB 0x00000000e2800000| Untracked 
|  41|0x00000000e2900000, 0x00000000e2900000, 0x00000000e2a00000|  0%| F|  |TAMS 0x00000000e2900000| PB 0x00000000e2900000| Untracked 
|  42|0x00000000e2a00000, 0x00000000e2a00000, 0x00000000e2b00000|  0%| F|  |TAMS 0x00000000e2a00000| PB 0x00000000e2a00000| Untracked 
|  43|0x00000000e2b00000, 0x00000000e2b00000, 0x00000000e2c00000|  0%| F|  |TAMS 0x00000000e2b00000| PB 0x00000000e2b00000| Untracked 
|  44|0x00000000e2c00000, 0x00000000e2c00000, 0x00000000e2d00000|  0%| F|  |TAMS 0x00000000e2c00000| PB 0x00000000e2c00000| Untracked 
|  45|0x00000000e2d00000, 0x00000000e2d00000, 0x00000000e2e00000|  0%| F|  |TAMS 0x00000000e2d00000| PB 0x00000000e2d00000| Untracked 
|  46|0x00000000e2e00000, 0x00000000e2e00000, 0x00000000e2f00000|  0%| F|  |TAMS 0x00000000e2e00000| PB 0x00000000e2e00000| Untracked 
|  47|0x00000000e2f00000, 0x00000000e2f00000, 0x00000000e3000000|  0%| F|  |TAMS 0x00000000e2f00000| PB 0x00000000e2f00000| Untracked 
|  48|0x00000000e3000000, 0x00000000e3000000, 0x00000000e3100000|  0%| F|  |TAMS 0x00000000e3000000| PB 0x00000000e3000000| Untracked 
|  49|0x00000000e3100000, 0x00000000e3100000, 0x00000000e3200000|  0%| F|  |TAMS 0x00000000e3100000| PB 0x00000000e3100000| Untracked 
|  50|0x00000000e3200000, 0x00000000e3200000, 0x00000000e3300000|  0%| F|  |TAMS 0x00000000e3200000| PB 0x00000000e3200000| Untracked 
|  51|0x00000000e3300000, 0x00000000e3300000, 0x00000000e3400000|  0%| F|  |TAMS 0x00000000e3300000| PB 0x00000000e3300000| Untracked 
|  52|0x00000000e3400000, 0x00000000e3400000, 0x00000000e3500000|  0%| F|  |TAMS 0x00000000e3400000| PB 0x00000000e3400000| Untracked 
|  53|0x00000000e3500000, 0x00000000e3500000, 0x00000000e3600000|  0%| F|  |TAMS 0x00000000e3500000| PB 0x00000000e3500000| Untracked 
|  54|0x00000000e3600000, 0x00000000e3600000, 0x00000000e3700000|  0%| F|  |TAMS 0x00000000e3600000| PB 0x00000000e3600000| Untracked 
|  55|0x00000000e3700000, 0x00000000e3700000, 0x00000000e3800000|  0%| F|  |TAMS 0x00000000e3700000| PB 0x00000000e3700000| Untracked 
|  56|0x00000000e3800000, 0x00000000e3800000, 0x00000000e3900000|  0%| F|  |TAMS 0x00000000e3800000| PB 0x00000000e3800000| Untracked 
|  57|0x00000000e3900000, 0x00000000e3900000, 0x00000000e3a00000|  0%| F|  |TAMS 0x00000000e3900000| PB 0x00000000e3900000| Untracked 
|  58|0x00000000e3a00000, 0x00000000e3a00000, 0x00000000e3b00000|  0%| F|  |TAMS 0x00000000e3a00000| PB 0x00000000e3a00000| Untracked 
|  59|0x00000000e3b00000, 0x00000000e3b00000, 0x00000000e3c00000|  0%| F|  |TAMS 0x00000000e3b00000| PB 0x00000000e3b00000| Untracked 
|  60|0x00000000e3c00000, 0x00000000e3c00000, 0x00000000e3d00000|  0%| F|  |TAMS 0x00000000e3c00000| PB 0x00000000e3c00000| Untracked 
|  61|0x00000000e3d00000, 0x00000000e3d00000, 0x00000000e3e00000|  0%| F|  |TAMS 0x00000000e3d00000| PB 0x00000000e3d00000| Untracked 
|  62|0x00000000e3e00000, 0x00000000e3e00000, 0x00000000e3f00000|  0%| F|  |TAMS 0x00000000e3e00000| PB 0x00000000e3e00000| Untracked 
|  63|0x00000000e3f00000, 0x00000000e3f00000, 0x00000000e4000000|  0%| F|  |TAMS 0x00000000e3f00000| PB 0x00000000e3f00000| Untracked 
|  64|0x00000000e4000000, 0x00000000e4000000, 0x00000000e4100000|  0%| F|  |TAMS 0x00000000e4000000| PB 0x00000000e4000000| Untracked 
|  65|0x00000000e4100000, 0x00000000e4100000, 0x00000000e4200000|  0%| F|  |TAMS 0x00000000e4100000| PB 0x00000000e4100000| Untracked 
|  66|0x00000000e4200000, 0x00000000e4200000, 0x00000000e4300000|  0%| F|  |TAMS 0x00000000e4200000| PB 0x00000000e4200000| Untracked 
|  67|0x00000000e4300000, 0x00000000e4300000, 0x00000000e4400000|  0%| F|  |TAMS 0x00000000e4300000| PB 0x00000000e4300000| Untracked 
|  68|0x00000000e4400000, 0x00000000e4400000, 0x00000000e4500000|  0%| F|  |TAMS 0x00000000e4400000| PB 0x00000000e4400000| Untracked 
|  69|0x00000000e4500000, 0x00000000e4500000, 0x00000000e4600000|  0%| F|  |TAMS 0x00000000e4500000| PB 0x00000000e4500000| Untracked 
|  70|0x00000000e4600000, 0x00000000e4600000, 0x00000000e4700000|  0%| F|  |TAMS 0x00000000e4600000| PB 0x00000000e4600000| Untracked 
|  71|0x00000000e4700000, 0x00000000e4700000, 0x00000000e4800000|  0%| F|  |TAMS 0x00000000e4700000| PB 0x00000000e4700000| Untracked 
|  72|0x00000000e4800000, 0x00000000e4800000, 0x00000000e4900000|  0%| F|  |TAMS 0x00000000e4800000| PB 0x00000000e4800000| Untracked 
|  73|0x00000000e4900000, 0x00000000e4900000, 0x00000000e4a00000|  0%| F|  |TAMS 0x00000000e4900000| PB 0x00000000e4900000| Untracked 
|  74|0x00000000e4a00000, 0x00000000e4a00000, 0x00000000e4b00000|  0%| F|  |TAMS 0x00000000e4a00000| PB 0x00000000e4a00000| Untracked 
|  75|0x00000000e4b00000, 0x00000000e4b00000, 0x00000000e4c00000|  0%| F|  |TAMS 0x00000000e4b00000| PB 0x00000000e4b00000| Untracked 
|  76|0x00000000e4c00000, 0x00000000e4c00000, 0x00000000e4d00000|  0%| F|  |TAMS 0x00000000e4c00000| PB 0x00000000e4c00000| Untracked 
|  77|0x00000000e4d00000, 0x00000000e4d00000, 0x00000000e4e00000|  0%| F|  |TAMS 0x00000000e4d00000| PB 0x00000000e4d00000| Untracked 
|  78|0x00000000e4e00000, 0x00000000e4e00000, 0x00000000e4f00000|  0%| F|  |TAMS 0x00000000e4e00000| PB 0x00000000e4e00000| Untracked 
|  79|0x00000000e4f00000, 0x00000000e4f00000, 0x00000000e5000000|  0%| F|  |TAMS 0x00000000e4f00000| PB 0x00000000e4f00000| Untracked 
|  80|0x00000000e5000000, 0x00000000e5000000, 0x00000000e5100000|  0%| F|  |TAMS 0x00000000e5000000| PB 0x00000000e5000000| Untracked 
|  81|0x00000000e5100000, 0x00000000e5100000, 0x00000000e5200000|  0%| F|  |TAMS 0x00000000e5100000| PB 0x00000000e5100000| Untracked 
|  82|0x00000000e5200000, 0x00000000e5200000, 0x00000000e5300000|  0%| F|  |TAMS 0x00000000e5200000| PB 0x00000000e5200000| Untracked 
|  83|0x00000000e5300000, 0x00000000e5300000, 0x00000000e5400000|  0%| F|  |TAMS 0x00000000e5300000| PB 0x00000000e5300000| Untracked 
|  84|0x00000000e5400000, 0x00000000e5400000, 0x00000000e5500000|  0%| F|  |TAMS 0x00000000e5400000| PB 0x00000000e5400000| Untracked 
|  85|0x00000000e5500000, 0x00000000e5500000, 0x00000000e5600000|  0%| F|  |TAMS 0x00000000e5500000| PB 0x00000000e5500000| Untracked 
|  86|0x00000000e5600000, 0x00000000e5600000, 0x00000000e5700000|  0%| F|  |TAMS 0x00000000e5600000| PB 0x00000000e5600000| Untracked 
|  87|0x00000000e5700000, 0x00000000e5700000, 0x00000000e5800000|  0%| F|  |TAMS 0x00000000e5700000| PB 0x00000000e5700000| Untracked 
|  88|0x00000000e5800000, 0x00000000e5800000, 0x00000000e5900000|  0%| F|  |TAMS 0x00000000e5800000| PB 0x00000000e5800000| Untracked 
|  89|0x00000000e5900000, 0x00000000e5900000, 0x00000000e5a00000|  0%| F|  |TAMS 0x00000000e5900000| PB 0x00000000e5900000| Untracked 
|  90|0x00000000e5a00000, 0x00000000e5a00000, 0x00000000e5b00000|  0%| F|  |TAMS 0x00000000e5a00000| PB 0x00000000e5a00000| Untracked 
|  91|0x00000000e5b00000, 0x00000000e5b00000, 0x00000000e5c00000|  0%| F|  |TAMS 0x00000000e5b00000| PB 0x00000000e5b00000| Untracked 
|  92|0x00000000e5c00000, 0x00000000e5c00000, 0x00000000e5d00000|  0%| F|  |TAMS 0x00000000e5c00000| PB 0x00000000e5c00000| Untracked 
|  93|0x00000000e5d00000, 0x00000000e5d00000, 0x00000000e5e00000|  0%| F|  |TAMS 0x00000000e5d00000| PB 0x00000000e5d00000| Untracked 
|  94|0x00000000e5e00000, 0x00000000e5e00000, 0x00000000e5f00000|  0%| F|  |TAMS 0x00000000e5e00000| PB 0x00000000e5e00000| Untracked 
|  95|0x00000000e5f00000, 0x00000000e5f00000, 0x00000000e6000000|  0%| F|  |TAMS 0x00000000e5f00000| PB 0x00000000e5f00000| Untracked 
|  96|0x00000000e6000000, 0x00000000e6000000, 0x00000000e6100000|  0%| F|  |TAMS 0x00000000e6000000| PB 0x00000000e6000000| Untracked 
|  97|0x00000000e6100000, 0x00000000e6100000, 0x00000000e6200000|  0%| F|  |TAMS 0x00000000e6100000| PB 0x00000000e6100000| Untracked 
|  98|0x00000000e6200000, 0x00000000e6200000, 0x00000000e6300000|  0%| F|  |TAMS 0x00000000e6200000| PB 0x00000000e6200000| Untracked 
|  99|0x00000000e6300000, 0x00000000e6300000, 0x00000000e6400000|  0%| F|  |TAMS 0x00000000e6300000| PB 0x00000000e6300000| Untracked 
| 100|0x00000000e6400000, 0x00000000e6400000, 0x00000000e6500000|  0%| F|  |TAMS 0x00000000e6400000| PB 0x00000000e6400000| Untracked 
| 101|0x00000000e6500000, 0x00000000e6500000, 0x00000000e6600000|  0%| F|  |TAMS 0x00000000e6500000| PB 0x00000000e6500000| Untracked 
| 102|0x00000000e6600000, 0x00000000e6600000, 0x00000000e6700000|  0%| F|  |TAMS 0x00000000e6600000| PB 0x00000000e6600000| Untracked 
| 103|0x00000000e6700000, 0x00000000e6700000, 0x00000000e6800000|  0%| F|  |TAMS 0x00000000e6700000| PB 0x00000000e6700000| Untracked 
| 104|0x00000000e6800000, 0x00000000e6800000, 0x00000000e6900000|  0%| F|  |TAMS 0x00000000e6800000| PB 0x00000000e6800000| Untracked 
| 105|0x00000000e6900000, 0x00000000e6900000, 0x00000000e6a00000|  0%| F|  |TAMS 0x00000000e6900000| PB 0x00000000e6900000| Untracked 
| 106|0x00000000e6a00000, 0x00000000e6a00000, 0x00000000e6b00000|  0%| F|  |TAMS 0x00000000e6a00000| PB 0x00000000e6a00000| Untracked 
| 107|0x00000000e6b00000, 0x00000000e6b00000, 0x00000000e6c00000|  0%| F|  |TAMS 0x00000000e6b00000| PB 0x00000000e6b00000| Untracked 
| 108|0x00000000e6c00000, 0x00000000e6c00000, 0x00000000e6d00000|  0%| F|  |TAMS 0x00000000e6c00000| PB 0x00000000e6c00000| Untracked 
| 109|0x00000000e6d00000, 0x00000000e6d00000, 0x00000000e6e00000|  0%| F|  |TAMS 0x00000000e6d00000| PB 0x00000000e6d00000| Untracked 
| 110|0x00000000e6e00000, 0x00000000e6e00000, 0x00000000e6f00000|  0%| F|  |TAMS 0x00000000e6e00000| PB 0x00000000e6e00000| Untracked 
| 111|0x00000000e6f00000, 0x00000000e6f00000, 0x00000000e7000000|  0%| F|  |TAMS 0x00000000e6f00000| PB 0x00000000e6f00000| Untracked 
| 112|0x00000000e7000000, 0x00000000e7000000, 0x00000000e7100000|  0%| F|  |TAMS 0x00000000e7000000| PB 0x00000000e7000000| Untracked 
| 113|0x00000000e7100000, 0x00000000e7100000, 0x00000000e7200000|  0%| F|  |TAMS 0x00000000e7100000| PB 0x00000000e7100000| Untracked 
| 114|0x00000000e7200000, 0x00000000e7200000, 0x00000000e7300000|  0%| F|  |TAMS 0x00000000e7200000| PB 0x00000000e7200000| Untracked 
| 115|0x00000000e7300000, 0x00000000e7300000, 0x00000000e7400000|  0%| F|  |TAMS 0x00000000e7300000| PB 0x00000000e7300000| Untracked 
| 116|0x00000000e7400000, 0x00000000e7400000, 0x00000000e7500000|  0%| F|  |TAMS 0x00000000e7400000| PB 0x00000000e7400000| Untracked 
| 117|0x00000000e7500000, 0x00000000e7500000, 0x00000000e7600000|  0%| F|  |TAMS 0x00000000e7500000| PB 0x00000000e7500000| Untracked 
| 118|0x00000000e7600000, 0x00000000e7600000, 0x00000000e7700000|  0%| F|  |TAMS 0x00000000e7600000| PB 0x00000000e7600000| Untracked 
| 119|0x00000000e7700000, 0x00000000e779c978, 0x00000000e7800000| 61%| S|CS|TAMS 0x00000000e7700000| PB 0x00000000e7700000| Complete 
| 120|0x00000000e7800000, 0x00000000e7900000, 0x00000000e7900000|100%| S|CS|TAMS 0x00000000e7800000| PB 0x00000000e7800000| Complete 
| 121|0x00000000e7900000, 0x00000000e7a00000, 0x00000000e7a00000|100%| S|CS|TAMS 0x00000000e7900000| PB 0x00000000e7900000| Complete 
| 122|0x00000000e7a00000, 0x00000000e7b00000, 0x00000000e7b00000|100%| S|CS|TAMS 0x00000000e7a00000| PB 0x00000000e7a00000| Complete 
| 123|0x00000000e7b00000, 0x00000000e7c00000, 0x00000000e7c00000|100%| S|CS|TAMS 0x00000000e7b00000| PB 0x00000000e7b00000| Complete 
| 124|0x00000000e7c00000, 0x00000000e7d00000, 0x00000000e7d00000|100%| S|CS|TAMS 0x00000000e7c00000| PB 0x00000000e7c00000| Complete 
| 125|0x00000000e7d00000, 0x00000000e7e00000, 0x00000000e7e00000|100%| S|CS|TAMS 0x00000000e7d00000| PB 0x00000000e7d00000| Complete 
| 126|0x00000000e7e00000, 0x00000000e7f00000, 0x00000000e7f00000|100%| S|CS|TAMS 0x00000000e7e00000| PB 0x00000000e7e00000| Complete 
| 127|0x00000000e7f00000, 0x00000000e8000000, 0x00000000e8000000|100%| S|CS|TAMS 0x00000000e7f00000| PB 0x00000000e7f00000| Complete 
| 128|0x00000000e8000000, 0x00000000e8100000, 0x00000000e8100000|100%| S|CS|TAMS 0x00000000e8000000| PB 0x00000000e8000000| Complete 
| 129|0x00000000e8100000, 0x00000000e8200000, 0x00000000e8200000|100%| S|CS|TAMS 0x00000000e8100000| PB 0x00000000e8100000| Complete 
| 130|0x00000000e8200000, 0x00000000e8300000, 0x00000000e8300000|100%| S|CS|TAMS 0x00000000e8200000| PB 0x00000000e8200000| Complete 
| 131|0x00000000e8300000, 0x00000000e8400000, 0x00000000e8400000|100%| S|CS|TAMS 0x00000000e8300000| PB 0x00000000e8300000| Complete 
| 132|0x00000000e8400000, 0x00000000e8500000, 0x00000000e8500000|100%| S|CS|TAMS 0x00000000e8400000| PB 0x00000000e8400000| Complete 
| 133|0x00000000e8500000, 0x00000000e8600000, 0x00000000e8600000|100%| S|CS|TAMS 0x00000000e8500000| PB 0x00000000e8500000| Complete 
| 134|0x00000000e8600000, 0x00000000e8700000, 0x00000000e8700000|100%| S|CS|TAMS 0x00000000e8600000| PB 0x00000000e8600000| Complete 
| 135|0x00000000e8700000, 0x00000000e8700000, 0x00000000e8800000|  0%| F|  |TAMS 0x00000000e8700000| PB 0x00000000e8700000| Untracked 
| 136|0x00000000e8800000, 0x00000000e8800000, 0x00000000e8900000|  0%| F|  |TAMS 0x00000000e8800000| PB 0x00000000e8800000| Untracked 
| 137|0x00000000e8900000, 0x00000000e8900000, 0x00000000e8a00000|  0%| F|  |TAMS 0x00000000e8900000| PB 0x00000000e8900000| Untracked 
| 138|0x00000000e8a00000, 0x00000000e8a00000, 0x00000000e8b00000|  0%| F|  |TAMS 0x00000000e8a00000| PB 0x00000000e8a00000| Untracked 
| 139|0x00000000e8b00000, 0x00000000e8b00000, 0x00000000e8c00000|  0%| F|  |TAMS 0x00000000e8b00000| PB 0x00000000e8b00000| Untracked 
| 140|0x00000000e8c00000, 0x00000000e8c00000, 0x00000000e8d00000|  0%| F|  |TAMS 0x00000000e8c00000| PB 0x00000000e8c00000| Untracked 
| 141|0x00000000e8d00000, 0x00000000e8d00000, 0x00000000e8e00000|  0%| F|  |TAMS 0x00000000e8d00000| PB 0x00000000e8d00000| Untracked 
| 142|0x00000000e8e00000, 0x00000000e8e00000, 0x00000000e8f00000|  0%| F|  |TAMS 0x00000000e8e00000| PB 0x00000000e8e00000| Untracked 
| 143|0x00000000e8f00000, 0x00000000e8f00000, 0x00000000e9000000|  0%| F|  |TAMS 0x00000000e8f00000| PB 0x00000000e8f00000| Untracked 
| 144|0x00000000e9000000, 0x00000000e9000000, 0x00000000e9100000|  0%| F|  |TAMS 0x00000000e9000000| PB 0x00000000e9000000| Untracked 
| 145|0x00000000e9100000, 0x00000000e9100000, 0x00000000e9200000|  0%| F|  |TAMS 0x00000000e9100000| PB 0x00000000e9100000| Untracked 
| 146|0x00000000e9200000, 0x00000000e9200000, 0x00000000e9300000|  0%| F|  |TAMS 0x00000000e9200000| PB 0x00000000e9200000| Untracked 
| 147|0x00000000e9300000, 0x00000000e9300000, 0x00000000e9400000|  0%| F|  |TAMS 0x00000000e9300000| PB 0x00000000e9300000| Untracked 
| 148|0x00000000e9400000, 0x00000000e9400000, 0x00000000e9500000|  0%| F|  |TAMS 0x00000000e9400000| PB 0x00000000e9400000| Untracked 
| 149|0x00000000e9500000, 0x00000000e9500000, 0x00000000e9600000|  0%| F|  |TAMS 0x00000000e9500000| PB 0x00000000e9500000| Untracked 
| 150|0x00000000e9600000, 0x00000000e9600000, 0x00000000e9700000|  0%| F|  |TAMS 0x00000000e9600000| PB 0x00000000e9600000| Untracked 
| 151|0x00000000e9700000, 0x00000000e9700000, 0x00000000e9800000|  0%| F|  |TAMS 0x00000000e9700000| PB 0x00000000e9700000| Untracked 
| 152|0x00000000e9800000, 0x00000000e9800000, 0x00000000e9900000|  0%| F|  |TAMS 0x00000000e9800000| PB 0x00000000e9800000| Untracked 
| 153|0x00000000e9900000, 0x00000000e9900000, 0x00000000e9a00000|  0%| F|  |TAMS 0x00000000e9900000| PB 0x00000000e9900000| Untracked 
| 154|0x00000000e9a00000, 0x00000000e9a00000, 0x00000000e9b00000|  0%| F|  |TAMS 0x00000000e9a00000| PB 0x00000000e9a00000| Untracked 
| 155|0x00000000e9b00000, 0x00000000e9b00000, 0x00000000e9c00000|  0%| F|  |TAMS 0x00000000e9b00000| PB 0x00000000e9b00000| Untracked 
| 156|0x00000000e9c00000, 0x00000000e9c00000, 0x00000000e9d00000|  0%| F|  |TAMS 0x00000000e9c00000| PB 0x00000000e9c00000| Untracked 
| 157|0x00000000e9d00000, 0x00000000e9d00000, 0x00000000e9e00000|  0%| F|  |TAMS 0x00000000e9d00000| PB 0x00000000e9d00000| Untracked 
| 158|0x00000000e9e00000, 0x00000000e9e00000, 0x00000000e9f00000|  0%| F|  |TAMS 0x00000000e9e00000| PB 0x00000000e9e00000| Untracked 
| 159|0x00000000e9f00000, 0x00000000e9f00000, 0x00000000ea000000|  0%| F|  |TAMS 0x00000000e9f00000| PB 0x00000000e9f00000| Untracked 
| 160|0x00000000ea000000, 0x00000000ea000000, 0x00000000ea100000|  0%| F|  |TAMS 0x00000000ea000000| PB 0x00000000ea000000| Untracked 
| 161|0x00000000ea100000, 0x00000000ea100000, 0x00000000ea200000|  0%| F|  |TAMS 0x00000000ea100000| PB 0x00000000ea100000| Untracked 
| 162|0x00000000ea200000, 0x00000000ea200000, 0x00000000ea300000|  0%| F|  |TAMS 0x00000000ea200000| PB 0x00000000ea200000| Untracked 
| 163|0x00000000ea300000, 0x00000000ea300000, 0x00000000ea400000|  0%| F|  |TAMS 0x00000000ea300000| PB 0x00000000ea300000| Untracked 
| 164|0x00000000ea400000, 0x00000000ea400000, 0x00000000ea500000|  0%| F|  |TAMS 0x00000000ea400000| PB 0x00000000ea400000| Untracked 
| 165|0x00000000ea500000, 0x00000000ea500000, 0x00000000ea600000|  0%| F|  |TAMS 0x00000000ea500000| PB 0x00000000ea500000| Untracked 
| 166|0x00000000ea600000, 0x00000000ea600000, 0x00000000ea700000|  0%| F|  |TAMS 0x00000000ea600000| PB 0x00000000ea600000| Untracked 
| 167|0x00000000ea700000, 0x00000000ea700000, 0x00000000ea800000|  0%| F|  |TAMS 0x00000000ea700000| PB 0x00000000ea700000| Untracked 
| 168|0x00000000ea800000, 0x00000000ea800000, 0x00000000ea900000|  0%| F|  |TAMS 0x00000000ea800000| PB 0x00000000ea800000| Untracked 
| 169|0x00000000ea900000, 0x00000000ea900000, 0x00000000eaa00000|  0%| F|  |TAMS 0x00000000ea900000| PB 0x00000000ea900000| Untracked 
| 170|0x00000000eaa00000, 0x00000000eaa00000, 0x00000000eab00000|  0%| F|  |TAMS 0x00000000eaa00000| PB 0x00000000eaa00000| Untracked 
| 171|0x00000000eab00000, 0x00000000eab00000, 0x00000000eac00000|  0%| F|  |TAMS 0x00000000eab00000| PB 0x00000000eab00000| Untracked 
| 172|0x00000000eac00000, 0x00000000eac00000, 0x00000000ead00000|  0%| F|  |TAMS 0x00000000eac00000| PB 0x00000000eac00000| Untracked 
| 173|0x00000000ead00000, 0x00000000ead00000, 0x00000000eae00000|  0%| F|  |TAMS 0x00000000ead00000| PB 0x00000000ead00000| Untracked 
| 174|0x00000000eae00000, 0x00000000eae00000, 0x00000000eaf00000|  0%| F|  |TAMS 0x00000000eae00000| PB 0x00000000eae00000| Untracked 
| 175|0x00000000eaf00000, 0x00000000eaf00000, 0x00000000eb000000|  0%| F|  |TAMS 0x00000000eaf00000| PB 0x00000000eaf00000| Untracked 
| 176|0x00000000eb000000, 0x00000000eb000000, 0x00000000eb100000|  0%| F|  |TAMS 0x00000000eb000000| PB 0x00000000eb000000| Untracked 
| 177|0x00000000eb100000, 0x00000000eb100000, 0x00000000eb200000|  0%| F|  |TAMS 0x00000000eb100000| PB 0x00000000eb100000| Untracked 
| 178|0x00000000eb200000, 0x00000000eb200000, 0x00000000eb300000|  0%| F|  |TAMS 0x00000000eb200000| PB 0x00000000eb200000| Untracked 
| 179|0x00000000eb300000, 0x00000000eb300000, 0x00000000eb400000|  0%| F|  |TAMS 0x00000000eb300000| PB 0x00000000eb300000| Untracked 
| 180|0x00000000eb400000, 0x00000000eb400000, 0x00000000eb500000|  0%| F|  |TAMS 0x00000000eb400000| PB 0x00000000eb400000| Untracked 
| 181|0x00000000eb500000, 0x00000000eb500000, 0x00000000eb600000|  0%| F|  |TAMS 0x00000000eb500000| PB 0x00000000eb500000| Untracked 
| 182|0x00000000eb600000, 0x00000000eb600000, 0x00000000eb700000|  0%| F|  |TAMS 0x00000000eb600000| PB 0x00000000eb600000| Untracked 
| 183|0x00000000eb700000, 0x00000000eb700000, 0x00000000eb800000|  0%| F|  |TAMS 0x00000000eb700000| PB 0x00000000eb700000| Untracked 
| 184|0x00000000eb800000, 0x00000000eb800000, 0x00000000eb900000|  0%| F|  |TAMS 0x00000000eb800000| PB 0x00000000eb800000| Untracked 
| 185|0x00000000eb900000, 0x00000000eb900000, 0x00000000eba00000|  0%| F|  |TAMS 0x00000000eb900000| PB 0x00000000eb900000| Untracked 
| 186|0x00000000eba00000, 0x00000000eba00000, 0x00000000ebb00000|  0%| F|  |TAMS 0x00000000eba00000| PB 0x00000000eba00000| Untracked 
| 187|0x00000000ebb00000, 0x00000000ebb00000, 0x00000000ebc00000|  0%| F|  |TAMS 0x00000000ebb00000| PB 0x00000000ebb00000| Untracked 
| 188|0x00000000ebc00000, 0x00000000ebc00000, 0x00000000ebd00000|  0%| F|  |TAMS 0x00000000ebc00000| PB 0x00000000ebc00000| Untracked 
| 189|0x00000000ebd00000, 0x00000000ebd00000, 0x00000000ebe00000|  0%| F|  |TAMS 0x00000000ebd00000| PB 0x00000000ebd00000| Untracked 
| 190|0x00000000ebe00000, 0x00000000ebe00000, 0x00000000ebf00000|  0%| F|  |TAMS 0x00000000ebe00000| PB 0x00000000ebe00000| Untracked 
| 191|0x00000000ebf00000, 0x00000000ebf00000, 0x00000000ec000000|  0%| F|  |TAMS 0x00000000ebf00000| PB 0x00000000ebf00000| Untracked 
| 192|0x00000000ec000000, 0x00000000ec000000, 0x00000000ec100000|  0%| F|  |TAMS 0x00000000ec000000| PB 0x00000000ec000000| Untracked 
| 193|0x00000000ec100000, 0x00000000ec100000, 0x00000000ec200000|  0%| F|  |TAMS 0x00000000ec100000| PB 0x00000000ec100000| Untracked 
| 194|0x00000000ec200000, 0x00000000ec200000, 0x00000000ec300000|  0%| F|  |TAMS 0x00000000ec200000| PB 0x00000000ec200000| Untracked 
| 195|0x00000000ec300000, 0x00000000ec300000, 0x00000000ec400000|  0%| F|  |TAMS 0x00000000ec300000| PB 0x00000000ec300000| Untracked 
| 196|0x00000000ec400000, 0x00000000ec400000, 0x00000000ec500000|  0%| F|  |TAMS 0x00000000ec400000| PB 0x00000000ec400000| Untracked 
| 197|0x00000000ec500000, 0x00000000ec500000, 0x00000000ec600000|  0%| F|  |TAMS 0x00000000ec500000| PB 0x00000000ec500000| Untracked 
| 198|0x00000000ec600000, 0x00000000ec600000, 0x00000000ec700000|  0%| F|  |TAMS 0x00000000ec600000| PB 0x00000000ec600000| Untracked 
| 199|0x00000000ec700000, 0x00000000ec700000, 0x00000000ec800000|  0%| F|  |TAMS 0x00000000ec700000| PB 0x00000000ec700000| Untracked 
| 200|0x00000000ec800000, 0x00000000ec800000, 0x00000000ec900000|  0%| F|  |TAMS 0x00000000ec800000| PB 0x00000000ec800000| Untracked 
| 201|0x00000000ec900000, 0x00000000ec900000, 0x00000000eca00000|  0%| F|  |TAMS 0x00000000ec900000| PB 0x00000000ec900000| Untracked 
| 202|0x00000000eca00000, 0x00000000eca00000, 0x00000000ecb00000|  0%| F|  |TAMS 0x00000000eca00000| PB 0x00000000eca00000| Untracked 
| 203|0x00000000ecb00000, 0x00000000ecb00000, 0x00000000ecc00000|  0%| F|  |TAMS 0x00000000ecb00000| PB 0x00000000ecb00000| Untracked 
| 204|0x00000000ecc00000, 0x00000000ecc00000, 0x00000000ecd00000|  0%| F|  |TAMS 0x00000000ecc00000| PB 0x00000000ecc00000| Untracked 
| 205|0x00000000ecd00000, 0x00000000ecd00000, 0x00000000ece00000|  0%| F|  |TAMS 0x00000000ecd00000| PB 0x00000000ecd00000| Untracked 
| 206|0x00000000ece00000, 0x00000000ece00000, 0x00000000ecf00000|  0%| F|  |TAMS 0x00000000ece00000| PB 0x00000000ece00000| Untracked 
| 207|0x00000000ecf00000, 0x00000000ecf00000, 0x00000000ed000000|  0%| F|  |TAMS 0x00000000ecf00000| PB 0x00000000ecf00000| Untracked 
| 208|0x00000000ed000000, 0x00000000ed000000, 0x00000000ed100000|  0%| F|  |TAMS 0x00000000ed000000| PB 0x00000000ed000000| Untracked 
| 209|0x00000000ed100000, 0x00000000ed100000, 0x00000000ed200000|  0%| F|  |TAMS 0x00000000ed100000| PB 0x00000000ed100000| Untracked 
| 210|0x00000000ed200000, 0x00000000ed200000, 0x00000000ed300000|  0%| F|  |TAMS 0x00000000ed200000| PB 0x00000000ed200000| Untracked 
| 211|0x00000000ed300000, 0x00000000ed300000, 0x00000000ed400000|  0%| F|  |TAMS 0x00000000ed300000| PB 0x00000000ed300000| Untracked 
| 212|0x00000000ed400000, 0x00000000ed400000, 0x00000000ed500000|  0%| F|  |TAMS 0x00000000ed400000| PB 0x00000000ed400000| Untracked 
| 213|0x00000000ed500000, 0x00000000ed500000, 0x00000000ed600000|  0%| F|  |TAMS 0x00000000ed500000| PB 0x00000000ed500000| Untracked 
| 214|0x00000000ed600000, 0x00000000ed600000, 0x00000000ed700000|  0%| F|  |TAMS 0x00000000ed600000| PB 0x00000000ed600000| Untracked 
| 215|0x00000000ed700000, 0x00000000ed700000, 0x00000000ed800000|  0%| F|  |TAMS 0x00000000ed700000| PB 0x00000000ed700000| Untracked 
| 216|0x00000000ed800000, 0x00000000ed800000, 0x00000000ed900000|  0%| F|  |TAMS 0x00000000ed800000| PB 0x00000000ed800000| Untracked 
| 217|0x00000000ed900000, 0x00000000eda00000, 0x00000000eda00000|100%| E|  |TAMS 0x00000000ed900000| PB 0x00000000ed900000| Complete 
| 218|0x00000000eda00000, 0x00000000edb00000, 0x00000000edb00000|100%| E|CS|TAMS 0x00000000eda00000| PB 0x00000000eda00000| Complete 
| 219|0x00000000edb00000, 0x00000000edc00000, 0x00000000edc00000|100%| E|CS|TAMS 0x00000000edb00000| PB 0x00000000edb00000| Complete 
| 220|0x00000000edc00000, 0x00000000edd00000, 0x00000000edd00000|100%| E|CS|TAMS 0x00000000edc00000| PB 0x00000000edc00000| Complete 
| 221|0x00000000edd00000, 0x00000000ede00000, 0x00000000ede00000|100%| E|CS|TAMS 0x00000000edd00000| PB 0x00000000edd00000| Complete 
| 222|0x00000000ede00000, 0x00000000edf00000, 0x00000000edf00000|100%| E|CS|TAMS 0x00000000ede00000| PB 0x00000000ede00000| Complete 
| 223|0x00000000edf00000, 0x00000000ee000000, 0x00000000ee000000|100%| E|CS|TAMS 0x00000000edf00000| PB 0x00000000edf00000| Complete 
| 224|0x00000000ee000000, 0x00000000ee100000, 0x00000000ee100000|100%| E|CS|TAMS 0x00000000ee000000| PB 0x00000000ee000000| Complete 
| 225|0x00000000ee100000, 0x00000000ee200000, 0x00000000ee200000|100%| E|CS|TAMS 0x00000000ee100000| PB 0x00000000ee100000| Complete 
| 226|0x00000000ee200000, 0x00000000ee300000, 0x00000000ee300000|100%| E|CS|TAMS 0x00000000ee200000| PB 0x00000000ee200000| Complete 
| 227|0x00000000ee300000, 0x00000000ee400000, 0x00000000ee400000|100%| E|CS|TAMS 0x00000000ee300000| PB 0x00000000ee300000| Complete 
| 228|0x00000000ee400000, 0x00000000ee500000, 0x00000000ee500000|100%| E|CS|TAMS 0x00000000ee400000| PB 0x00000000ee400000| Complete 
| 229|0x00000000ee500000, 0x00000000ee600000, 0x00000000ee600000|100%| E|CS|TAMS 0x00000000ee500000| PB 0x00000000ee500000| Complete 
| 230|0x00000000ee600000, 0x00000000ee700000, 0x00000000ee700000|100%| E|CS|TAMS 0x00000000ee600000| PB 0x00000000ee600000| Complete 
| 231|0x00000000ee700000, 0x00000000ee800000, 0x00000000ee800000|100%| E|CS|TAMS 0x00000000ee700000| PB 0x00000000ee700000| Complete 
| 232|0x00000000ee800000, 0x00000000ee900000, 0x00000000ee900000|100%| E|CS|TAMS 0x00000000ee800000| PB 0x00000000ee800000| Complete 
| 233|0x00000000ee900000, 0x00000000eea00000, 0x00000000eea00000|100%| E|CS|TAMS 0x00000000ee900000| PB 0x00000000ee900000| Complete 
| 234|0x00000000eea00000, 0x00000000eeb00000, 0x00000000eeb00000|100%| E|CS|TAMS 0x00000000eea00000| PB 0x00000000eea00000| Complete 
| 235|0x00000000eeb00000, 0x00000000eec00000, 0x00000000eec00000|100%| E|CS|TAMS 0x00000000eeb00000| PB 0x00000000eeb00000| Complete 
| 236|0x00000000eec00000, 0x00000000eed00000, 0x00000000eed00000|100%| E|CS|TAMS 0x00000000eec00000| PB 0x00000000eec00000| Complete 
| 237|0x00000000eed00000, 0x00000000eee00000, 0x00000000eee00000|100%| E|CS|TAMS 0x00000000eed00000| PB 0x00000000eed00000| Complete 
| 238|0x00000000eee00000, 0x00000000eef00000, 0x00000000eef00000|100%| E|CS|TAMS 0x00000000eee00000| PB 0x00000000eee00000| Complete 
| 239|0x00000000eef00000, 0x00000000ef000000, 0x00000000ef000000|100%| E|CS|TAMS 0x00000000eef00000| PB 0x00000000eef00000| Complete 
| 240|0x00000000ef000000, 0x00000000ef100000, 0x00000000ef100000|100%| E|CS|TAMS 0x00000000ef000000| PB 0x00000000ef000000| Complete 
| 241|0x00000000ef100000, 0x00000000ef200000, 0x00000000ef200000|100%| E|CS|TAMS 0x00000000ef100000| PB 0x00000000ef100000| Complete 
| 242|0x00000000ef200000, 0x00000000ef300000, 0x00000000ef300000|100%| E|CS|TAMS 0x00000000ef200000| PB 0x00000000ef200000| Complete 
| 243|0x00000000ef300000, 0x00000000ef400000, 0x00000000ef400000|100%| E|CS|TAMS 0x00000000ef300000| PB 0x00000000ef300000| Complete 
| 244|0x00000000ef400000, 0x00000000ef500000, 0x00000000ef500000|100%| E|CS|TAMS 0x00000000ef400000| PB 0x00000000ef400000| Complete 
| 245|0x00000000ef500000, 0x00000000ef600000, 0x00000000ef600000|100%| E|CS|TAMS 0x00000000ef500000| PB 0x00000000ef500000| Complete 
| 246|0x00000000ef600000, 0x00000000ef700000, 0x00000000ef700000|100%| E|CS|TAMS 0x00000000ef600000| PB 0x00000000ef600000| Complete 
| 247|0x00000000ef700000, 0x00000000ef800000, 0x00000000ef800000|100%| E|CS|TAMS 0x00000000ef700000| PB 0x00000000ef700000| Complete 
| 248|0x00000000ef800000, 0x00000000ef900000, 0x00000000ef900000|100%| E|CS|TAMS 0x00000000ef800000| PB 0x00000000ef800000| Complete 
| 249|0x00000000ef900000, 0x00000000efa00000, 0x00000000efa00000|100%| E|CS|TAMS 0x00000000ef900000| PB 0x00000000ef900000| Complete 
| 250|0x00000000efa00000, 0x00000000efb00000, 0x00000000efb00000|100%| E|CS|TAMS 0x00000000efa00000| PB 0x00000000efa00000| Complete 
| 251|0x00000000efb00000, 0x00000000efc00000, 0x00000000efc00000|100%| E|CS|TAMS 0x00000000efb00000| PB 0x00000000efb00000| Complete 
| 252|0x00000000efc00000, 0x00000000efd00000, 0x00000000efd00000|100%| E|CS|TAMS 0x00000000efc00000| PB 0x00000000efc00000| Complete 
| 253|0x00000000efd00000, 0x00000000efe00000, 0x00000000efe00000|100%| E|CS|TAMS 0x00000000efd00000| PB 0x00000000efd00000| Complete 
| 254|0x00000000efe00000, 0x00000000eff00000, 0x00000000eff00000|100%| E|CS|TAMS 0x00000000efe00000| PB 0x00000000efe00000| Complete 
| 255|0x00000000eff00000, 0x00000000f0000000, 0x00000000f0000000|100%| E|CS|TAMS 0x00000000eff00000| PB 0x00000000eff00000| Complete 

Card table byte_map: [0x0000029ce0230000,0x0000029ce0330000] _byte_map_base: 0x0000029cdfb30000

Marking Bits: (CMBitMap*) 0x0000029cc871c0e0
 Bits: [0x0000029ce0330000, 0x0000029ce0b30000)

Polling page: 0x0000029cc6560000

Metaspace:

Usage:
  Non-class:     33.35 MB used.
      Class:      5.64 MB used.
       Both:     38.99 MB used.

Virtual space:
  Non-class space:       64.00 MB reserved,      34.19 MB ( 53%) committed,  1 nodes.
      Class space:      320.00 MB reserved,       6.44 MB (  2%) committed,  1 nodes.
             Both:      384.00 MB reserved,      40.62 MB ( 11%) committed. 

Chunk freelists:
   Non-Class:  13.72 MB
       Class:  9.48 MB
        Both:  23.20 MB

MaxMetaspaceSize: 384.00 MB
CompressedClassSpaceSize: 320.00 MB
Initial GC threshold: 21.00 MB
Current GC threshold: 58.69 MB
CDS: on
 - commit_granule_bytes: 65536.
 - commit_granule_words: 8192.
 - virtual_space_node_default_size: 8388608.
 - enlarge_chunks_in_place: 1.
 - use_allocation_guard: 0.


Internal statistics:

num_allocs_failed_limit: 6.
num_arena_births: 2796.
num_arena_deaths: 0.
num_vsnodes_births: 2.
num_vsnodes_deaths: 0.
num_space_committed: 650.
num_space_uncommitted: 0.
num_chunks_returned_to_freelist: 6.
num_chunks_taken_from_freelist: 4753.
num_chunk_merges: 6.
num_chunk_splits: 3052.
num_chunks_enlarged: 1811.
num_inconsistent_stats: 0.

CodeHeap 'non-profiled nmethods': size=120000Kb used=2600Kb max_used=2600Kb free=117399Kb
 bounds [0x0000029cd88d0000, 0x0000029cd8b60000, 0x0000029cdfe00000]
CodeHeap 'profiled nmethods': size=120000Kb used=8165Kb max_used=8165Kb free=111835Kb
 bounds [0x0000029cd0e00000, 0x0000029cd1600000, 0x0000029cd8330000]
CodeHeap 'non-nmethods': size=5760Kb used=1836Kb max_used=1892Kb free=3923Kb
 bounds [0x0000029cd8330000, 0x0000029cd85a0000, 0x0000029cd88d0000]
CodeCache: size=245760Kb, used=12601Kb, max_used=12657Kb, free=233157Kb
 total_blobs=4931, nmethods=4222, adapters=614, full_count=0
Compilation: enabled, stopped_count=0, restarted_count=0

Compilation events (20 events):
Event: 203.877 Thread 0x0000029ce35bfd30 nmethod 4725 0x0000029cd15f8e90 code [0x0000029cd15f9040, 0x0000029cd15f92b0]
Event: 203.877 Thread 0x0000029ce35bfd30 4726       3       org.gradle.model.internal.asm.MethodVisitorScope::_ASTORE (8 bytes)
Event: 203.877 Thread 0x0000029ce35bfd30 nmethod 4726 0x0000029cd15f9390 code [0x0000029cd15f9540, 0x0000029cd15f97b0]
Event: 203.899 Thread 0x0000029ce35bc4e0 4727       4       com.google.common.collect.Iterators$ArrayItr::get (7 bytes)
Event: 203.899 Thread 0x0000029ce35bc4e0 nmethod 4727 0x0000029cd8a74b10 code [0x0000029cd8a74ca0, 0x0000029cd8a74d70]
Event: 203.901 Thread 0x0000029ce35bfd30 4728       3       org.objectweb.asm.Type::hashCode (68 bytes)
Event: 203.902 Thread 0x0000029ce35bfd30 nmethod 4728 0x0000029cd15f9890 code [0x0000029cd15f9aa0, 0x0000029cd15fa190]
Event: 203.968 Thread 0x0000029ce35bfd30 4729       3       java.lang.Class::isEnum (27 bytes)
Event: 203.968 Thread 0x0000029ce35bfd30 nmethod 4729 0x0000029cd15fa490 code [0x0000029cd15fa640, 0x0000029cd15fa838]
Event: 204.373 Thread 0x0000029ce35bc4e0 4730       4       sun.net.util.IPAddressUtil::checkHost (156 bytes)
Event: 204.376 Thread 0x0000029ce35bc4e0 nmethod 4730 0x0000029cd8a74610 code [0x0000029cd8a747a0, 0x0000029cd8a748d8]
Event: 204.386 Thread 0x0000029ce35bc4e0 4731       4       sun.net.util.IPAddressUtil::checkHostString (64 bytes)
Event: 204.392 Thread 0x0000029ce35bc4e0 nmethod 4731 0x0000029cd8a74110 code [0x0000029cd8a742a0, 0x0000029cd8a743e0]
Event: 204.493 Thread 0x0000029ce35bc4e0 4732       4       java.util.concurrent.locks.AbstractQueuedSynchronizer$ConditionObject::awaitNanos (202 bytes)
Event: 204.596 Thread 0x0000029ce35bc4e0 nmethod 4732 0x0000029cd8b57f10 code [0x0000029cd8b58220, 0x0000029cd8b599b8]
Event: 204.651 Thread 0x0000029ce35bfd30 4733       3       java.lang.ThreadLocal$ThreadLocalMap::cleanSomeSlots (61 bytes)
Event: 204.652 Thread 0x0000029ce35bfd30 nmethod 4733 0x0000029cd15fa910 code [0x0000029cd15fab00, 0x0000029cd15fb000]
Event: 204.656 Thread 0x0000029ce35bc4e0 4734       4       java.lang.String::compareTo (9 bytes)
Event: 204.658 Thread 0x0000029ce35bc4e0 nmethod 4734 0x0000029cd8a73c10 code [0x0000029cd8a73da0, 0x0000029cd8a74008]
Event: 204.660 Thread 0x0000029ce35bc4e0 4735       4       javax.management.ObjectName::construct (1135 bytes)

GC Heap History (10 events):
Event: 39.636 GC heap before
{Heap before GC invocations=0 (full 0):
 garbage-first heap   total 262144K, used 22528K [0x00000000e0000000, 0x0000000100000000)
  region size 1024K, 23 young (23552K), 0 survivors (0K)
 Metaspace       used 915K, committed 1088K, reserved 393216K
  class space    used 75K, committed 128K, reserved 327680K
}
Event: 40.085 GC heap after
{Heap after GC invocations=1 (full 0):
 garbage-first heap   total 262144K, used 1621K [0x00000000e0000000, 0x0000000100000000)
  region size 1024K, 2 young (2048K), 2 survivors (2048K)
 Metaspace       used 915K, committed 1088K, reserved 393216K
  class space    used 75K, committed 128K, reserved 327680K
}
Event: 64.324 GC heap before
{Heap before GC invocations=1 (full 0):
 garbage-first heap   total 262144K, used 38485K [0x00000000e0000000, 0x0000000100000000)
  region size 1024K, 35 young (35840K), 2 survivors (2048K)
 Metaspace       used 4666K, committed 4928K, reserved 393216K
  class space    used 587K, committed 704K, reserved 327680K
}
Event: 64.337 GC heap after
{Heap after GC invocations=2 (full 0):
 garbage-first heap   total 262144K, used 11570K [0x00000000e0000000, 0x0000000100000000)
  region size 1024K, 5 young (5120K), 5 survivors (5120K)
 Metaspace       used 4666K, committed 4928K, reserved 393216K
  class space    used 587K, committed 704K, reserved 327680K
}
Event: 108.946 GC heap before
{Heap before GC invocations=2 (full 0):
 garbage-first heap   total 262144K, used 77106K [0x00000000e0000000, 0x0000000100000000)
  region size 1024K, 68 young (69632K), 5 survivors (5120K)
 Metaspace       used 7978K, committed 8320K, reserved 393216K
  class space    used 1051K, committed 1216K, reserved 327680K
}
Event: 108.973 GC heap after
{Heap after GC invocations=3 (full 0):
 garbage-first heap   total 262144K, used 18889K [0x00000000e0000000, 0x0000000100000000)
  region size 1024K, 9 young (9216K), 9 survivors (9216K)
 Metaspace       used 7978K, committed 8320K, reserved 393216K
  class space    used 1051K, committed 1216K, reserved 327680K
}
Event: 141.227 GC heap before
{Heap before GC invocations=3 (full 0):
 garbage-first heap   total 262144K, used 93641K [0x00000000e0000000, 0x0000000100000000)
  region size 1024K, 82 young (83968K), 9 survivors (9216K)
 Metaspace       used 20924K, committed 21504K, reserved 393216K
  class space    used 2851K, committed 3136K, reserved 327680K
}
Event: 141.255 GC heap after
{Heap after GC invocations=4 (full 0):
 garbage-first heap   total 262144K, used 24009K [0x00000000e0000000, 0x0000000100000000)
  region size 1024K, 14 young (14336K), 14 survivors (14336K)
 Metaspace       used 20924K, committed 21504K, reserved 393216K
  class space    used 2851K, committed 3136K, reserved 327680K
}
Event: 184.072 GC heap before
{Heap before GC invocations=5 (full 0):
 garbage-first heap   total 262144K, used 131529K [0x00000000e0000000, 0x0000000100000000)
  region size 1024K, 121 young (123904K), 14 survivors (14336K)
 Metaspace       used 34662K, committed 35968K, reserved 393216K
  class space    used 5134K, committed 5760K, reserved 327680K
}
Event: 184.137 GC heap after
{Heap after GC invocations=6 (full 0):
 garbage-first heap   total 262144K, used 30322K [0x00000000e0000000, 0x0000000100000000)
  region size 1024K, 16 young (16384K), 16 survivors (16384K)
 Metaspace       used 34662K, committed 35968K, reserved 393216K
  class space    used 5134K, committed 5760K, reserved 327680K
}

Dll operation events (15 events):
Event: 0.060 Loaded shared library C:\Users\ksj04\.jdks\ms-21.0.9\bin\java.dll
Event: 1.060 Loaded shared library C:\Users\ksj04\.jdks\ms-21.0.9\bin\jsvml.dll
Event: 1.611 Loaded shared library C:\Users\ksj04\.jdks\ms-21.0.9\bin\zip.dll
Event: 1.723 Loaded shared library C:\Users\ksj04\.jdks\ms-21.0.9\bin\instrument.dll
Event: 1.756 Loaded shared library C:\Users\ksj04\.jdks\ms-21.0.9\bin\net.dll
Event: 1.844 Loaded shared library C:\Users\ksj04\.jdks\ms-21.0.9\bin\nio.dll
Event: 1.853 Loaded shared library C:\Users\ksj04\.jdks\ms-21.0.9\bin\zip.dll
Event: 40.142 Loaded shared library C:\Users\ksj04\.jdks\ms-21.0.9\bin\jimage.dll
Event: 45.703 Loaded shared library C:\Users\ksj04\.jdks\ms-21.0.9\bin\verify.dll
Event: 46.049 Loaded shared library C:\Users\ksj04\.gradle\native\660c5614fbf4a5f2a75b1949f50a0caf5cd603558e7d8a26e50b933a0cfb79d1\windows-amd64\native-platform.dll
Event: 46.201 Loaded shared library C:\Users\ksj04\.gradle\native\0.2.8\x86_64-windows-gnu\gradle-fileevents.dll
Event: 107.190 Loaded shared library C:\Users\ksj04\.jdks\ms-21.0.9\bin\management.dll
Event: 107.245 Loaded shared library C:\Users\ksj04\.jdks\ms-21.0.9\bin\management_ext.dll
Event: 108.931 Loaded shared library C:\Users\ksj04\.jdks\ms-21.0.9\bin\extnet.dll
Event: 111.338 Loaded shared library C:\Users\ksj04\.jdks\ms-21.0.9\bin\sunmscapi.dll

Deoptimization events (20 events):
Event: 192.899 Thread 0x0000029cfe933b00 Uncommon trap: trap_request=0xffffff45 fr.pc=0x0000029cd88f51cc relative=0x000000000000038c
Event: 192.899 Thread 0x0000029cfe933b00 Uncommon trap: reason=unstable_if action=reinterpret pc=0x0000029cd88f51cc method=sun.invoke.util.VerifyType.isNullConversion(Ljava/lang/Class;Ljava/lang/Class;Z)Z @ 15 c2
Event: 192.899 Thread 0x0000029cfe933b00 DEOPT PACKING pc=0x0000029cd88f51cc sp=0x000000d3c3ff9a00
Event: 192.899 Thread 0x0000029cfe933b00 DEOPT UNPACKING pc=0x0000029cd8384422 sp=0x000000d3c3ff99a8 mode 2
Event: 193.050 Thread 0x0000029cfe933b00 Uncommon trap: trap_request=0xffffff45 fr.pc=0x0000029cd8a13aa4 relative=0x0000000000000924
Event: 193.050 Thread 0x0000029cfe933b00 Uncommon trap: reason=unstable_if action=reinterpret pc=0x0000029cd8a13aa4 method=jdk.internal.org.objectweb.asm.Frame.execute(IILjdk/internal/org/objectweb/asm/Symbol;Ljdk/internal/org/objectweb/asm/SymbolTable;)V @ 1249 c2
Event: 193.050 Thread 0x0000029cfe933b00 DEOPT PACKING pc=0x0000029cd8a13aa4 sp=0x000000d3c3ff9490
Event: 193.050 Thread 0x0000029cfe933b00 DEOPT UNPACKING pc=0x0000029cd8384422 sp=0x000000d3c3ff9410 mode 2
Event: 201.929 Thread 0x0000029cfe933b00 Uncommon trap: trap_request=0xffffff45 fr.pc=0x0000029cd89e38fc relative=0x00000000000002bc
Event: 201.929 Thread 0x0000029cfe933b00 Uncommon trap: reason=unstable_if action=reinterpret pc=0x0000029cd89e38fc method=java.lang.String.regionMatches(ZILjava/lang/String;II)Z @ 36 c2
Event: 201.929 Thread 0x0000029cfe933b00 DEOPT PACKING pc=0x0000029cd89e38fc sp=0x000000d3c3ff9fc0
Event: 201.929 Thread 0x0000029cfe933b00 DEOPT UNPACKING pc=0x0000029cd8384422 sp=0x000000d3c3ff9f28 mode 2
Event: 202.766 Thread 0x0000029cfe933b00 Uncommon trap: trap_request=0xffffff45 fr.pc=0x0000029cd8b0881c relative=0x0000000000000abc
Event: 202.766 Thread 0x0000029cfe933b00 Uncommon trap: reason=unstable_if action=reinterpret pc=0x0000029cd8b0881c method=org.objectweb.asm.Frame.push(I)V @ 26 c2
Event: 202.766 Thread 0x0000029cfe933b00 DEOPT PACKING pc=0x0000029cd8b0881c sp=0x000000d3c3ff6ca0
Event: 202.766 Thread 0x0000029cfe933b00 DEOPT UNPACKING pc=0x0000029cd8384422 sp=0x000000d3c3ff6ba8 mode 2
Event: 203.184 Thread 0x0000029cfe933b00 Uncommon trap: trap_request=0xffffff3d fr.pc=0x0000029cd8afbb80 relative=0x0000000000000d00
Event: 203.184 Thread 0x0000029cfe933b00 Uncommon trap: reason=unstable_fused_if action=reinterpret pc=0x0000029cd8afbb80 method=org.objectweb.asm.ByteVector.putUTF8(Ljava/lang/String;)Lorg/objectweb/asm/ByteVector; @ 93 c2
Event: 203.184 Thread 0x0000029cfe933b00 DEOPT PACKING pc=0x0000029cd8afbb80 sp=0x000000d3c3ff60b0
Event: 203.184 Thread 0x0000029cfe933b00 DEOPT UNPACKING pc=0x0000029cd8384422 sp=0x000000d3c3ff6008 mode 2

Classes loaded (20 events):
Event: 192.987 Loading class java/lang/BooleanBeanInfo
Event: 192.987 Loading class java/lang/BooleanBeanInfo done
Event: 192.987 Loading class java/lang/BooleanCustomizer
Event: 192.987 Loading class java/lang/BooleanCustomizer done
Event: 192.987 Loading class java/lang/BooleanCustomizer
Event: 192.987 Loading class java/lang/BooleanCustomizer done
Event: 192.987 Loading class jdk/internal/ValueBased
Event: 192.987 Loading class jdk/internal/ValueBased done
Event: 193.198 Loading class sun/reflect/generics/reflectiveObjects/GenericArrayTypeImpl
Event: 193.199 Loading class sun/reflect/generics/reflectiveObjects/GenericArrayTypeImpl done
Event: 193.248 Loading class com/sun/beans/finder/MethodFinder
Event: 193.249 Loading class com/sun/beans/finder/AbstractFinder
Event: 193.249 Loading class com/sun/beans/finder/AbstractFinder done
Event: 193.249 Loading class com/sun/beans/finder/MethodFinder done
Event: 193.249 Loading class com/sun/beans/finder/MethodFinder$1
Event: 193.250 Loading class com/sun/beans/finder/MethodFinder$1 done
Event: 193.250 Loading class com/sun/beans/finder/FinderUtils
Event: 193.250 Loading class com/sun/beans/finder/FinderUtils done
Event: 204.064 Loading class java/util/ArrayList$SubList$1
Event: 204.066 Loading class java/util/ArrayList$SubList$1 done

Classes unloaded (0 events):
No events

Classes redefined (0 events):
No events

Internal exceptions (20 events):
Event: 192.987 Thread 0x0000029cfe933b00 Exception <a 'java/lang/ClassNotFoundException'{0x00000000ee7a4160}: java/lang/BooleanBeanInfo> (0x00000000ee7a4160) 
thrown [s\src\hotspot\share\classfile\systemDictionary.cpp, line 312]
Event: 192.987 Thread 0x0000029cfe933b00 Exception <a 'java/lang/ClassNotFoundException'{0x00000000ee7a85c0}: java/lang/BooleanCustomizer> (0x00000000ee7a85c0) 
thrown [s\src\hotspot\share\classfile\systemDictionary.cpp, line 312]
Event: 193.190 Thread 0x0000029cfe933b00 Exception <a 'java/lang/ClassNotFoundException'{0x00000000ee614498}: groovy/lang/Closure$1BeanInfo> (0x00000000ee614498) 
thrown [s\src\hotspot\share\classfile\systemDictionary.cpp, line 312]
Event: 193.192 Thread 0x0000029cfe933b00 Exception <a 'java/lang/ClassNotFoundException'{0x00000000ee621b38}: groovy/lang/ClosureBeanInfo> (0x00000000ee621b38) 
thrown [s\src\hotspot\share\classfile\systemDictionary.cpp, line 312]
Event: 193.196 Thread 0x0000029cfe933b00 Exception <a 'java/lang/ClassNotFoundException'{0x00000000ee62f1e0}: groovy/lang/ClosureCustomizer> (0x00000000ee62f1e0) 
thrown [s\src\hotspot\share\classfile\systemDictionary.cpp, line 312]
Event: 193.248 Thread 0x0000029cfe933b00 Exception <a 'java/lang/ClassNotFoundException'{0x00000000ee6613f0}: groovy/lang/Closure$1Customizer> (0x00000000ee6613f0) 
thrown [s\src\hotspot\share\classfile\systemDictionary.cpp, line 312]
Event: 201.987 Thread 0x0000029cfe933b00 Exception <a 'java/lang/ClassNotFoundException'{0x00000000ee4e7b68}: ijresolvers1_cawhhlnbxyffgixpk80ud3qv7BeanInfo> (0x00000000ee4e7b68) 
thrown [s\src\hotspot\share\classfile\systemDictionary.cpp, line 312]
Event: 201.988 Thread 0x0000029cfe933b00 Exception <a 'java/lang/ClassNotFoundException'{0x00000000ee4edf28}: ijresolvers1_cawhhlnbxyffgixpk80ud3qv7Customizer> (0x00000000ee4edf28) 
thrown [s\src\hotspot\share\classfile\systemDictionary.cpp, line 312]
Event: 202.078 Thread 0x0000029cfe933b00 Exception <a 'java/lang/ClassNotFoundException'{0x00000000ee33e9c0}: org/gradle/internal/metaobject/ConfigureDelegateBeanInfo> (0x00000000ee33e9c0) 
thrown [s\src\hotspot\share\classfile\systemDictionary.cpp, line 312]
Event: 202.080 Thread 0x0000029cfe933b00 Exception <a 'java/lang/ClassNotFoundException'{0x00000000ee34cb08}: org/gradle/internal/metaobject/ConfigureDelegateCustomizer> (0x00000000ee34cb08) 
thrown [s\src\hotspot\share\classfile\systemDictionary.cpp, line 312]
Event: 202.253 Thread 0x0000029cfe933b00 Exception <a 'java/lang/ClassNotFoundException'{0x00000000ee225818}: org/gradle/api/internal/initialization/DefaultScriptHandler_DecoratedBeanInfo> (0x00000000ee225818) 
thrown [s\src\hotspot\share\classfile\systemDictionary.cpp, line 312]
Event: 202.289 Thread 0x0000029cfe933b00 Exception <a 'java/lang/ClassNotFoundException'{0x00000000ee235a28}: org/gradle/api/internal/initialization/DefaultScriptHandlerBeanInfo> (0x00000000ee235a28) 
thrown [s\src\hotspot\share\classfile\systemDictionary.cpp, line 312]
Event: 202.307 Thread 0x0000029cfe933b00 Exception <a 'java/lang/ClassNotFoundException'{0x00000000ee245c08}: org/gradle/api/internal/initialization/DefaultScriptHandlerCustomizer> (0x00000000ee245c08) 
thrown [s\src\hotspot\share\classfile\systemDictionary.cpp, line 312]
Event: 202.321 Thread 0x0000029cfe933b00 Exception <a 'java/lang/ClassNotFoundException'{0x00000000ee263388}: org/gradle/api/internal/initialization/DefaultScriptHandler_DecoratedCustomizer> (0x00000000ee263388) 
thrown [s\src\hotspot\share\classfile\systemDictionary.cpp, line 312]
Event: 202.583 Thread 0x0000029cfe933b00 Exception <a 'java/lang/NoSuchMethodError'{0x00000000ee04dd98}: 'java.lang.Object java.lang.invoke.DirectMethodHandle$Holder.invokeVirtual(java.lang.Object, java.lang.Object, java.lang.Object, java.lang.Object, java.lang.Object, java.lang.Object, java.lang.Object, java.lang.Object, java.lang.Object, java.lang.Object, java.lang.Object, java.lang.Object, java.lang.Object, java.lang.Object, java.lang.Object)'> (0x00000000ee04dd98) 
thrown [s\src\hotspot\share\interpreter\linkResolver.cpp, line 773]
Event: 202.768 Thread 0x0000029cfe933b00 Exception <a 'java/lang/NoSuchMethodError'{0x00000000edf23b50}: 'java.lang.Object java.lang.invoke.DirectMethodHandle$Holder.newInvokeSpecial(java.lang.Object, java.lang.Object, java.lang.Object, java.lang.Object, java.lang.Object, java.lang.Object, java.lang.Object, java.lang.Object, java.lang.Object, java.lang.Object, java.lang.Object, java.lang.Object, java.lang.Object)'> (0x00000000edf23b50) 
thrown [s\src\hotspot\share\interpreter\linkResolver.cpp, line 773]
Event: 203.376 Thread 0x0000029cfe933b00 Exception <a 'java/lang/NoSuchMethodError'{0x00000000edc8df88}: 'java.lang.Object java.lang.invoke.DirectMethodHandle$Holder.invokeSpecial(java.lang.Object, java.lang.Object, java.lang.Object, java.lang.Object, int, java.lang.Object)'> (0x00000000edc8df88) 
thrown [s\src\hotspot\share\interpreter\linkResolver.cpp, line 773]
Event: 203.378 Thread 0x0000029cfe933b00 Exception <a 'java/lang/NoSuchMethodError'{0x00000000edc96168}: 'java.lang.Object java.lang.invoke.DirectMethodHandle$Holder.newInvokeSpecial(java.lang.Object, java.lang.Object, java.lang.Object, java.lang.Object, int)'> (0x00000000edc96168) 
thrown [s\src\hotspot\share\interpreter\linkResolver.cpp, line 773]
Event: 203.379 Thread 0x0000029cfe933b00 Exception <a 'java/lang/NoSuchMethodError'{0x00000000edc9af30}: 'java.lang.Object java.lang.invoke.DirectMethodHandle$Holder.invokeSpecial(java.lang.Object, java.lang.Object, java.lang.Object, java.lang.Object, java.lang.Object, int)'> (0x00000000edc9af30) 
thrown [s\src\hotspot\share\interpreter\linkResolver.cpp, line 773]
Event: 203.380 Thread 0x0000029cfe933b00 Exception <a 'java/lang/NoSuchMethodError'{0x00000000edc9f6b0}: 'java.lang.Object java.lang.invoke.Invokers$Holder.linkToTargetMethod(java.lang.Object, java.lang.Object, java.lang.Object, int, java.lang.Object)'> (0x00000000edc9f6b0) 
thrown [s\src\hotspot\share\interpreter\linkResolver.cpp, line 773]

ZGC Phase Switch (0 events):
No events

VM Operations (20 events):
Event: 193.777 Executing VM operation: Cleanup
Event: 193.805 Executing VM operation: Cleanup done
Event: 194.821 Executing VM operation: Cleanup
Event: 194.821 Executing VM operation: Cleanup done
Event: 195.831 Executing VM operation: Cleanup
Event: 195.831 Executing VM operation: Cleanup done
Event: 197.883 Executing VM operation: Cleanup
Event: 197.883 Executing VM operation: Cleanup done
Event: 198.895 Executing VM operation: Cleanup
Event: 199.018 Executing VM operation: Cleanup done
Event: 201.052 Executing VM operation: Cleanup
Event: 201.052 Executing VM operation: Cleanup done
Event: 202.055 Executing VM operation: Cleanup
Event: 202.071 Executing VM operation: Cleanup done
Event: 203.086 Executing VM operation: Cleanup
Event: 203.100 Executing VM operation: Cleanup done
Event: 203.338 Executing VM operation: HandshakeAllThreads (Deoptimize)
Event: 203.339 Executing VM operation: HandshakeAllThreads (Deoptimize) done
Event: 204.341 Executing VM operation: Cleanup
Event: 204.357 Executing VM operation: Cleanup done

Memory protections (0 events):
No events

Nmethod flushes (20 events):
Event: 184.348 Thread 0x0000029ce3580ec0 flushing  nmethod 0x0000029cd1045490
Event: 184.348 Thread 0x0000029ce3580ec0 flushing  nmethod 0x0000029cd1054890
Event: 184.348 Thread 0x0000029ce3580ec0 flushing  nmethod 0x0000029cd1055690
Event: 184.348 Thread 0x0000029ce3580ec0 flushing  nmethod 0x0000029cd1075310
Event: 184.348 Thread 0x0000029ce3580ec0 flushing  nmethod 0x0000029cd107d210
Event: 184.348 Thread 0x0000029ce3580ec0 flushing  nmethod 0x0000029cd107d990
Event: 184.348 Thread 0x0000029ce3580ec0 flushing  nmethod 0x0000029cd10fd990
Event: 184.348 Thread 0x0000029ce3580ec0 flushing  nmethod 0x0000029cd112ee90
Event: 184.348 Thread 0x0000029ce3580ec0 flushing  nmethod 0x0000029cd113bc10
Event: 184.348 Thread 0x0000029ce3580ec0 flushing  nmethod 0x0000029cd113fa90
Event: 184.348 Thread 0x0000029ce3580ec0 flushing  nmethod 0x0000029cd1140110
Event: 184.348 Thread 0x0000029ce3580ec0 flushing  nmethod 0x0000029cd1142e90
Event: 184.348 Thread 0x0000029ce3580ec0 flushing  nmethod 0x0000029cd1143890
Event: 184.348 Thread 0x0000029ce3580ec0 flushing  nmethod 0x0000029cd114ee10
Event: 184.348 Thread 0x0000029ce3580ec0 flushing  nmethod 0x0000029cd1152c90
Event: 184.348 Thread 0x0000029ce3580ec0 flushing  nmethod 0x0000029cd12cf090
Event: 184.348 Thread 0x0000029ce3580ec0 flushing  nmethod 0x0000029cd12cf410
Event: 184.348 Thread 0x0000029ce3580ec0 flushing  nmethod 0x0000029cd12d3010
Event: 184.348 Thread 0x0000029ce3580ec0 flushing  nmethod 0x0000029cd12d5690
Event: 184.348 Thread 0x0000029ce3580ec0 flushing  nmethod 0x0000029cd1342490

Events (20 events):
Event: 146.241 Thread 0x0000029cfd8621e0 Thread added: 0x0000029cfe1e6e30
Event: 146.247 Thread 0x0000029cfe1e6e30 Thread added: 0x0000029cff795720
Event: 146.595 Thread 0x0000029cff795720 Thread exited: 0x0000029cff795720
Event: 149.087 Thread 0x0000029ce35bfd30 Thread added: 0x0000029cff74f8a0
Event: 149.483 Thread 0x0000029cff74f8a0 Thread exited: 0x0000029cff74f8a0
Event: 149.491 Thread 0x0000029cfe933b00 Thread added: 0x0000029c809ee640
Event: 150.255 Thread 0x0000029cfe933b00 Thread added: 0x0000029c809ef9f0
Event: 156.213 Thread 0x0000029cfe933b00 Thread added: 0x0000029c809ed920
Event: 157.454 Thread 0x0000029cfe933b00 Thread added: 0x0000029c809edfb0
Event: 161.216 Thread 0x0000029cfe933b00 Thread added: 0x0000029c809eecd0
Event: 162.339 Thread 0x0000029cfe933b00 Thread added: 0x0000029c809ecc00
Event: 168.097 Thread 0x0000029cfe933b00 Thread added: 0x0000029c809f0710
Event: 169.492 Thread 0x0000029cfe933b00 Thread added: 0x0000029c809ef360
Event: 174.751 Thread 0x0000029ce35bc4e0 Thread added: 0x0000029cff696840
Event: 175.065 Thread 0x0000029cff696840 Thread exited: 0x0000029cff696840
Event: 177.385 Thread 0x0000029cfe933b00 Thread added: 0x0000029c809ed290
Event: 179.849 Thread 0x0000029cfe933b00 Thread added: 0x0000029c809f0080
Event: 182.649 Thread 0x0000029ce35bfd30 Thread added: 0x0000029cfed8c840
Event: 185.507 Thread 0x0000029cfed8c840 Thread exited: 0x0000029cfed8c840
Event: 195.984 Thread 0x0000029cfe933b00 Thread added: 0x0000029c809f2150


Dynamic libraries:
0x00007ff6c4600000 - 0x00007ff6c460e000 	C:\Users\ksj04\.jdks\ms-21.0.9\bin\java.exe
0x00007ff9f91e0000 - 0x00007ff9f9447000 	C:\WINDOWS\SYSTEM32\ntdll.dll
0x00007ff9f8590000 - 0x00007ff9f8659000 	C:\WINDOWS\System32\KERNEL32.DLL
0x00007ff9f6570000 - 0x00007ff9f695f000 	C:\WINDOWS\System32\KERNELBASE.dll
0x00007ff9f6420000 - 0x00007ff9f656b000 	C:\WINDOWS\System32\ucrtbase.dll
0x00007ff986f40000 - 0x00007ff986f58000 	C:\Users\ksj04\.jdks\ms-21.0.9\bin\jli.dll
0x00007ff9f8300000 - 0x00007ff9f84c5000 	C:\WINDOWS\System32\USER32.dll
0x00007ff9f63f0000 - 0x00007ff9f6417000 	C:\WINDOWS\System32\win32u.dll
0x00007ff9f8760000 - 0x00007ff9f878b000 	C:\WINDOWS\System32\GDI32.dll
0x00007ff9f6ba0000 - 0x00007ff9f6ccc000 	C:\WINDOWS\System32\gdi32full.dll
0x00007ff9f6cd0000 - 0x00007ff9f6d73000 	C:\WINDOWS\System32\msvcp_win.dll
0x00007ff986f20000 - 0x00007ff986f3e000 	C:\Users\ksj04\.jdks\ms-21.0.9\bin\VCRUNTIME140.dll
0x00007ff9e3de0000 - 0x00007ff9e4073000 	C:\WINDOWS\WinSxS\amd64_microsoft.windows.common-controls_6595b64144ccf1df_6.0.26100.7309_none_3e05feeae336a044\COMCTL32.dll
0x00007ff9f8f20000 - 0x00007ff9f8fc9000 	C:\WINDOWS\System32\msvcrt.dll
0x00007ff9f8be0000 - 0x00007ff9f8c11000 	C:\WINDOWS\System32\IMM32.DLL
0x00007ff9cda30000 - 0x00007ff9cda3c000 	C:\Users\ksj04\.jdks\ms-21.0.9\bin\vcruntime140_1.dll
0x00007ff938990000 - 0x00007ff938a19000 	C:\Users\ksj04\.jdks\ms-21.0.9\bin\msvcp140.dll
0x00007ff9338d0000 - 0x00007ff93467d000 	C:\Users\ksj04\.jdks\ms-21.0.9\bin\server\jvm.dll
0x00007ff9f8790000 - 0x00007ff9f8844000 	C:\WINDOWS\System32\ADVAPI32.dll
0x00007ff9f84d0000 - 0x00007ff9f8576000 	C:\WINDOWS\System32\sechost.dll
0x00007ff9f7120000 - 0x00007ff9f7238000 	C:\WINDOWS\System32\RPCRT4.dll
0x00007ff9f7020000 - 0x00007ff9f7094000 	C:\WINDOWS\System32\WS2_32.dll
0x00007ff9f6190000 - 0x00007ff9f61ee000 	C:\WINDOWS\SYSTEM32\POWRPROF.dll
0x00007ff9e5230000 - 0x00007ff9e5265000 	C:\WINDOWS\SYSTEM32\WINMM.dll
0x00007ff9ee200000 - 0x00007ff9ee20b000 	C:\WINDOWS\SYSTEM32\VERSION.dll
0x00007ff9f6170000 - 0x00007ff9f6184000 	C:\WINDOWS\SYSTEM32\UMPDC.dll
0x00007ff9f50e0000 - 0x00007ff9f50fb000 	C:\WINDOWS\SYSTEM32\kernel.appcore.dll
0x00007ff9be5e0000 - 0x00007ff9be5ea000 	C:\Users\ksj04\.jdks\ms-21.0.9\bin\jimage.dll
0x00007ff9f3750000 - 0x00007ff9f3992000 	C:\WINDOWS\SYSTEM32\DBGHELP.DLL
0x00007ff9f8850000 - 0x00007ff9f8bd5000 	C:\WINDOWS\System32\combase.dll
0x00007ff9f9050000 - 0x00007ff9f9126000 	C:\WINDOWS\System32\OLEAUT32.dll
0x00007ff9dff10000 - 0x00007ff9dff4c000 	C:\WINDOWS\SYSTEM32\dbgcore.DLL
0x00007ff9f6970000 - 0x00007ff9f6a15000 	C:\WINDOWS\System32\bcryptPrimitives.dll
0x00007ff9be0c0000 - 0x00007ff9be0d0000 	C:\Users\ksj04\.jdks\ms-21.0.9\bin\instrument.dll
0x00007ff985c80000 - 0x00007ff985ca1000 	C:\Users\ksj04\.jdks\ms-21.0.9\bin\java.dll
0x00007ff9f78c0000 - 0x00007ff9f8013000 	C:\WINDOWS\System32\SHELL32.dll
0x00007ff9f6e10000 - 0x00007ff9f6f7a000 	C:\WINDOWS\System32\wintypes.dll
0x00007ff9f3f50000 - 0x00007ff9f47ae000 	C:\WINDOWS\SYSTEM32\windows.storage.dll
0x00007ff9f8660000 - 0x00007ff9f8755000 	C:\WINDOWS\System32\SHCORE.dll
0x00007ff9f9130000 - 0x00007ff9f9196000 	C:\WINDOWS\System32\shlwapi.dll
0x00007ff9f6250000 - 0x00007ff9f6279000 	C:\WINDOWS\SYSTEM32\profapi.dll
0x00007ff935520000 - 0x00007ff9355f6000 	C:\Users\ksj04\.jdks\ms-21.0.9\bin\jsvml.dll
0x00007ff986ce0000 - 0x00007ff986cf8000 	C:\Users\ksj04\.jdks\ms-21.0.9\bin\zip.dll
0x00007ff9864c0000 - 0x00007ff9864d1000 	C:\Users\ksj04\.jdks\ms-21.0.9\bin\net.dll
0x00007ff9ef0e0000 - 0x00007ff9ef208000 	C:\WINDOWS\SYSTEM32\WINHTTP.dll
0x00007ff9f5650000 - 0x00007ff9f56bb000 	C:\WINDOWS\system32\mswsock.dll
0x00007ff983f80000 - 0x00007ff983f96000 	C:\Users\ksj04\.jdks\ms-21.0.9\bin\nio.dll
0x00007ff9bdbf0000 - 0x00007ff9bdc00000 	C:\Users\ksj04\.jdks\ms-21.0.9\bin\verify.dll
0x00007ff996e90000 - 0x00007ff996eb7000 	C:\Users\ksj04\.gradle\native\660c5614fbf4a5f2a75b1949f50a0caf5cd603558e7d8a26e50b933a0cfb79d1\windows-amd64\native-platform.dll
0x00007ff9b56f0000 - 0x00007ff9b5767000 	C:\Users\ksj04\.gradle\native\0.2.8\x86_64-windows-gnu\gradle-fileevents.dll
0x00007ff9bdb40000 - 0x00007ff9bdb4a000 	C:\Users\ksj04\.jdks\ms-21.0.9\bin\management.dll
0x00007ff9bcfd0000 - 0x00007ff9bcfdc000 	C:\Users\ksj04\.jdks\ms-21.0.9\bin\management_ext.dll
0x00007ff9f8c20000 - 0x00007ff9f8c28000 	C:\WINDOWS\System32\PSAPI.DLL
0x00007ff9f4b40000 - 0x00007ff9f4b74000 	C:\WINDOWS\SYSTEM32\IPHLPAPI.DLL
0x00007ff9f7240000 - 0x00007ff9f724a000 	C:\WINDOWS\System32\NSI.dll
0x00007ff9ba6a0000 - 0x00007ff9ba6a9000 	C:\Users\ksj04\.jdks\ms-21.0.9\bin\extnet.dll
0x00007ff9f5910000 - 0x00007ff9f592b000 	C:\WINDOWS\SYSTEM32\CRYPTSP.dll
0x00007ff9f5040000 - 0x00007ff9f507a000 	C:\WINDOWS\system32\rsaenh.dll
0x00007ff9f5700000 - 0x00007ff9f572b000 	C:\WINDOWS\SYSTEM32\USERENV.dll
0x00007ff9f6220000 - 0x00007ff9f624a000 	C:\WINDOWS\SYSTEM32\bcrypt.dll
0x00007ff9f5930000 - 0x00007ff9f593c000 	C:\WINDOWS\SYSTEM32\CRYPTBASE.dll
0x00007ff9b9d50000 - 0x00007ff9b9d5e000 	C:\Users\ksj04\.jdks\ms-21.0.9\bin\sunmscapi.dll
0x00007ff9f6a20000 - 0x00007ff9f6b97000 	C:\WINDOWS\System32\CRYPT32.dll
0x00007ff9f5b30000 - 0x00007ff9f5b60000 	C:\WINDOWS\SYSTEM32\ncrypt.dll
0x00007ff9f5ae0000 - 0x00007ff9f5b1f000 	C:\WINDOWS\SYSTEM32\NTASN1.dll
0x00007ff97b870000 - 0x00007ff97b878000 	C:\WINDOWS\system32\wshunix.dll

JVMTI agents:
C:\Users\ksj04\.gradle\wrapper\dists\gradle-9.2.1-bin\2t0n5ozlw9xmuyvbp7dnzaxug\gradle-9.2.1\lib\agents\gradle-instrumentation-agent-9.2.1.jar path:C:\Users\ksj04\.jdks\ms-21.0.9\bin\instrument.dll, loaded, initialized, instrumentlib options:none

dbghelp: loaded successfully - version: 4.0.5 - missing functions: none
symbol engine: initialized successfully - sym options: 0x614 - pdb path: .;C:\Users\ksj04\.jdks\ms-21.0.9\bin;C:\WINDOWS\SYSTEM32;C:\WINDOWS\WinSxS\amd64_microsoft.windows.common-controls_6595b64144ccf1df_6.0.26100.7309_none_3e05feeae336a044;C:\Users\ksj04\.jdks\ms-21.0.9\bin\server;C:\Users\ksj04\.gradle\native\660c5614fbf4a5f2a75b1949f50a0caf5cd603558e7d8a26e50b933a0cfb79d1\windows-amd64;C:\Users\ksj04\.gradle\native\0.2.8\x86_64-windows-gnu

VM Arguments:
jvm_args: --add-opens=java.base/java.lang=ALL-UNNAMED --add-opens=java.base/java.lang.invoke=ALL-UNNAMED --add-opens=java.base/java.util=ALL-UNNAMED --add-opens=java.prefs/java.util.prefs=ALL-UNNAMED --add-exports=jdk.compiler/com.sun.tools.javac.api=ALL-UNNAMED --add-exports=jdk.compiler/com.sun.tools.javac.util=ALL-UNNAMED --add-opens=java.base/java.util=ALL-UNNAMED --add-opens=java.prefs/java.util.prefs=ALL-UNNAMED --add-opens=java.base/java.nio.charset=ALL-UNNAMED --add-opens=java.base/java.net=ALL-UNNAMED --add-opens=java.base/java.util.concurrent=ALL-UNNAMED --add-opens=java.base/java.util.concurrent.atomic=ALL-UNNAMED --add-opens=java.xml/javax.xml.namespace=ALL-UNNAMED --add-opens=java.base/java.time=ALL-UNNAMED -XX:MaxMetaspaceSize=384m -XX:+HeapDumpOnOutOfMemoryError -Xms256m -Xmx512m -Dfile.encoding=UTF-8 -Duser.country -Duser.language=en -Duser.variant -javaagent:C:\Users\ksj04\.gradle\wrapper\dists\gradle-9.2.1-bin\2t0n5ozlw9xmuyvbp7dnzaxug\gradle-9.2.1\lib\agents\gradle-instrumentation-agent-9.2.1.jar 
java_command: org.gradle.launcher.daemon.bootstrap.GradleDaemon 9.2.1
java_class_path (initial): C:\Users\ksj04\.gradle\wrapper\dists\gradle-9.2.1-bin\2t0n5ozlw9xmuyvbp7dnzaxug\gradle-9.2.1\lib\gradle-daemon-main-9.2.1.jar
Launcher Type: SUN_STANDARD

[Global flags]
     intx CICompilerCount                          = 4                                         {product} {ergonomic}
   size_t CompressedClassSpaceSize                 = 335544320                                 {product} {ergonomic}
     uint ConcGCThreads                            = 2                                         {product} {ergonomic}
     uint G1ConcRefinementThreads                  = 8                                         {product} {ergonomic}
   size_t G1HeapRegionSize                         = 1048576                                   {product} {ergonomic}
    uintx GCDrainStackTargetSize                   = 64                                        {product} {ergonomic}
     bool HeapDumpOnOutOfMemoryError               = true                                   {manageable} {command line}
   size_t InitialHeapSize                          = 268435456                                 {product} {command line}
   size_t MarkStackSize                            = 4194304                                   {product} {ergonomic}
   size_t MaxHeapSize                              = 536870912                                 {product} {command line}
   size_t MaxMetaspaceSize                         = 402653184                                 {product} {command line}
   size_t MaxNewSize                               = 321912832                                 {product} {ergonomic}
   size_t MinHeapDeltaBytes                        = 1048576                                   {product} {ergonomic}
   size_t MinHeapSize                              = 268435456                                 {product} {command line}
    uintx NonNMethodCodeHeapSize                   = 5839372                                {pd product} {ergonomic}
    uintx NonProfiledCodeHeapSize                  = 122909434                              {pd product} {ergonomic}
    uintx ProfiledCodeHeapSize                     = 122909434                              {pd product} {ergonomic}
    uintx ReservedCodeCacheSize                    = 251658240                              {pd product} {ergonomic}
     bool SegmentedCodeCache                       = true                                      {product} {ergonomic}
   size_t SoftMaxHeapSize                          = 536870912                              {manageable} {ergonomic}
     bool UseCompressedOops                        = true                           {product lp64_product} {ergonomic}
     bool UseG1GC                                  = true                                      {product} {ergonomic}
     bool UseLargePagesIndividualAllocation        = false                                  {pd product} {ergonomic}

Logging:
Log output configuration:
 #0: stdout all=warning uptime,level,tags foldmultilines=false
 #1: stderr all=off uptime,level,tags foldmultilines=false

Release file:
IMPLEMENTOR="Microsoft" 
IMPLEMENTOR_VERSION="Microsoft-12574459" 
JAVA_RUNTIME_VERSION="21.0.9+10-LTS" 
JAVA_VERSION="21.0.9" 
JAVA_VERSION_DATE="2025-10-21" 
LIBC="default" 
MODULES="java.base java.compiler java.datatransfer java.xml java.prefs java.desktop java.instrument java.logging java.management java.security.sasl java.naming java.rmi java.management.rmi java.net.http java.scripting java.security.jgss java.transaction.xa java.sql java.sql.rowset java.xml.crypto java.se java.smartcardio jdk.accessibility jdk.internal.jvmstat jdk.attach jdk.charsets jdk.internal.opt jdk.zipfs jdk.compiler jdk.crypto.ec jdk.crypto.cryptoki jdk.crypto.mscapi jdk.dynalink jdk.internal.ed jdk.editpad jdk.hotspot.agent jdk.httpserver jdk.incubator.vector jdk.internal.le jdk.internal.vm.ci jdk.internal.vm.compiler jdk.internal.vm.compiler.management jdk.jartool jdk.javadoc jdk.jcmd jdk.management jdk.management.agent jdk.jconsole jdk.jdeps jdk.jdwp.agent jdk.jdi jdk.jfr jdk.jlink jdk.jpackage jdk.jshell jdk.jsobject jdk.jstatd jdk.localedata jdk.management.jfr jdk.naming.dns jdk.naming.rmi jdk.net jdk.nio.mapmode jdk.random jdk.sctp jdk.security.auth jdk.security.jgss jdk.unsupported jdk.unsupported.desktop jdk.xml.dom" 
OS_ARCH="x86_64" 
OS_NAME="Windows" 
SOURCE=".:git:e0bc49609000" 

Environment Variables:
PATH=%JAVA_HOME%\bin;%JAVA_HOME%\bin;%JAVA_HOME%\bin;C:\WINDOWS\System32;C:\Program Files\MySQL\MySQL Server 8.0\bin;C:\Python313\Scripts\;C:\Python313\;C:\Users\ksj04\AppData\Local\Microsoft\WindowsApps;C:\Users\ksj04\AppData\Local\Programs\Microsoft VS Code\bin;C:\Users\ksj04\AppData\Local\SOOP;C:\Program Files\MySQL\MySQ;C:\Users\ksj04\Downloads\apache-maven-3.9.9-bin\bin;C:\WINDOWS\system32;C:\WINDOWS;C:\WINDOWS\System32\Wbem;C:\WINDOWS\System32\WindowsPowerShell\v1.0\;C:\WINDOWS\System32\OpenSSH\;C:\Program Files\dotnet\;C:\Program Files\Git\cmd;C:\Program Files\nodejs\;C:\Program Files\GitHub CLI\;C:\Program Files\MySQL\MySQL Server 8.0\bin;C:\Python313\Scripts\;C:\Python313\;C:\Users\ksj04\AppData\Local\Microsoft\WindowsApps;C:\Users\ksj04\AppData\Local\Programs\Microsoft VS Code\bin;C:\Users\ksj04\AppData\Local\SOOP;C:\Program Files\MySQL\MySQ;C:\Users\ksj04\Downloads\apache-maven-3.9.9-bin\bin;C:\WINDOWS\system32;C:\WINDOWS;C:\WINDOWS\System32\Wbem;C:\WINDOWS\System32\WindowsPowerShell\v1.0\;C:\WINDOWS\System32\OpenSSH\;C:\Program Files\dotnet\;C:\Program Files\Git\cmd;C:\Program Files\nodejs\;C:\Program Files\GitHub CLI\;C:\Program Files\MySQL\MySQL Server 8.0\bin;C:\Python313\Scripts\;C:\Python313\;C:\Users\ksj04\AppData\Local\Microsoft\WindowsApps;C:\Users\ksj04\AppData\Local\Programs\Microsoft VS Code\bin;C:\Users\ksj04\AppData\Local\SOOP;C:\Program Files\MySQL\MySQ;C:\Users\ksj04\Downloads\apache-maven-3.9.9-bin\bin;C:\WINDOWS\system32;C:\WINDOWS;C:\WINDOWS\System32\Wbem;C:\WINDOWS\System32\WindowsPowerShell\v1.0\;C:\WINDOWS\System32\OpenSSH\;C:\Program Files\dotnet\;C:\Program Files\Git\cmd;C:\Program Files\nodejs\;C:\Program Files\GitHub CLI\;C:\Users\ksj04\AppData\Local\Programs\Python\Python313\Scripts\;C:\Users\ksj04\AppData\Local\Programs\Python\Python313\;C:\Users\ksj04\AppData\Local\Microsoft\WindowsApps;C:\Users\ksj04\AppData\Local\SOOP;C:\Users\ksj04\AppData\Local\Programs\Microsoft VS Code\bin;C:\Users\ksj04\flutter_windows_3.29.2-stable\flutter\bin;%JAVA_HOME%\bin;C:\Program Files\ngrok-v3-stable-windows-amd64;C:\Users\ksj04\AppData\Roaming\npm
USERNAME=ksj04
OS=Windows_NT
PROCESSOR_IDENTIFIER=Intel64 Family 6 Model 142 Stepping 12, GenuineIntel
TMP=C:\Users\ksj04\AppData\Local\Temp
TEMP=C:\Users\ksj04\AppData\Local\Temp




Periodic native trim disabled

---------------  S Y S T E M  ---------------

OS:
 Windows 11 , 64 bit Build 26100 (10.0.26100.7309)
OS uptime: 0 days 1:34 hours

CPU: total 8 (initial active 8) (4 cores per cpu, 2 threads per core) family 6 model 142 stepping 12 microcode 0xde, cx8, cmov, fxsr, ht, mmx, 3dnowpref, sse, sse2, sse3, ssse3, sse4.1, sse4.2, popcnt, lzcnt, tsc, tscinvbit, avx, avx2, aes, erms, clmul, bmi1, bmi2, adx, fma, vzeroupper, clflush, clflushopt, rdtscp, f16c
Processor Information for the first 8 processors :
  Max Mhz: 2112, Current Mhz: 1609, Mhz Limit: 1605

Memory: 4k page, system-wide physical 7973M (606M free)
TotalPageFile size 18779M (AvailPageFile size 6M)
current process WorkingSet (physical memory assigned to process): 155M, peak: 202M
current process commit charge ("private bytes"): 443M, peak: 460M

vm_info: OpenJDK 64-Bit Server VM (21.0.9+10-LTS) for windows-amd64 JRE (21.0.9+10-LTS), built on 2025-10-13T22:04:36Z by "MicrosoftCorporation" with unknown MS VC++:1944

END.
