#
# There is insufficient memory for the Java Runtime Environment to continue.
# Native memory allocation (malloc) failed to allocate 1818896 bytes. Error detail: Chunk::new
# Possible reasons:
#   The system is out of physical RAM or swap space
#   This process is running with CompressedOops enabled, and the Java Heap may be blocking the growth of the native heap
# Possible solutions:
#   Reduce memory load on the system
#   Increase physical memory or swap space
#   Check if swap backing store is full
#   Decrease Java heap size (-Xmx/-Xms)
#   Decrease number of Java threads
#   Decrease Java thread stack sizes (-Xss)
#   Set larger code cache with -XX:ReservedCodeCacheSize=
#   JVM is running with Unscaled Compressed Oops mode in which the Java heap is
#     placed in the first 4GB address space. The Java Heap base address is the
#     maximum limit for the native heap growth. Please use -XX:HeapBaseMinAddress
#     to set the Java Heap base and to place the Java Heap above 4GB virtual address.
# This output file may be truncated or incomplete.
#
#  Out of Memory Error (arena.cpp:168), pid=17640, tid=15800
#
# JRE version: OpenJDK Runtime Environment Microsoft-12574459 (21.0.9+10) (build 21.0.9+10-LTS)
# Java VM: OpenJDK 64-Bit Server VM Microsoft-12574459 (21.0.9+10-LTS, mixed mode, sharing, tiered, compressed oops, compressed class ptrs, g1 gc, windows-amd64)
# No core dump will be written. Minidumps are not enabled by default on client versions of Windows
#

---------------  S U M M A R Y ------------

Command Line: --add-opens=java.base/java.lang=ALL-UNNAMED --add-opens=java.base/java.lang.invoke=ALL-UNNAMED --add-opens=java.base/java.util=ALL-UNNAMED --add-opens=java.prefs/java.util.prefs=ALL-UNNAMED --add-exports=jdk.compiler/com.sun.tools.javac.api=ALL-UNNAMED --add-exports=jdk.compiler/com.sun.tools.javac.util=ALL-UNNAMED --add-opens=java.base/java.util=ALL-UNNAMED --add-opens=java.prefs/java.util.prefs=ALL-UNNAMED --add-opens=java.base/java.nio.charset=ALL-UNNAMED --add-opens=java.base/java.net=ALL-UNNAMED --add-opens=java.base/java.util.concurrent=ALL-UNNAMED --add-opens=java.base/java.util.concurrent.atomic=ALL-UNNAMED --add-opens=java.xml/javax.xml.namespace=ALL-UNNAMED --add-opens=java.base/java.time=ALL-UNNAMED -XX:MaxMetaspaceSize=384m -XX:+HeapDumpOnOutOfMemoryError -Xms256m -Xmx512m -Dfile.encoding=UTF-8 -Duser.country -Duser.language=en -Duser.variant -javaagent:C:\Users\ksj04\.gradle\wrapper\dists\gradle-9.2.1-bin\2t0n5ozlw9xmuyvbp7dnzaxug\gradle-9.2.1\lib\agents\gradle-instrumentation-agent-9.2.1.jar org.gradle.launcher.daemon.bootstrap.GradleDaemon 9.2.1

Host: Intel(R) Core(TM) i5-10210U CPU @ 1.60GHz, 8 cores, 7G,  Windows 11 , 64 bit Build 26100 (10.0.26100.7309)
Time: Fri Dec 19 21:51:41 2025 elapsed time: 97.387402 seconds (0d 0h 1m 37s)

---------------  T H R E A D  ---------------

Current thread (0x000001f96911f710):  JavaThread "C2 CompilerThread0" daemon [_thread_in_native, id=15800, stack(0x0000007028200000,0x0000007028300000) (1024K)]


Current CompileTask:
C2:97387 2979   !   4       java.net.URLClassLoader::findClass (47 bytes)

Stack: [0x0000007028200000,0x0000007028300000]
Native frames: (J=compiled Java code, j=interpreted, Vv=VM code, C=native code)
V  [jvm.dll+0x6df259]  (no source info available)
V  [jvm.dll+0x8bfe4b]  (no source info available)
V  [jvm.dll+0x8c23da]  (no source info available)
V  [jvm.dll+0x8c2ab3]  (no source info available)
V  [jvm.dll+0x28a416]  (no source info available)
V  [jvm.dll+0xc903d]  (no source info available)
V  [jvm.dll+0xc958c]  (no source info available)
V  [jvm.dll+0x3c7cc2]  (no source info available)
V  [jvm.dll+0x1ea5bd]  (no source info available)
V  [jvm.dll+0x2521f3]  (no source info available)
V  [jvm.dll+0x2516c3]  (no source info available)
V  [jvm.dll+0x1d18cf]  (no source info available)
V  [jvm.dll+0x26138a]  (no source info available)
V  [jvm.dll+0x25f6f5]  (no source info available)
V  [jvm.dll+0x401aad]  (no source info available)
V  [jvm.dll+0x869f7d]  (no source info available)
V  [jvm.dll+0x6e080d]  (no source info available)
C  [ucrtbase.dll+0x37b0]  (no source info available)
C  [KERNEL32.DLL+0x2e8d7]  (no source info available)
C  [ntdll.dll+0x8c53c]  (no source info available)


---------------  P R O C E S S  ---------------

Threads class SMR info:
_java_thread_list=0x000001f904361140, length=25, elements={
0x000001f94c51dfb0, 0x000001f9690fbed0, 0x000001f969114d30, 0x000001f96911abb0,
0x000001f969104f40, 0x000001f96911e330, 0x000001f96911e990, 0x000001f96911f710,
0x000001f96917fe10, 0x000001f9692e71a0, 0x000001f96931dbd0, 0x000001f969565f50,
0x000001f96940b150, 0x000001f97ff0c380, 0x000001f969729c70, 0x000001f97f23c360,
0x000001f97fe8cda0, 0x000001f97fc76140, 0x000001f97fef7eb0, 0x000001f97fef7190,
0x000001f97fef7820, 0x000001f97fef5de0, 0x000001f97fef8bd0, 0x000001f97fef6470,
0x000001f97fef9260
}

Java Threads: ( => current thread )
  0x000001f94c51dfb0 JavaThread "main"                              [_thread_blocked, id=18572, stack(0x0000007027400000,0x0000007027500000) (1024K)]
  0x000001f9690fbed0 JavaThread "Reference Handler"          daemon [_thread_blocked, id=12280, stack(0x0000007027c00000,0x0000007027d00000) (1024K)]
  0x000001f969114d30 JavaThread "Finalizer"                  daemon [_thread_blocked, id=9732, stack(0x0000007027d00000,0x0000007027e00000) (1024K)]
  0x000001f96911abb0 JavaThread "Signal Dispatcher"          daemon [_thread_blocked, id=5960, stack(0x0000007027e00000,0x0000007027f00000) (1024K)]
  0x000001f969104f40 JavaThread "Attach Listener"            daemon [_thread_blocked, id=11444, stack(0x0000007027f00000,0x0000007028000000) (1024K)]
  0x000001f96911e330 JavaThread "Service Thread"             daemon [_thread_blocked, id=9140, stack(0x0000007028000000,0x0000007028100000) (1024K)]
  0x000001f96911e990 JavaThread "Monitor Deflation Thread"   daemon [_thread_blocked, id=18080, stack(0x0000007028100000,0x0000007028200000) (1024K)]
=>0x000001f96911f710 JavaThread "C2 CompilerThread0"         daemon [_thread_in_native, id=15800, stack(0x0000007028200000,0x0000007028300000) (1024K)]
  0x000001f96917fe10 JavaThread "C1 CompilerThread0"         daemon [_thread_blocked, id=8476, stack(0x0000007028300000,0x0000007028400000) (1024K)]
  0x000001f9692e71a0 JavaThread "Common-Cleaner"             daemon [_thread_blocked, id=20032, stack(0x0000007028400000,0x0000007028500000) (1024K)]
  0x000001f96931dbd0 JavaThread "Notification Thread"        daemon [_thread_blocked, id=6584, stack(0x0000007028500000,0x0000007028600000) (1024K)]
  0x000001f969565f50 JavaThread "Daemon health stats"               [_thread_blocked, id=21756, stack(0x0000007027300000,0x0000007027400000) (1024K)]
  0x000001f96940b150 JavaThread "Incoming local TCP Connector on port 62147"        [_thread_in_native, id=5600, stack(0x0000007028b00000,0x0000007028c00000) (1024K)]
  0x000001f97ff0c380 JavaThread "Daemon periodic checks"            [_thread_blocked, id=22444, stack(0x0000007028c00000,0x0000007028d00000) (1024K)]
  0x000001f969729c70 JavaThread "Daemon"                            [_thread_blocked, id=22248, stack(0x0000007029000000,0x0000007029100000) (1024K)]
  0x000001f97f23c360 JavaThread "Handler for socket connection from /127.0.0.1:62147 to /127.0.0.1:62152"        [_thread_in_native, id=21920, stack(0x0000007029100000,0x0000007029200000) (1024K)]
  0x000001f97fe8cda0 JavaThread "Cancel handler"                    [_thread_blocked, id=19068, stack(0x0000007029200000,0x0000007029300000) (1024K)]
  0x000001f97fc76140 JavaThread "Daemon worker"                     [_thread_in_vm, id=2556, stack(0x0000007029300000,0x0000007029400000) (1024K)]
  0x000001f97fef7eb0 JavaThread "Asynchronous log dispatcher for DefaultDaemonConnection: socket connection from /127.0.0.1:62147 to /127.0.0.1:62152"        [_thread_blocked, id=8152, stack(0x0000007029400000,0x0000007029500000) (1024K)]
  0x000001f97fef7190 JavaThread "Stdin handler"                     [_thread_blocked, id=4024, stack(0x0000007029500000,0x0000007029600000) (1024K)]
  0x000001f97fef7820 JavaThread "Daemon client event forwarder"        [_thread_blocked, id=14648, stack(0x0000007029600000,0x0000007029700000) (1024K)]
  0x000001f97fef5de0 JavaThread "Cache worker for journal cache (C:\Users\ksj04\.gradle\caches\journal-1)"        [_thread_blocked, id=21728, stack(0x0000007029700000,0x0000007029800000) (1024K)]
  0x000001f97fef8bd0 JavaThread "File lock request listener"        [_thread_in_native, id=21744, stack(0x0000007029800000,0x0000007029900000) (1024K)]
  0x000001f97fef6470 JavaThread "File lock release action executor"        [_thread_blocked, id=4220, stack(0x0000007029900000,0x0000007029a00000) (1024K)]
  0x000001f97fef9260 JavaThread "Cache worker for file hash cache (C:\Users\ksj04\.gradle\caches\9.2.1\fileHashes)"        [_thread_blocked, id=10356, stack(0x0000007029a00000,0x0000007029b00000) (1024K)]
Total: 25

Other Threads:
  0x000001f9690e64d0 VMThread "VM Thread"                           [id=8976, stack(0x0000007027b00000,0x0000007027c00000) (1024K)]
  0x000001f9690d84a0 WatcherThread "VM Periodic Task Thread"        [id=264, stack(0x0000007027a00000,0x0000007027b00000) (1024K)]
  0x000001f94c548690 WorkerThread "GC Thread#0"                     [id=196, stack(0x0000007027500000,0x0000007027600000) (1024K)]
  0x000001f9691ff1b0 WorkerThread "GC Thread#1"                     [id=12168, stack(0x0000007028600000,0x0000007028700000) (1024K)]
  0x000001f9691ff550 WorkerThread "GC Thread#2"                     [id=14092, stack(0x0000007028700000,0x0000007028800000) (1024K)]
  0x000001f969534c50 WorkerThread "GC Thread#3"                     [id=18028, stack(0x0000007028800000,0x0000007028900000) (1024K)]
  0x000001f969534ff0 WorkerThread "GC Thread#4"                     [id=16124, stack(0x0000007028900000,0x0000007028a00000) (1024K)]
  0x000001f969535390 WorkerThread "GC Thread#5"                     [id=13144, stack(0x0000007028a00000,0x0000007028b00000) (1024K)]
  0x000001f97ff2cbf0 WorkerThread "GC Thread#6"                     [id=15240, stack(0x0000007028d00000,0x0000007028e00000) (1024K)]
  0x000001f97ff2cf90 WorkerThread "GC Thread#7"                     [id=15236, stack(0x0000007028e00000,0x0000007028f00000) (1024K)]
  0x000001f94c54d580 ConcurrentGCThread "G1 Main Marker"            [id=3148, stack(0x0000007027600000,0x0000007027700000) (1024K)]
  0x000001f94c54e7a0 WorkerThread "G1 Conc#0"                       [id=19612, stack(0x0000007027700000,0x0000007027800000) (1024K)]
  0x000001f968fa8600 ConcurrentGCThread "G1 Refine#0"               [id=17788, stack(0x0000007027800000,0x0000007027900000) (1024K)]
  0x000001f968fa8e20 ConcurrentGCThread "G1 Service"                [id=20756, stack(0x0000007027900000,0x0000007027a00000) (1024K)]
Total: 14

Threads with active compile tasks:
C2 CompilerThread0  97441 2979   !   4       java.net.URLClassLoader::findClass (47 bytes)
Total: 1

VM state: not at safepoint (normal execution)

VM Mutex/Monitor currently owned by a thread: None

Heap address: 0x00000000e0000000, size: 512 MB, Compressed Oops mode: 32-bit

CDS archive(s) mapped at: [0x000001f96a000000-0x000001f96ac80000-0x000001f96ac80000), size 13107200, SharedBaseAddress: 0x000001f96a000000, ArchiveRelocationMode: 1.
Compressed class space mapped at: 0x000001f96b000000-0x000001f97f000000, reserved size: 335544320
Narrow klass base: 0x000001f96a000000, Narrow klass shift: 0, Narrow klass range: 0x100000000

GC Precious Log:
 CardTable entry size: 512
 Card Set container configuration: InlinePtr #cards 5 size 8 Array Of Cards #cards 12 size 40 Howl #buckets 4 coarsen threshold 1843 Howl Bitmap #cards 512 size 80 coarsen threshold 460 Card regions per heap region 1 cards per card region 2048
 CPUs: 8 total, 8 available
 Memory: 7973M
 Large Page Support: Disabled
 NUMA Support: Disabled
 Compressed Oops: Enabled (32-bit)
 Heap Region Size: 1M
 Heap Min Capacity: 256M
 Heap Initial Capacity: 256M
 Heap Max Capacity: 512M
 Pre-touch: Disabled
 Parallel Workers: 8
 Concurrent Workers: 2
 Concurrent Refinement Workers: 8
 Periodic GC: Disabled

Heap:
 garbage-first heap   total 262144K, used 79660K [0x00000000e0000000, 0x0000000100000000)
  region size 1024K, 68 young (69632K), 10 survivors (10240K)
 Metaspace       used 19724K, committed 20224K, reserved 393216K
  class space    used 2652K, committed 2880K, reserved 327680K

Heap Regions: E=young(eden), S=young(survivor), O=old, HS=humongous(starts), HC=humongous(continues), CS=collection set, F=free, TAMS=top-at-mark-start, PB=parsable bottom
|   0|0x00000000e0000000, 0x00000000e0100000, 0x00000000e0100000|100%|HS|  |TAMS 0x00000000e0000000| PB 0x00000000e0000000| Complete 
|   1|0x00000000e0100000, 0x00000000e0200000, 0x00000000e0200000|100%|HC|  |TAMS 0x00000000e0100000| PB 0x00000000e0100000| Complete 
|   2|0x00000000e0200000, 0x00000000e0300000, 0x00000000e0300000|100%|HC|  |TAMS 0x00000000e0200000| PB 0x00000000e0200000| Complete 
|   3|0x00000000e0300000, 0x00000000e0400000, 0x00000000e0400000|100%|HC|  |TAMS 0x00000000e0300000| PB 0x00000000e0300000| Complete 
|   4|0x00000000e0400000, 0x00000000e0500000, 0x00000000e0500000|100%| O|  |TAMS 0x00000000e0400000| PB 0x00000000e0400000| Untracked 
|   5|0x00000000e0500000, 0x00000000e0600000, 0x00000000e0600000|100%| O|  |TAMS 0x00000000e0500000| PB 0x00000000e0500000| Untracked 
|   6|0x00000000e0600000, 0x00000000e0700000, 0x00000000e0700000|100%| O|  |TAMS 0x00000000e0600000| PB 0x00000000e0600000| Untracked 
|   7|0x00000000e0700000, 0x00000000e0800000, 0x00000000e0800000|100%|HS|  |TAMS 0x00000000e0700000| PB 0x00000000e0700000| Complete 
|   8|0x00000000e0800000, 0x00000000e0900000, 0x00000000e0900000|100%|HS|  |TAMS 0x00000000e0800000| PB 0x00000000e0800000| Complete 
|   9|0x00000000e0900000, 0x00000000e0a00000, 0x00000000e0a00000|100%| O|  |TAMS 0x00000000e0900000| PB 0x00000000e0900000| Untracked 
|  10|0x00000000e0a00000, 0x00000000e0acb200, 0x00000000e0b00000| 79%| O|  |TAMS 0x00000000e0a00000| PB 0x00000000e0a00000| Untracked 
|  11|0x00000000e0b00000, 0x00000000e0c00000, 0x00000000e0c00000|100%|HS|  |TAMS 0x00000000e0b00000| PB 0x00000000e0b00000| Complete 
|  12|0x00000000e0c00000, 0x00000000e0c00000, 0x00000000e0d00000|  0%| F|  |TAMS 0x00000000e0c00000| PB 0x00000000e0c00000| Untracked 
|  13|0x00000000e0d00000, 0x00000000e0d00000, 0x00000000e0e00000|  0%| F|  |TAMS 0x00000000e0d00000| PB 0x00000000e0d00000| Untracked 
|  14|0x00000000e0e00000, 0x00000000e0e00000, 0x00000000e0f00000|  0%| F|  |TAMS 0x00000000e0e00000| PB 0x00000000e0e00000| Untracked 
|  15|0x00000000e0f00000, 0x00000000e0f00000, 0x00000000e1000000|  0%| F|  |TAMS 0x00000000e0f00000| PB 0x00000000e0f00000| Untracked 
|  16|0x00000000e1000000, 0x00000000e1000000, 0x00000000e1100000|  0%| F|  |TAMS 0x00000000e1000000| PB 0x00000000e1000000| Untracked 
|  17|0x00000000e1100000, 0x00000000e1100000, 0x00000000e1200000|  0%| F|  |TAMS 0x00000000e1100000| PB 0x00000000e1100000| Untracked 
|  18|0x00000000e1200000, 0x00000000e1200000, 0x00000000e1300000|  0%| F|  |TAMS 0x00000000e1200000| PB 0x00000000e1200000| Untracked 
|  19|0x00000000e1300000, 0x00000000e1300000, 0x00000000e1400000|  0%| F|  |TAMS 0x00000000e1300000| PB 0x00000000e1300000| Untracked 
|  20|0x00000000e1400000, 0x00000000e1400000, 0x00000000e1500000|  0%| F|  |TAMS 0x00000000e1400000| PB 0x00000000e1400000| Untracked 
|  21|0x00000000e1500000, 0x00000000e1500000, 0x00000000e1600000|  0%| F|  |TAMS 0x00000000e1500000| PB 0x00000000e1500000| Untracked 
|  22|0x00000000e1600000, 0x00000000e1600000, 0x00000000e1700000|  0%| F|  |TAMS 0x00000000e1600000| PB 0x00000000e1600000| Untracked 
|  23|0x00000000e1700000, 0x00000000e1700000, 0x00000000e1800000|  0%| F|  |TAMS 0x00000000e1700000| PB 0x00000000e1700000| Untracked 
|  24|0x00000000e1800000, 0x00000000e1800000, 0x00000000e1900000|  0%| F|  |TAMS 0x00000000e1800000| PB 0x00000000e1800000| Untracked 
|  25|0x00000000e1900000, 0x00000000e1900000, 0x00000000e1a00000|  0%| F|  |TAMS 0x00000000e1900000| PB 0x00000000e1900000| Untracked 
|  26|0x00000000e1a00000, 0x00000000e1a00000, 0x00000000e1b00000|  0%| F|  |TAMS 0x00000000e1a00000| PB 0x00000000e1a00000| Untracked 
|  27|0x00000000e1b00000, 0x00000000e1b00000, 0x00000000e1c00000|  0%| F|  |TAMS 0x00000000e1b00000| PB 0x00000000e1b00000| Untracked 
|  28|0x00000000e1c00000, 0x00000000e1c00000, 0x00000000e1d00000|  0%| F|  |TAMS 0x00000000e1c00000| PB 0x00000000e1c00000| Untracked 
|  29|0x00000000e1d00000, 0x00000000e1d00000, 0x00000000e1e00000|  0%| F|  |TAMS 0x00000000e1d00000| PB 0x00000000e1d00000| Untracked 
|  30|0x00000000e1e00000, 0x00000000e1e00000, 0x00000000e1f00000|  0%| F|  |TAMS 0x00000000e1e00000| PB 0x00000000e1e00000| Untracked 
|  31|0x00000000e1f00000, 0x00000000e1f00000, 0x00000000e2000000|  0%| F|  |TAMS 0x00000000e1f00000| PB 0x00000000e1f00000| Untracked 
|  32|0x00000000e2000000, 0x00000000e2000000, 0x00000000e2100000|  0%| F|  |TAMS 0x00000000e2000000| PB 0x00000000e2000000| Untracked 
|  33|0x00000000e2100000, 0x00000000e2100000, 0x00000000e2200000|  0%| F|  |TAMS 0x00000000e2100000| PB 0x00000000e2100000| Untracked 
|  34|0x00000000e2200000, 0x00000000e2200000, 0x00000000e2300000|  0%| F|  |TAMS 0x00000000e2200000| PB 0x00000000e2200000| Untracked 
|  35|0x00000000e2300000, 0x00000000e2300000, 0x00000000e2400000|  0%| F|  |TAMS 0x00000000e2300000| PB 0x00000000e2300000| Untracked 
|  36|0x00000000e2400000, 0x00000000e2400000, 0x00000000e2500000|  0%| F|  |TAMS 0x00000000e2400000| PB 0x00000000e2400000| Untracked 
|  37|0x00000000e2500000, 0x00000000e2500000, 0x00000000e2600000|  0%| F|  |TAMS 0x00000000e2500000| PB 0x00000000e2500000| Untracked 
|  38|0x00000000e2600000, 0x00000000e2600000, 0x00000000e2700000|  0%| F|  |TAMS 0x00000000e2600000| PB 0x00000000e2600000| Untracked 
|  39|0x00000000e2700000, 0x00000000e2700000, 0x00000000e2800000|  0%| F|  |TAMS 0x00000000e2700000| PB 0x00000000e2700000| Untracked 
|  40|0x00000000e2800000, 0x00000000e2800000, 0x00000000e2900000|  0%| F|  |TAMS 0x00000000e2800000| PB 0x00000000e2800000| Untracked 
|  41|0x00000000e2900000, 0x00000000e2900000, 0x00000000e2a00000|  0%| F|  |TAMS 0x00000000e2900000| PB 0x00000000e2900000| Untracked 
|  42|0x00000000e2a00000, 0x00000000e2a00000, 0x00000000e2b00000|  0%| F|  |TAMS 0x00000000e2a00000| PB 0x00000000e2a00000| Untracked 
|  43|0x00000000e2b00000, 0x00000000e2b00000, 0x00000000e2c00000|  0%| F|  |TAMS 0x00000000e2b00000| PB 0x00000000e2b00000| Untracked 
|  44|0x00000000e2c00000, 0x00000000e2c00000, 0x00000000e2d00000|  0%| F|  |TAMS 0x00000000e2c00000| PB 0x00000000e2c00000| Untracked 
|  45|0x00000000e2d00000, 0x00000000e2d00000, 0x00000000e2e00000|  0%| F|  |TAMS 0x00000000e2d00000| PB 0x00000000e2d00000| Untracked 
|  46|0x00000000e2e00000, 0x00000000e2e00000, 0x00000000e2f00000|  0%| F|  |TAMS 0x00000000e2e00000| PB 0x00000000e2e00000| Untracked 
|  47|0x00000000e2f00000, 0x00000000e2f00000, 0x00000000e3000000|  0%| F|  |TAMS 0x00000000e2f00000| PB 0x00000000e2f00000| Untracked 
|  48|0x00000000e3000000, 0x00000000e3000000, 0x00000000e3100000|  0%| F|  |TAMS 0x00000000e3000000| PB 0x00000000e3000000| Untracked 
|  49|0x00000000e3100000, 0x00000000e3100000, 0x00000000e3200000|  0%| F|  |TAMS 0x00000000e3100000| PB 0x00000000e3100000| Untracked 
|  50|0x00000000e3200000, 0x00000000e3200000, 0x00000000e3300000|  0%| F|  |TAMS 0x00000000e3200000| PB 0x00000000e3200000| Untracked 
|  51|0x00000000e3300000, 0x00000000e3300000, 0x00000000e3400000|  0%| F|  |TAMS 0x00000000e3300000| PB 0x00000000e3300000| Untracked 
|  52|0x00000000e3400000, 0x00000000e3400000, 0x00000000e3500000|  0%| F|  |TAMS 0x00000000e3400000| PB 0x00000000e3400000| Untracked 
|  53|0x00000000e3500000, 0x00000000e3500000, 0x00000000e3600000|  0%| F|  |TAMS 0x00000000e3500000| PB 0x00000000e3500000| Untracked 
|  54|0x00000000e3600000, 0x00000000e3600000, 0x00000000e3700000|  0%| F|  |TAMS 0x00000000e3600000| PB 0x00000000e3600000| Untracked 
|  55|0x00000000e3700000, 0x00000000e3700000, 0x00000000e3800000|  0%| F|  |TAMS 0x00000000e3700000| PB 0x00000000e3700000| Untracked 
|  56|0x00000000e3800000, 0x00000000e3800000, 0x00000000e3900000|  0%| F|  |TAMS 0x00000000e3800000| PB 0x00000000e3800000| Untracked 
|  57|0x00000000e3900000, 0x00000000e3900000, 0x00000000e3a00000|  0%| F|  |TAMS 0x00000000e3900000| PB 0x00000000e3900000| Untracked 
|  58|0x00000000e3a00000, 0x00000000e3a00000, 0x00000000e3b00000|  0%| F|  |TAMS 0x00000000e3a00000| PB 0x00000000e3a00000| Untracked 
|  59|0x00000000e3b00000, 0x00000000e3b00000, 0x00000000e3c00000|  0%| F|  |TAMS 0x00000000e3b00000| PB 0x00000000e3b00000| Untracked 
|  60|0x00000000e3c00000, 0x00000000e3c00000, 0x00000000e3d00000|  0%| F|  |TAMS 0x00000000e3c00000| PB 0x00000000e3c00000| Untracked 
|  61|0x00000000e3d00000, 0x00000000e3d00000, 0x00000000e3e00000|  0%| F|  |TAMS 0x00000000e3d00000| PB 0x00000000e3d00000| Untracked 
|  62|0x00000000e3e00000, 0x00000000e3e00000, 0x00000000e3f00000|  0%| F|  |TAMS 0x00000000e3e00000| PB 0x00000000e3e00000| Untracked 
|  63|0x00000000e3f00000, 0x00000000e3f00000, 0x00000000e4000000|  0%| F|  |TAMS 0x00000000e3f00000| PB 0x00000000e3f00000| Untracked 
|  64|0x00000000e4000000, 0x00000000e4000000, 0x00000000e4100000|  0%| F|  |TAMS 0x00000000e4000000| PB 0x00000000e4000000| Untracked 
|  65|0x00000000e4100000, 0x00000000e4100000, 0x00000000e4200000|  0%| F|  |TAMS 0x00000000e4100000| PB 0x00000000e4100000| Untracked 
|  66|0x00000000e4200000, 0x00000000e4200000, 0x00000000e4300000|  0%| F|  |TAMS 0x00000000e4200000| PB 0x00000000e4200000| Untracked 
|  67|0x00000000e4300000, 0x00000000e4300000, 0x00000000e4400000|  0%| F|  |TAMS 0x00000000e4300000| PB 0x00000000e4300000| Untracked 
|  68|0x00000000e4400000, 0x00000000e4400000, 0x00000000e4500000|  0%| F|  |TAMS 0x00000000e4400000| PB 0x00000000e4400000| Untracked 
|  69|0x00000000e4500000, 0x00000000e4500000, 0x00000000e4600000|  0%| F|  |TAMS 0x00000000e4500000| PB 0x00000000e4500000| Untracked 
|  70|0x00000000e4600000, 0x00000000e4600000, 0x00000000e4700000|  0%| F|  |TAMS 0x00000000e4600000| PB 0x00000000e4600000| Untracked 
|  71|0x00000000e4700000, 0x00000000e4700000, 0x00000000e4800000|  0%| F|  |TAMS 0x00000000e4700000| PB 0x00000000e4700000| Untracked 
|  72|0x00000000e4800000, 0x00000000e4800000, 0x00000000e4900000|  0%| F|  |TAMS 0x00000000e4800000| PB 0x00000000e4800000| Untracked 
|  73|0x00000000e4900000, 0x00000000e4900000, 0x00000000e4a00000|  0%| F|  |TAMS 0x00000000e4900000| PB 0x00000000e4900000| Untracked 
|  74|0x00000000e4a00000, 0x00000000e4a00000, 0x00000000e4b00000|  0%| F|  |TAMS 0x00000000e4a00000| PB 0x00000000e4a00000| Untracked 
|  75|0x00000000e4b00000, 0x00000000e4b00000, 0x00000000e4c00000|  0%| F|  |TAMS 0x00000000e4b00000| PB 0x00000000e4b00000| Untracked 
|  76|0x00000000e4c00000, 0x00000000e4c00000, 0x00000000e4d00000|  0%| F|  |TAMS 0x00000000e4c00000| PB 0x00000000e4c00000| Untracked 
|  77|0x00000000e4d00000, 0x00000000e4d00000, 0x00000000e4e00000|  0%| F|  |TAMS 0x00000000e4d00000| PB 0x00000000e4d00000| Untracked 
|  78|0x00000000e4e00000, 0x00000000e4e00000, 0x00000000e4f00000|  0%| F|  |TAMS 0x00000000e4e00000| PB 0x00000000e4e00000| Untracked 
|  79|0x00000000e4f00000, 0x00000000e4f00000, 0x00000000e5000000|  0%| F|  |TAMS 0x00000000e4f00000| PB 0x00000000e4f00000| Untracked 
|  80|0x00000000e5000000, 0x00000000e5000000, 0x00000000e5100000|  0%| F|  |TAMS 0x00000000e5000000| PB 0x00000000e5000000| Untracked 
|  81|0x00000000e5100000, 0x00000000e5100000, 0x00000000e5200000|  0%| F|  |TAMS 0x00000000e5100000| PB 0x00000000e5100000| Untracked 
|  82|0x00000000e5200000, 0x00000000e5200000, 0x00000000e5300000|  0%| F|  |TAMS 0x00000000e5200000| PB 0x00000000e5200000| Untracked 
|  83|0x00000000e5300000, 0x00000000e5300000, 0x00000000e5400000|  0%| F|  |TAMS 0x00000000e5300000| PB 0x00000000e5300000| Untracked 
|  84|0x00000000e5400000, 0x00000000e5400000, 0x00000000e5500000|  0%| F|  |TAMS 0x00000000e5400000| PB 0x00000000e5400000| Untracked 
|  85|0x00000000e5500000, 0x00000000e5500000, 0x00000000e5600000|  0%| F|  |TAMS 0x00000000e5500000| PB 0x00000000e5500000| Untracked 
|  86|0x00000000e5600000, 0x00000000e5600000, 0x00000000e5700000|  0%| F|  |TAMS 0x00000000e5600000| PB 0x00000000e5600000| Untracked 
|  87|0x00000000e5700000, 0x00000000e5700000, 0x00000000e5800000|  0%| F|  |TAMS 0x00000000e5700000| PB 0x00000000e5700000| Untracked 
|  88|0x00000000e5800000, 0x00000000e5800000, 0x00000000e5900000|  0%| F|  |TAMS 0x00000000e5800000| PB 0x00000000e5800000| Untracked 
|  89|0x00000000e5900000, 0x00000000e5900000, 0x00000000e5a00000|  0%| F|  |TAMS 0x00000000e5900000| PB 0x00000000e5900000| Untracked 
|  90|0x00000000e5a00000, 0x00000000e5a00000, 0x00000000e5b00000|  0%| F|  |TAMS 0x00000000e5a00000| PB 0x00000000e5a00000| Untracked 
|  91|0x00000000e5b00000, 0x00000000e5b00000, 0x00000000e5c00000|  0%| F|  |TAMS 0x00000000e5b00000| PB 0x00000000e5b00000| Untracked 
|  92|0x00000000e5c00000, 0x00000000e5c00000, 0x00000000e5d00000|  0%| F|  |TAMS 0x00000000e5c00000| PB 0x00000000e5c00000| Untracked 
|  93|0x00000000e5d00000, 0x00000000e5d00000, 0x00000000e5e00000|  0%| F|  |TAMS 0x00000000e5d00000| PB 0x00000000e5d00000| Untracked 
|  94|0x00000000e5e00000, 0x00000000e5e00000, 0x00000000e5f00000|  0%| F|  |TAMS 0x00000000e5e00000| PB 0x00000000e5e00000| Untracked 
|  95|0x00000000e5f00000, 0x00000000e5f00000, 0x00000000e6000000|  0%| F|  |TAMS 0x00000000e5f00000| PB 0x00000000e5f00000| Untracked 
|  96|0x00000000e6000000, 0x00000000e6000000, 0x00000000e6100000|  0%| F|  |TAMS 0x00000000e6000000| PB 0x00000000e6000000| Untracked 
|  97|0x00000000e6100000, 0x00000000e6100000, 0x00000000e6200000|  0%| F|  |TAMS 0x00000000e6100000| PB 0x00000000e6100000| Untracked 
|  98|0x00000000e6200000, 0x00000000e6200000, 0x00000000e6300000|  0%| F|  |TAMS 0x00000000e6200000| PB 0x00000000e6200000| Untracked 
|  99|0x00000000e6300000, 0x00000000e6300000, 0x00000000e6400000|  0%| F|  |TAMS 0x00000000e6300000| PB 0x00000000e6300000| Untracked 
| 100|0x00000000e6400000, 0x00000000e6400000, 0x00000000e6500000|  0%| F|  |TAMS 0x00000000e6400000| PB 0x00000000e6400000| Untracked 
| 101|0x00000000e6500000, 0x00000000e6500000, 0x00000000e6600000|  0%| F|  |TAMS 0x00000000e6500000| PB 0x00000000e6500000| Untracked 
| 102|0x00000000e6600000, 0x00000000e6600000, 0x00000000e6700000|  0%| F|  |TAMS 0x00000000e6600000| PB 0x00000000e6600000| Untracked 
| 103|0x00000000e6700000, 0x00000000e6700000, 0x00000000e6800000|  0%| F|  |TAMS 0x00000000e6700000| PB 0x00000000e6700000| Untracked 
| 104|0x00000000e6800000, 0x00000000e6800000, 0x00000000e6900000|  0%| F|  |TAMS 0x00000000e6800000| PB 0x00000000e6800000| Untracked 
| 105|0x00000000e6900000, 0x00000000e6900000, 0x00000000e6a00000|  0%| F|  |TAMS 0x00000000e6900000| PB 0x00000000e6900000| Untracked 
| 106|0x00000000e6a00000, 0x00000000e6a00000, 0x00000000e6b00000|  0%| F|  |TAMS 0x00000000e6a00000| PB 0x00000000e6a00000| Untracked 
| 107|0x00000000e6b00000, 0x00000000e6b00000, 0x00000000e6c00000|  0%| F|  |TAMS 0x00000000e6b00000| PB 0x00000000e6b00000| Untracked 
| 108|0x00000000e6c00000, 0x00000000e6c00000, 0x00000000e6d00000|  0%| F|  |TAMS 0x00000000e6c00000| PB 0x00000000e6c00000| Untracked 
| 109|0x00000000e6d00000, 0x00000000e6d00000, 0x00000000e6e00000|  0%| F|  |TAMS 0x00000000e6d00000| PB 0x00000000e6d00000| Untracked 
| 110|0x00000000e6e00000, 0x00000000e6e00000, 0x00000000e6f00000|  0%| F|  |TAMS 0x00000000e6e00000| PB 0x00000000e6e00000| Untracked 
| 111|0x00000000e6f00000, 0x00000000e6f00000, 0x00000000e7000000|  0%| F|  |TAMS 0x00000000e6f00000| PB 0x00000000e6f00000| Untracked 
| 112|0x00000000e7000000, 0x00000000e7000000, 0x00000000e7100000|  0%| F|  |TAMS 0x00000000e7000000| PB 0x00000000e7000000| Untracked 
| 113|0x00000000e7100000, 0x00000000e7100000, 0x00000000e7200000|  0%| F|  |TAMS 0x00000000e7100000| PB 0x00000000e7100000| Untracked 
| 114|0x00000000e7200000, 0x00000000e7200000, 0x00000000e7300000|  0%| F|  |TAMS 0x00000000e7200000| PB 0x00000000e7200000| Untracked 
| 115|0x00000000e7300000, 0x00000000e7300000, 0x00000000e7400000|  0%| F|  |TAMS 0x00000000e7300000| PB 0x00000000e7300000| Untracked 
| 116|0x00000000e7400000, 0x00000000e7400000, 0x00000000e7500000|  0%| F|  |TAMS 0x00000000e7400000| PB 0x00000000e7400000| Untracked 
| 117|0x00000000e7500000, 0x00000000e7500000, 0x00000000e7600000|  0%| F|  |TAMS 0x00000000e7500000| PB 0x00000000e7500000| Untracked 
| 118|0x00000000e7600000, 0x00000000e7600000, 0x00000000e7700000|  0%| F|  |TAMS 0x00000000e7600000| PB 0x00000000e7600000| Untracked 
| 119|0x00000000e7700000, 0x00000000e7700000, 0x00000000e7800000|  0%| F|  |TAMS 0x00000000e7700000| PB 0x00000000e7700000| Untracked 
| 120|0x00000000e7800000, 0x00000000e7800000, 0x00000000e7900000|  0%| F|  |TAMS 0x00000000e7800000| PB 0x00000000e7800000| Untracked 
| 121|0x00000000e7900000, 0x00000000e7900000, 0x00000000e7a00000|  0%| F|  |TAMS 0x00000000e7900000| PB 0x00000000e7900000| Untracked 
| 122|0x00000000e7a00000, 0x00000000e7a00000, 0x00000000e7b00000|  0%| F|  |TAMS 0x00000000e7a00000| PB 0x00000000e7a00000| Untracked 
| 123|0x00000000e7b00000, 0x00000000e7b00000, 0x00000000e7c00000|  0%| F|  |TAMS 0x00000000e7b00000| PB 0x00000000e7b00000| Untracked 
| 124|0x00000000e7c00000, 0x00000000e7c00000, 0x00000000e7d00000|  0%| F|  |TAMS 0x00000000e7c00000| PB 0x00000000e7c00000| Untracked 
| 125|0x00000000e7d00000, 0x00000000e7d00000, 0x00000000e7e00000|  0%| F|  |TAMS 0x00000000e7d00000| PB 0x00000000e7d00000| Untracked 
| 126|0x00000000e7e00000, 0x00000000e7e00000, 0x00000000e7f00000|  0%| F|  |TAMS 0x00000000e7e00000| PB 0x00000000e7e00000| Untracked 
| 127|0x00000000e7f00000, 0x00000000e7f00000, 0x00000000e8000000|  0%| F|  |TAMS 0x00000000e7f00000| PB 0x00000000e7f00000| Untracked 
| 128|0x00000000e8000000, 0x00000000e8000000, 0x00000000e8100000|  0%| F|  |TAMS 0x00000000e8000000| PB 0x00000000e8000000| Untracked 
| 129|0x00000000e8100000, 0x00000000e8100000, 0x00000000e8200000|  0%| F|  |TAMS 0x00000000e8100000| PB 0x00000000e8100000| Untracked 
| 130|0x00000000e8200000, 0x00000000e8200000, 0x00000000e8300000|  0%| F|  |TAMS 0x00000000e8200000| PB 0x00000000e8200000| Untracked 
| 131|0x00000000e8300000, 0x00000000e8300000, 0x00000000e8400000|  0%| F|  |TAMS 0x00000000e8300000| PB 0x00000000e8300000| Untracked 
| 132|0x00000000e8400000, 0x00000000e8400000, 0x00000000e8500000|  0%| F|  |TAMS 0x00000000e8400000| PB 0x00000000e8400000| Untracked 
| 133|0x00000000e8500000, 0x00000000e8500000, 0x00000000e8600000|  0%| F|  |TAMS 0x00000000e8500000| PB 0x00000000e8500000| Untracked 
| 134|0x00000000e8600000, 0x00000000e8600000, 0x00000000e8700000|  0%| F|  |TAMS 0x00000000e8600000| PB 0x00000000e8600000| Untracked 
| 135|0x00000000e8700000, 0x00000000e8700000, 0x00000000e8800000|  0%| F|  |TAMS 0x00000000e8700000| PB 0x00000000e8700000| Untracked 
| 136|0x00000000e8800000, 0x00000000e8800000, 0x00000000e8900000|  0%| F|  |TAMS 0x00000000e8800000| PB 0x00000000e8800000| Untracked 
| 137|0x00000000e8900000, 0x00000000e8900000, 0x00000000e8a00000|  0%| F|  |TAMS 0x00000000e8900000| PB 0x00000000e8900000| Untracked 
| 138|0x00000000e8a00000, 0x00000000e8a00000, 0x00000000e8b00000|  0%| F|  |TAMS 0x00000000e8a00000| PB 0x00000000e8a00000| Untracked 
| 139|0x00000000e8b00000, 0x00000000e8b00000, 0x00000000e8c00000|  0%| F|  |TAMS 0x00000000e8b00000| PB 0x00000000e8b00000| Untracked 
| 140|0x00000000e8c00000, 0x00000000e8c00000, 0x00000000e8d00000|  0%| F|  |TAMS 0x00000000e8c00000| PB 0x00000000e8c00000| Untracked 
| 141|0x00000000e8d00000, 0x00000000e8d00000, 0x00000000e8e00000|  0%| F|  |TAMS 0x00000000e8d00000| PB 0x00000000e8d00000| Untracked 
| 142|0x00000000e8e00000, 0x00000000e8e00000, 0x00000000e8f00000|  0%| F|  |TAMS 0x00000000e8e00000| PB 0x00000000e8e00000| Untracked 
| 143|0x00000000e8f00000, 0x00000000e8f00000, 0x00000000e9000000|  0%| F|  |TAMS 0x00000000e8f00000| PB 0x00000000e8f00000| Untracked 
| 144|0x00000000e9000000, 0x00000000e9000000, 0x00000000e9100000|  0%| F|  |TAMS 0x00000000e9000000| PB 0x00000000e9000000| Untracked 
| 145|0x00000000e9100000, 0x00000000e9100000, 0x00000000e9200000|  0%| F|  |TAMS 0x00000000e9100000| PB 0x00000000e9100000| Untracked 
| 146|0x00000000e9200000, 0x00000000e9200000, 0x00000000e9300000|  0%| F|  |TAMS 0x00000000e9200000| PB 0x00000000e9200000| Untracked 
| 147|0x00000000e9300000, 0x00000000e9300000, 0x00000000e9400000|  0%| F|  |TAMS 0x00000000e9300000| PB 0x00000000e9300000| Untracked 
| 148|0x00000000e9400000, 0x00000000e9400000, 0x00000000e9500000|  0%| F|  |TAMS 0x00000000e9400000| PB 0x00000000e9400000| Untracked 
| 149|0x00000000e9500000, 0x00000000e9500000, 0x00000000e9600000|  0%| F|  |TAMS 0x00000000e9500000| PB 0x00000000e9500000| Untracked 
| 150|0x00000000e9600000, 0x00000000e9600000, 0x00000000e9700000|  0%| F|  |TAMS 0x00000000e9600000| PB 0x00000000e9600000| Untracked 
| 151|0x00000000e9700000, 0x00000000e9700000, 0x00000000e9800000|  0%| F|  |TAMS 0x00000000e9700000| PB 0x00000000e9700000| Untracked 
| 152|0x00000000e9800000, 0x00000000e9800000, 0x00000000e9900000|  0%| F|  |TAMS 0x00000000e9800000| PB 0x00000000e9800000| Untracked 
| 153|0x00000000e9900000, 0x00000000e9900000, 0x00000000e9a00000|  0%| F|  |TAMS 0x00000000e9900000| PB 0x00000000e9900000| Untracked 
| 154|0x00000000e9a00000, 0x00000000e9a00000, 0x00000000e9b00000|  0%| F|  |TAMS 0x00000000e9a00000| PB 0x00000000e9a00000| Untracked 
| 155|0x00000000e9b00000, 0x00000000e9b00000, 0x00000000e9c00000|  0%| F|  |TAMS 0x00000000e9b00000| PB 0x00000000e9b00000| Untracked 
| 156|0x00000000e9c00000, 0x00000000e9c00000, 0x00000000e9d00000|  0%| F|  |TAMS 0x00000000e9c00000| PB 0x00000000e9c00000| Untracked 
| 157|0x00000000e9d00000, 0x00000000e9d00000, 0x00000000e9e00000|  0%| F|  |TAMS 0x00000000e9d00000| PB 0x00000000e9d00000| Untracked 
| 158|0x00000000e9e00000, 0x00000000e9e00000, 0x00000000e9f00000|  0%| F|  |TAMS 0x00000000e9e00000| PB 0x00000000e9e00000| Untracked 
| 159|0x00000000e9f00000, 0x00000000e9f00000, 0x00000000ea000000|  0%| F|  |TAMS 0x00000000e9f00000| PB 0x00000000e9f00000| Untracked 
| 160|0x00000000ea000000, 0x00000000ea000000, 0x00000000ea100000|  0%| F|  |TAMS 0x00000000ea000000| PB 0x00000000ea000000| Untracked 
| 161|0x00000000ea100000, 0x00000000ea100000, 0x00000000ea200000|  0%| F|  |TAMS 0x00000000ea100000| PB 0x00000000ea100000| Untracked 
| 162|0x00000000ea200000, 0x00000000ea200000, 0x00000000ea300000|  0%| F|  |TAMS 0x00000000ea200000| PB 0x00000000ea200000| Untracked 
| 163|0x00000000ea300000, 0x00000000ea300000, 0x00000000ea400000|  0%| F|  |TAMS 0x00000000ea300000| PB 0x00000000ea300000| Untracked 
| 164|0x00000000ea400000, 0x00000000ea400000, 0x00000000ea500000|  0%| F|  |TAMS 0x00000000ea400000| PB 0x00000000ea400000| Untracked 
| 165|0x00000000ea500000, 0x00000000ea500000, 0x00000000ea600000|  0%| F|  |TAMS 0x00000000ea500000| PB 0x00000000ea500000| Untracked 
| 166|0x00000000ea600000, 0x00000000ea600000, 0x00000000ea700000|  0%| F|  |TAMS 0x00000000ea600000| PB 0x00000000ea600000| Untracked 
| 167|0x00000000ea700000, 0x00000000ea700000, 0x00000000ea800000|  0%| F|  |TAMS 0x00000000ea700000| PB 0x00000000ea700000| Untracked 
| 168|0x00000000ea800000, 0x00000000ea800000, 0x00000000ea900000|  0%| F|  |TAMS 0x00000000ea800000| PB 0x00000000ea800000| Untracked 
| 169|0x00000000ea900000, 0x00000000ea900000, 0x00000000eaa00000|  0%| F|  |TAMS 0x00000000ea900000| PB 0x00000000ea900000| Untracked 
| 170|0x00000000eaa00000, 0x00000000eaa00000, 0x00000000eab00000|  0%| F|  |TAMS 0x00000000eaa00000| PB 0x00000000eaa00000| Untracked 
| 171|0x00000000eab00000, 0x00000000eab00000, 0x00000000eac00000|  0%| F|  |TAMS 0x00000000eab00000| PB 0x00000000eab00000| Untracked 
| 172|0x00000000eac00000, 0x00000000eac00000, 0x00000000ead00000|  0%| F|  |TAMS 0x00000000eac00000| PB 0x00000000eac00000| Untracked 
| 173|0x00000000ead00000, 0x00000000eae00000, 0x00000000eae00000|100%| S|CS|TAMS 0x00000000ead00000| PB 0x00000000ead00000| Complete 
| 174|0x00000000eae00000, 0x00000000eaf00000, 0x00000000eaf00000|100%| S|CS|TAMS 0x00000000eae00000| PB 0x00000000eae00000| Complete 
| 175|0x00000000eaf00000, 0x00000000eb000000, 0x00000000eb000000|100%| S|CS|TAMS 0x00000000eaf00000| PB 0x00000000eaf00000| Complete 
| 176|0x00000000eb000000, 0x00000000eb100000, 0x00000000eb100000|100%| S|CS|TAMS 0x00000000eb000000| PB 0x00000000eb000000| Complete 
| 177|0x00000000eb100000, 0x00000000eb200000, 0x00000000eb200000|100%| S|CS|TAMS 0x00000000eb100000| PB 0x00000000eb100000| Complete 
| 178|0x00000000eb200000, 0x00000000eb300000, 0x00000000eb300000|100%| S|CS|TAMS 0x00000000eb200000| PB 0x00000000eb200000| Complete 
| 179|0x00000000eb300000, 0x00000000eb400000, 0x00000000eb400000|100%| S|CS|TAMS 0x00000000eb300000| PB 0x00000000eb300000| Complete 
| 180|0x00000000eb400000, 0x00000000eb500000, 0x00000000eb500000|100%| S|CS|TAMS 0x00000000eb400000| PB 0x00000000eb400000| Complete 
| 181|0x00000000eb500000, 0x00000000eb600000, 0x00000000eb600000|100%| S|CS|TAMS 0x00000000eb500000| PB 0x00000000eb500000| Complete 
| 182|0x00000000eb600000, 0x00000000eb700000, 0x00000000eb700000|100%| S|CS|TAMS 0x00000000eb600000| PB 0x00000000eb600000| Complete 
| 183|0x00000000eb700000, 0x00000000eb700000, 0x00000000eb800000|  0%| F|  |TAMS 0x00000000eb700000| PB 0x00000000eb700000| Untracked 
| 184|0x00000000eb800000, 0x00000000eb800000, 0x00000000eb900000|  0%| F|  |TAMS 0x00000000eb800000| PB 0x00000000eb800000| Untracked 
| 185|0x00000000eb900000, 0x00000000eb900000, 0x00000000eba00000|  0%| F|  |TAMS 0x00000000eb900000| PB 0x00000000eb900000| Untracked 
| 186|0x00000000eba00000, 0x00000000eba00000, 0x00000000ebb00000|  0%| F|  |TAMS 0x00000000eba00000| PB 0x00000000eba00000| Untracked 
| 187|0x00000000ebb00000, 0x00000000ebb00000, 0x00000000ebc00000|  0%| F|  |TAMS 0x00000000ebb00000| PB 0x00000000ebb00000| Untracked 
| 188|0x00000000ebc00000, 0x00000000ebc00000, 0x00000000ebd00000|  0%| F|  |TAMS 0x00000000ebc00000| PB 0x00000000ebc00000| Untracked 
| 189|0x00000000ebd00000, 0x00000000ebd00000, 0x00000000ebe00000|  0%| F|  |TAMS 0x00000000ebd00000| PB 0x00000000ebd00000| Untracked 
| 190|0x00000000ebe00000, 0x00000000ebe00000, 0x00000000ebf00000|  0%| F|  |TAMS 0x00000000ebe00000| PB 0x00000000ebe00000| Untracked 
| 191|0x00000000ebf00000, 0x00000000ebf00000, 0x00000000ec000000|  0%| F|  |TAMS 0x00000000ebf00000| PB 0x00000000ebf00000| Untracked 
| 192|0x00000000ec000000, 0x00000000ec000000, 0x00000000ec100000|  0%| F|  |TAMS 0x00000000ec000000| PB 0x00000000ec000000| Untracked 
| 193|0x00000000ec100000, 0x00000000ec100000, 0x00000000ec200000|  0%| F|  |TAMS 0x00000000ec100000| PB 0x00000000ec100000| Untracked 
| 194|0x00000000ec200000, 0x00000000ec200000, 0x00000000ec300000|  0%| F|  |TAMS 0x00000000ec200000| PB 0x00000000ec200000| Untracked 
| 195|0x00000000ec300000, 0x00000000ec300000, 0x00000000ec400000|  0%| F|  |TAMS 0x00000000ec300000| PB 0x00000000ec300000| Untracked 
| 196|0x00000000ec400000, 0x00000000ec400000, 0x00000000ec500000|  0%| F|  |TAMS 0x00000000ec400000| PB 0x00000000ec400000| Untracked 
| 197|0x00000000ec500000, 0x00000000ec500000, 0x00000000ec600000|  0%| F|  |TAMS 0x00000000ec500000| PB 0x00000000ec500000| Untracked 
| 198|0x00000000ec600000, 0x00000000ec700000, 0x00000000ec700000|100%| E|  |TAMS 0x00000000ec600000| PB 0x00000000ec600000| Complete 
| 199|0x00000000ec700000, 0x00000000ec800000, 0x00000000ec800000|100%| E|CS|TAMS 0x00000000ec700000| PB 0x00000000ec700000| Complete 
| 200|0x00000000ec800000, 0x00000000ec900000, 0x00000000ec900000|100%| E|CS|TAMS 0x00000000ec800000| PB 0x00000000ec800000| Complete 
| 201|0x00000000ec900000, 0x00000000eca00000, 0x00000000eca00000|100%| E|CS|TAMS 0x00000000ec900000| PB 0x00000000ec900000| Complete 
| 202|0x00000000eca00000, 0x00000000ecb00000, 0x00000000ecb00000|100%| E|CS|TAMS 0x00000000eca00000| PB 0x00000000eca00000| Complete 
| 203|0x00000000ecb00000, 0x00000000ecc00000, 0x00000000ecc00000|100%| E|CS|TAMS 0x00000000ecb00000| PB 0x00000000ecb00000| Complete 
| 204|0x00000000ecc00000, 0x00000000ecd00000, 0x00000000ecd00000|100%| E|CS|TAMS 0x00000000ecc00000| PB 0x00000000ecc00000| Complete 
| 205|0x00000000ecd00000, 0x00000000ece00000, 0x00000000ece00000|100%| E|CS|TAMS 0x00000000ecd00000| PB 0x00000000ecd00000| Complete 
| 206|0x00000000ece00000, 0x00000000ecf00000, 0x00000000ecf00000|100%| E|  |TAMS 0x00000000ece00000| PB 0x00000000ece00000| Complete 
| 207|0x00000000ecf00000, 0x00000000ed000000, 0x00000000ed000000|100%| E|CS|TAMS 0x00000000ecf00000| PB 0x00000000ecf00000| Complete 
| 208|0x00000000ed000000, 0x00000000ed100000, 0x00000000ed100000|100%| E|CS|TAMS 0x00000000ed000000| PB 0x00000000ed000000| Complete 
| 209|0x00000000ed100000, 0x00000000ed200000, 0x00000000ed200000|100%| E|CS|TAMS 0x00000000ed100000| PB 0x00000000ed100000| Complete 
| 210|0x00000000ed200000, 0x00000000ed300000, 0x00000000ed300000|100%| E|CS|TAMS 0x00000000ed200000| PB 0x00000000ed200000| Complete 
| 211|0x00000000ed300000, 0x00000000ed400000, 0x00000000ed400000|100%| E|CS|TAMS 0x00000000ed300000| PB 0x00000000ed300000| Complete 
| 212|0x00000000ed400000, 0x00000000ed500000, 0x00000000ed500000|100%| E|CS|TAMS 0x00000000ed400000| PB 0x00000000ed400000| Complete 
| 213|0x00000000ed500000, 0x00000000ed600000, 0x00000000ed600000|100%| E|CS|TAMS 0x00000000ed500000| PB 0x00000000ed500000| Complete 
| 214|0x00000000ed600000, 0x00000000ed700000, 0x00000000ed700000|100%| E|CS|TAMS 0x00000000ed600000| PB 0x00000000ed600000| Complete 
| 215|0x00000000ed700000, 0x00000000ed800000, 0x00000000ed800000|100%| E|CS|TAMS 0x00000000ed700000| PB 0x00000000ed700000| Complete 
| 216|0x00000000ed800000, 0x00000000ed900000, 0x00000000ed900000|100%| E|CS|TAMS 0x00000000ed800000| PB 0x00000000ed800000| Complete 
| 217|0x00000000ed900000, 0x00000000eda00000, 0x00000000eda00000|100%| E|CS|TAMS 0x00000000ed900000| PB 0x00000000ed900000| Complete 
| 218|0x00000000eda00000, 0x00000000edb00000, 0x00000000edb00000|100%| E|CS|TAMS 0x00000000eda00000| PB 0x00000000eda00000| Complete 
| 219|0x00000000edb00000, 0x00000000edc00000, 0x00000000edc00000|100%| E|CS|TAMS 0x00000000edb00000| PB 0x00000000edb00000| Complete 
| 220|0x00000000edc00000, 0x00000000edd00000, 0x00000000edd00000|100%| E|CS|TAMS 0x00000000edc00000| PB 0x00000000edc00000| Complete 
| 221|0x00000000edd00000, 0x00000000ede00000, 0x00000000ede00000|100%| E|CS|TAMS 0x00000000edd00000| PB 0x00000000edd00000| Complete 
| 222|0x00000000ede00000, 0x00000000edf00000, 0x00000000edf00000|100%| E|CS|TAMS 0x00000000ede00000| PB 0x00000000ede00000| Complete 
| 223|0x00000000edf00000, 0x00000000ee000000, 0x00000000ee000000|100%| E|CS|TAMS 0x00000000edf00000| PB 0x00000000edf00000| Complete 
| 224|0x00000000ee000000, 0x00000000ee100000, 0x00000000ee100000|100%| E|CS|TAMS 0x00000000ee000000| PB 0x00000000ee000000| Complete 
| 225|0x00000000ee100000, 0x00000000ee200000, 0x00000000ee200000|100%| E|CS|TAMS 0x00000000ee100000| PB 0x00000000ee100000| Complete 
| 226|0x00000000ee200000, 0x00000000ee300000, 0x00000000ee300000|100%| E|CS|TAMS 0x00000000ee200000| PB 0x00000000ee200000| Complete 
| 227|0x00000000ee300000, 0x00000000ee400000, 0x00000000ee400000|100%| E|CS|TAMS 0x00000000ee300000| PB 0x00000000ee300000| Complete 
| 228|0x00000000ee400000, 0x00000000ee500000, 0x00000000ee500000|100%| E|CS|TAMS 0x00000000ee400000| PB 0x00000000ee400000| Complete 
| 229|0x00000000ee500000, 0x00000000ee600000, 0x00000000ee600000|100%| E|CS|TAMS 0x00000000ee500000| PB 0x00000000ee500000| Complete 
| 230|0x00000000ee600000, 0x00000000ee700000, 0x00000000ee700000|100%| E|CS|TAMS 0x00000000ee600000| PB 0x00000000ee600000| Complete 
| 231|0x00000000ee700000, 0x00000000ee800000, 0x00000000ee800000|100%| E|CS|TAMS 0x00000000ee700000| PB 0x00000000ee700000| Complete 
| 232|0x00000000ee800000, 0x00000000ee900000, 0x00000000ee900000|100%| E|CS|TAMS 0x00000000ee800000| PB 0x00000000ee800000| Complete 
| 233|0x00000000ee900000, 0x00000000eea00000, 0x00000000eea00000|100%| E|CS|TAMS 0x00000000ee900000| PB 0x00000000ee900000| Complete 
| 234|0x00000000eea00000, 0x00000000eeb00000, 0x00000000eeb00000|100%| E|CS|TAMS 0x00000000eea00000| PB 0x00000000eea00000| Complete 
| 235|0x00000000eeb00000, 0x00000000eec00000, 0x00000000eec00000|100%| E|CS|TAMS 0x00000000eeb00000| PB 0x00000000eeb00000| Complete 
| 236|0x00000000eec00000, 0x00000000eed00000, 0x00000000eed00000|100%| E|CS|TAMS 0x00000000eec00000| PB 0x00000000eec00000| Complete 
| 237|0x00000000eed00000, 0x00000000eee00000, 0x00000000eee00000|100%| E|CS|TAMS 0x00000000eed00000| PB 0x00000000eed00000| Complete 
| 238|0x00000000eee00000, 0x00000000eef00000, 0x00000000eef00000|100%| E|CS|TAMS 0x00000000eee00000| PB 0x00000000eee00000| Complete 
| 239|0x00000000eef00000, 0x00000000ef000000, 0x00000000ef000000|100%| E|CS|TAMS 0x00000000eef00000| PB 0x00000000eef00000| Complete 
| 240|0x00000000ef000000, 0x00000000ef100000, 0x00000000ef100000|100%| E|CS|TAMS 0x00000000ef000000| PB 0x00000000ef000000| Complete 
| 241|0x00000000ef100000, 0x00000000ef200000, 0x00000000ef200000|100%| E|CS|TAMS 0x00000000ef100000| PB 0x00000000ef100000| Complete 
| 242|0x00000000ef200000, 0x00000000ef300000, 0x00000000ef300000|100%| E|CS|TAMS 0x00000000ef200000| PB 0x00000000ef200000| Complete 
| 243|0x00000000ef300000, 0x00000000ef400000, 0x00000000ef400000|100%| E|CS|TAMS 0x00000000ef300000| PB 0x00000000ef300000| Complete 
| 244|0x00000000ef400000, 0x00000000ef500000, 0x00000000ef500000|100%| E|CS|TAMS 0x00000000ef400000| PB 0x00000000ef400000| Complete 
| 245|0x00000000ef500000, 0x00000000ef600000, 0x00000000ef600000|100%| E|CS|TAMS 0x00000000ef500000| PB 0x00000000ef500000| Complete 
| 246|0x00000000ef600000, 0x00000000ef700000, 0x00000000ef700000|100%| E|CS|TAMS 0x00000000ef600000| PB 0x00000000ef600000| Complete 
| 247|0x00000000ef700000, 0x00000000ef800000, 0x00000000ef800000|100%| E|CS|TAMS 0x00000000ef700000| PB 0x00000000ef700000| Complete 
| 248|0x00000000ef800000, 0x00000000ef900000, 0x00000000ef900000|100%| E|CS|TAMS 0x00000000ef800000| PB 0x00000000ef800000| Complete 
| 249|0x00000000ef900000, 0x00000000efa00000, 0x00000000efa00000|100%| E|CS|TAMS 0x00000000ef900000| PB 0x00000000ef900000| Complete 
| 250|0x00000000efa00000, 0x00000000efb00000, 0x00000000efb00000|100%| E|CS|TAMS 0x00000000efa00000| PB 0x00000000efa00000| Complete 
| 251|0x00000000efb00000, 0x00000000efc00000, 0x00000000efc00000|100%| E|CS|TAMS 0x00000000efb00000| PB 0x00000000efb00000| Complete 
| 252|0x00000000efc00000, 0x00000000efd00000, 0x00000000efd00000|100%| E|CS|TAMS 0x00000000efc00000| PB 0x00000000efc00000| Complete 
| 253|0x00000000efd00000, 0x00000000efe00000, 0x00000000efe00000|100%| E|CS|TAMS 0x00000000efd00000| PB 0x00000000efd00000| Complete 
| 254|0x00000000efe00000, 0x00000000eff00000, 0x00000000eff00000|100%| E|CS|TAMS 0x00000000efe00000| PB 0x00000000efe00000| Complete 
| 255|0x00000000eff00000, 0x00000000f0000000, 0x00000000f0000000|100%| E|CS|TAMS 0x00000000eff00000| PB 0x00000000eff00000| Complete 

Card table byte_map: [0x000001f965d90000,0x000001f965e90000] _byte_map_base: 0x000001f965690000

Marking Bits: (CMBitMap*) 0x000001f94c548ca0
 Bits: [0x000001f965e90000, 0x000001f966690000)

Polling page: 0x000001f94c260000

Metaspace:

Usage:
  Non-class:     16.67 MB used.
      Class:      2.59 MB used.
       Both:     19.26 MB used.

Virtual space:
  Non-class space:       64.00 MB reserved,      16.94 MB ( 26%) committed,  1 nodes.
      Class space:      320.00 MB reserved,       2.81 MB ( <1%) committed,  1 nodes.
             Both:      384.00 MB reserved,      19.75 MB (  5%) committed. 

Chunk freelists:
   Non-Class:  14.39 MB
       Class:  13.22 MB
        Both:  27.61 MB

MaxMetaspaceSize: 384.00 MB
CompressedClassSpaceSize: 320.00 MB
Initial GC threshold: 21.00 MB
Current GC threshold: 21.00 MB
CDS: on
 - commit_granule_bytes: 65536.
 - commit_granule_words: 8192.
 - virtual_space_node_default_size: 8388608.
 - enlarge_chunks_in_place: 1.
 - use_allocation_guard: 0.


Internal statistics:

num_allocs_failed_limit: 0.
num_arena_births: 670.
num_arena_deaths: 0.
num_vsnodes_births: 2.
num_vsnodes_deaths: 0.
num_space_committed: 316.
num_space_uncommitted: 0.
num_chunks_returned_to_freelist: 0.
num_chunks_taken_from_freelist: 1376.
num_chunk_merges: 0.
num_chunk_splits: 918.
num_chunks_enlarged: 630.
num_inconsistent_stats: 0.

CodeHeap 'non-profiled nmethods': size=120000Kb used=1528Kb max_used=1528Kb free=118471Kb
 bounds [0x000001f95dce0000, 0x000001f95df50000, 0x000001f965210000]
CodeHeap 'profiled nmethods': size=120000Kb used=5949Kb max_used=5949Kb free=114050Kb
 bounds [0x000001f956210000, 0x000001f9567e0000, 0x000001f95d740000]
CodeHeap 'non-nmethods': size=5760Kb used=1428Kb max_used=1486Kb free=4331Kb
 bounds [0x000001f95d740000, 0x000001f95d9b0000, 0x000001f95dce0000]
CodeCache: size=245760Kb, used=8905Kb, max_used=8963Kb, free=236852Kb
 total_blobs=3567, nmethods=2983, adapters=488, full_count=0
Compilation: enabled, stopped_count=0, restarted_count=0

Compilation events (20 events):
Event: 96.042 Thread 0x000001f96917fe10 nmethod 2977 0x000001f9567db310 code [0x000001f9567db520, 0x000001f9567dbab0]
Event: 96.042 Thread 0x000001f96917fe10 2976       3       org.gradle.internal.service.DefaultServiceRegistry::access$1500 (6 bytes)
Event: 96.042 Thread 0x000001f96917fe10 nmethod 2976 0x000001f9567dbc90 code [0x000001f9567dbe40, 0x000001f9567dbf58]
Event: 96.064 Thread 0x000001f96911f710 2978       4       java.lang.Class::getPackageName (81 bytes)
Event: 96.087 Thread 0x000001f96911f710 nmethod 2978 0x000001f95de5ca10 code [0x000001f95de5cc20, 0x000001f95de5d690]
Event: 96.240 Thread 0x000001f96911f710 2979   !   4       java.net.URLClassLoader::findClass (47 bytes)
Event: 96.364 Thread 0x000001f96917fe10 2982       3       jdk.internal.loader.Resource::getByteBuffer (24 bytes)
Event: 96.365 Thread 0x000001f96917fe10 nmethod 2982 0x000001f9567dc010 code [0x000001f9567dc220, 0x000001f9567dc980]
Event: 96.365 Thread 0x000001f96917fe10 2983       3       jdk.internal.loader.URLClassPath$JarLoader$2::getCodeSigners (8 bytes)
Event: 96.365 Thread 0x000001f96917fe10 nmethod 2983 0x000001f9567dcb90 code [0x000001f9567dcd40, 0x000001f9567dcf18]
Event: 96.497 Thread 0x000001f96917fe10 2984       3       jdk.internal.reflect.ReflectionFactory::copyConstructor (11 bytes)
Event: 96.497 Thread 0x000001f96917fe10 nmethod 2984 0x000001f9567dd010 code [0x000001f9567dd1c0, 0x000001f9567dd3b8]
Event: 96.497 Thread 0x000001f96917fe10 2985       3       java.lang.reflect.ReflectAccess::copyConstructor (5 bytes)
Event: 96.497 Thread 0x000001f96917fe10 nmethod 2985 0x000001f9567dd510 code [0x000001f9567dd6c0, 0x000001f9567dd800]
Event: 96.511 Thread 0x000001f96917fe10 2986       3       java.lang.Class::privateGetDeclaredConstructors (79 bytes)
Event: 96.512 Thread 0x000001f96917fe10 nmethod 2986 0x000001f9567dd910 code [0x000001f9567ddb20, 0x000001f9567de020]
Event: 96.516 Thread 0x000001f96917fe10 2987       3       java.lang.invoke.LambdaForm$MH/0x000001f96b0d0400::invoke (42 bytes)
Event: 96.519 Thread 0x000001f96917fe10 nmethod 2987 0x000001f9567de210 code [0x000001f9567de4a0, 0x000001f9567df150]
Event: 96.590 Thread 0x000001f96917fe10 2988       1       sun.reflect.generics.repository.AbstractRepository::getFactory (5 bytes)
Event: 96.590 Thread 0x000001f96917fe10 nmethod 2988 0x000001f95de5df90 code [0x000001f95de5e120, 0x000001f95de5e1e8]

GC Heap History (6 events):
Event: 17.691 GC heap before
{Heap before GC invocations=0 (full 0):
 garbage-first heap   total 262144K, used 22528K [0x00000000e0000000, 0x0000000100000000)
  region size 1024K, 23 young (23552K), 0 survivors (0K)
 Metaspace       used 915K, committed 1088K, reserved 393216K
  class space    used 75K, committed 128K, reserved 327680K
}
Event: 17.882 GC heap after
{Heap after GC invocations=1 (full 0):
 garbage-first heap   total 262144K, used 1621K [0x00000000e0000000, 0x0000000100000000)
  region size 1024K, 2 young (2048K), 2 survivors (2048K)
 Metaspace       used 915K, committed 1088K, reserved 393216K
  class space    used 75K, committed 128K, reserved 327680K
}
Event: 36.820 GC heap before
{Heap before GC invocations=1 (full 0):
 garbage-first heap   total 262144K, used 41557K [0x00000000e0000000, 0x0000000100000000)
  region size 1024K, 38 young (38912K), 2 survivors (2048K)
 Metaspace       used 4649K, committed 4928K, reserved 393216K
  class space    used 585K, committed 704K, reserved 327680K
}
Event: 36.828 GC heap after
{Heap after GC invocations=2 (full 0):
 garbage-first heap   total 262144K, used 11696K [0x00000000e0000000, 0x0000000100000000)
  region size 1024K, 5 young (5120K), 5 survivors (5120K)
 Metaspace       used 4649K, committed 4928K, reserved 393216K
  class space    used 585K, committed 704K, reserved 327680K
}
Event: 71.717 GC heap before
{Heap before GC invocations=2 (full 0):
 garbage-first heap   total 262144K, used 82352K [0x00000000e0000000, 0x0000000100000000)
  region size 1024K, 73 young (74752K), 5 survivors (5120K)
 Metaspace       used 10156K, committed 10496K, reserved 393216K
  class space    used 1333K, committed 1472K, reserved 327680K
}
Event: 71.738 GC heap after
{Heap after GC invocations=3 (full 0):
 garbage-first heap   total 262144K, used 20268K [0x00000000e0000000, 0x0000000100000000)
  region size 1024K, 10 young (10240K), 10 survivors (10240K)
 Metaspace       used 10156K, committed 10496K, reserved 393216K
  class space    used 1333K, committed 1472K, reserved 327680K
}

Dll operation events (15 events):
Event: 0.065 Loaded shared library C:\Users\ksj04\.jdks\ms-21.0.9\bin\java.dll
Event: 0.384 Loaded shared library C:\Users\ksj04\.jdks\ms-21.0.9\bin\jsvml.dll
Event: 0.738 Loaded shared library C:\Users\ksj04\.jdks\ms-21.0.9\bin\zip.dll
Event: 0.899 Loaded shared library C:\Users\ksj04\.jdks\ms-21.0.9\bin\instrument.dll
Event: 0.927 Loaded shared library C:\Users\ksj04\.jdks\ms-21.0.9\bin\net.dll
Event: 0.962 Loaded shared library C:\Users\ksj04\.jdks\ms-21.0.9\bin\nio.dll
Event: 0.995 Loaded shared library C:\Users\ksj04\.jdks\ms-21.0.9\bin\zip.dll
Event: 17.894 Loaded shared library C:\Users\ksj04\.jdks\ms-21.0.9\bin\jimage.dll
Event: 21.334 Loaded shared library C:\Users\ksj04\.jdks\ms-21.0.9\bin\verify.dll
Event: 21.577 Loaded shared library C:\Users\ksj04\.gradle\native\660c5614fbf4a5f2a75b1949f50a0caf5cd603558e7d8a26e50b933a0cfb79d1\windows-amd64\native-platform.dll
Event: 21.687 Loaded shared library C:\Users\ksj04\.gradle\native\0.2.8\x86_64-windows-gnu\gradle-fileevents.dll
Event: 69.253 Loaded shared library C:\Users\ksj04\.jdks\ms-21.0.9\bin\management.dll
Event: 69.290 Loaded shared library C:\Users\ksj04\.jdks\ms-21.0.9\bin\management_ext.dll
Event: 69.856 Loaded shared library C:\Users\ksj04\.jdks\ms-21.0.9\bin\extnet.dll
Event: 71.765 Loaded shared library C:\Users\ksj04\.jdks\ms-21.0.9\bin\sunmscapi.dll

Deoptimization events (20 events):
Event: 92.243 Thread 0x000001f97fc76140 Uncommon trap: trap_request=0xffffff45 fr.pc=0x000001f95dd082e4 relative=0x0000000000000744
Event: 92.243 Thread 0x000001f97fc76140 Uncommon trap: reason=unstable_if action=reinterpret pc=0x000001f95dd082e4 method=java.util.regex.Matcher.match(II)Z @ 76 c2
Event: 92.243 Thread 0x000001f97fc76140 DEOPT PACKING pc=0x000001f95dd082e4 sp=0x00000070293fb170
Event: 92.243 Thread 0x000001f97fc76140 DEOPT UNPACKING pc=0x000001f95d794422 sp=0x00000070293fb130 mode 2
Event: 92.244 Thread 0x000001f97fc76140 Uncommon trap: trap_request=0xffffff45 fr.pc=0x000001f95dd068b4 relative=0x00000000000001f4
Event: 92.244 Thread 0x000001f97fc76140 Uncommon trap: reason=unstable_if action=reinterpret pc=0x000001f95dd068b4 method=java.util.regex.Matcher.reset()Ljava/util/regex/Matcher; @ 47 c2
Event: 92.244 Thread 0x000001f97fc76140 DEOPT PACKING pc=0x000001f95dd068b4 sp=0x00000070293fb020
Event: 92.245 Thread 0x000001f97fc76140 DEOPT UNPACKING pc=0x000001f95d794422 sp=0x00000070293fafb0 mode 2
Event: 93.106 Thread 0x000001f97fc76140 Uncommon trap: trap_request=0xffffff45 fr.pc=0x000001f95dd0484c relative=0x0000000000000c8c
Event: 93.106 Thread 0x000001f97fc76140 Uncommon trap: reason=unstable_if action=reinterpret pc=0x000001f95dd0484c method=java.io.WinNTFileSystem.resolve(Ljava/lang/String;Ljava/lang/String;)Ljava/lang/String; @ 19 c2
Event: 93.107 Thread 0x000001f97fc76140 DEOPT PACKING pc=0x000001f95dd0484c sp=0x00000070293fba90
Event: 93.107 Thread 0x000001f97fc76140 DEOPT UNPACKING pc=0x000001f95d794422 sp=0x00000070293fba38 mode 2
Event: 93.200 Thread 0x000001f97fc76140 Uncommon trap: trap_request=0xffffff45 fr.pc=0x000001f95dd12c7c relative=0x000000000000069c
Event: 93.200 Thread 0x000001f97fc76140 Uncommon trap: reason=unstable_if action=reinterpret pc=0x000001f95dd12c7c method=java.io.File.getName()Ljava/lang/String; @ 16 c2
Event: 93.200 Thread 0x000001f97fc76140 DEOPT PACKING pc=0x000001f95dd12c7c sp=0x00000070293fba60
Event: 93.200 Thread 0x000001f97fc76140 DEOPT UNPACKING pc=0x000001f95d794422 sp=0x00000070293fba30 mode 2
Event: 94.233 Thread 0x000001f97fc76140 Uncommon trap: trap_request=0xffffff45 fr.pc=0x000001f95dd0b39c relative=0x00000000000000fc
Event: 94.233 Thread 0x000001f97fc76140 Uncommon trap: reason=unstable_if action=reinterpret pc=0x000001f95dd0b39c method=java.util.HashMap.hash(Ljava/lang/Object;)I @ 1 c2
Event: 94.233 Thread 0x000001f97fc76140 DEOPT PACKING pc=0x000001f95dd0b39c sp=0x00000070293fc890
Event: 94.233 Thread 0x000001f97fc76140 DEOPT UNPACKING pc=0x000001f95d794422 sp=0x00000070293fc7d0 mode 2

Classes loaded (20 events):
Event: 94.674 Loading class java/lang/invoke/BoundMethodHandle$Species_LLLLLLLLLLLLLLLLL
Event: 94.674 Loading class java/lang/invoke/BoundMethodHandle$Species_LLLLLLLLLLLLLLLLL done
Event: 94.678 Loading class java/lang/invoke/BoundMethodHandle$Species_LLLLLLLLLLLLLLLLLL
Event: 94.678 Loading class java/lang/invoke/BoundMethodHandle$Species_LLLLLLLLLLLLLLLLLL done
Event: 94.693 Loading class java/lang/invoke/BoundMethodHandle$Species_LLLLLLLLLLLLLLLLLLL
Event: 94.693 Loading class java/lang/invoke/BoundMethodHandle$Species_LLLLLLLLLLLLLLLLLLL done
Event: 94.714 Loading class java/lang/invoke/BoundMethodHandle$Species_LLLLLLLLLLLLLLLLLLLL
Event: 94.714 Loading class java/lang/invoke/BoundMethodHandle$Species_LLLLLLLLLLLLLLLLLLLL done
Event: 94.718 Loading class java/lang/invoke/BoundMethodHandle$Species_LLLLLLLLLLLLLLLLLLLLL
Event: 94.718 Loading class java/lang/invoke/BoundMethodHandle$Species_LLLLLLLLLLLLLLLLLLLLL done
Event: 94.721 Loading class java/lang/invoke/BoundMethodHandle$Species_LLLLLLLLLLLLLLLLLLLLLL
Event: 94.721 Loading class java/lang/invoke/BoundMethodHandle$Species_LLLLLLLLLLLLLLLLLLLLLL done
Event: 94.759 Loading class java/lang/invoke/BoundMethodHandle$Species_LLLLLLLLLLLLLLLLLLLLLLL
Event: 94.759 Loading class java/lang/invoke/BoundMethodHandle$Species_LLLLLLLLLLLLLLLLLLLLLLL done
Event: 95.192 Loading class java/util/Collections$2
Event: 95.193 Loading class java/util/Collections$2 done
Event: 96.423 Loading class java/security/InvalidKeyException
Event: 96.423 Loading class java/security/KeyException
Event: 96.423 Loading class java/security/KeyException done
Event: 96.424 Loading class java/security/InvalidKeyException done

Classes unloaded (0 events):
No events

Classes redefined (0 events):
No events

Internal exceptions (20 events):
Event: 93.001 Thread 0x000001f97fc76140 Exception <a 'java/lang/NoSuchMethodError'{0x00000000edd47318}: 'java.lang.Object java.lang.invoke.DirectMethodHandle$Holder.invokeVirtual(java.lang.Object, java.lang.Object, java.lang.Object, java.lang.Object, java.lang.Object, java.lang.Object, java.lang.Object, java.lang.Object)'> (0x00000000edd47318) 
thrown [s\src\hotspot\share\interpreter\linkResolver.cpp, line 773]
Event: 93.097 Thread 0x000001f97fc76140 Exception <a 'java/lang/NoSuchMethodError'{0x00000000eddfaf18}: 'java.lang.Object java.lang.invoke.DirectMethodHandle$Holder.invokeVirtual(java.lang.Object, java.lang.Object, java.lang.Object, java.lang.Object, java.lang.Object, java.lang.Object, java.lang.Object, java.lang.Object, java.lang.Object, java.lang.Object)'> (0x00000000eddfaf18) 
thrown [s\src\hotspot\share\interpreter\linkResolver.cpp, line 773]
Event: 93.425 Thread 0x000001f97fc76140 Exception <a 'java/lang/NoSuchMethodError'{0x00000000edb0bf20}: 'void java.lang.invoke.DirectMethodHandle$Holder.invokeStatic(java.lang.Object, java.lang.Object, java.lang.Object, java.lang.Object)'> (0x00000000edb0bf20) 
thrown [s\src\hotspot\share\interpreter\linkResolver.cpp, line 773]
Event: 93.426 Thread 0x000001f97fc76140 Exception <a 'java/lang/NoSuchMethodError'{0x00000000edb0fcd8}: 'void java.lang.invoke.DirectMethodHandle$Holder.invokeStaticInit(java.lang.Object, java.lang.Object, java.lang.Object, java.lang.Object)'> (0x00000000edb0fcd8) 
thrown [s\src\hotspot\share\interpreter\linkResolver.cpp, line 773]
Event: 93.562 Thread 0x000001f97fc76140 Exception <a 'java/lang/NoSuchMethodError'{0x00000000edb6bac8}: 'java.lang.Object java.lang.invoke.DirectMethodHandle$Holder.invokeInterface(java.lang.Object, java.lang.Object, java.lang.Object)'> (0x00000000edb6bac8) 
thrown [s\src\hotspot\share\interpreter\linkResolver.cpp, line 773]
Event: 93.945 Thread 0x000001f97fc76140 Exception <a 'java/lang/NoSuchMethodError'{0x00000000eda757d8}: 'int java.lang.invoke.DirectMethodHandle$Holder.invokeSpecialIFC(java.lang.Object, java.lang.Object, java.lang.Object, java.lang.Object)'> (0x00000000eda757d8) 
thrown [s\src\hotspot\share\interpreter\linkResolver.cpp, line 773]
Event: 93.979 Thread 0x000001f97fc76140 Exception <a 'java/lang/IncompatibleClassChangeError'{0x00000000eda82cc8}: Found class java.lang.Object, but interface was expected> (0x00000000eda82cc8) 
thrown [s\src\hotspot\share\interpreter\linkResolver.cpp, line 840]
Event: 94.233 Thread 0x000001f97fc76140 Implicit null exception at 0x000001f95dd0b2e6 to 0x000001f95dd0b392
Event: 94.611 Thread 0x000001f97fc76140 Exception <a 'java/lang/NoSuchMethodError'{0x00000000ed6912a0}: 'java.lang.Object java.lang.invoke.DelegatingMethodHandle$Holder.reinvoke_L(java.lang.Object, java.lang.Object, java.lang.Object, java.lang.Object, java.lang.Object, java.lang.Object, java.lang.Object, java.lang.Object, java.lang.Object, java.lang.Object, java.lang.Object, java.lang.Object, java.lang.Object, java.lang.Object, java.lang.Object, java.lang.Object, java.lang.Object, java.lang.Object, java.lang.Object, java.lang.Object, java.lang.O
Event: 94.659 Thread 0x000001f97fc76140 Exception <a 'java/lang/NoSuchMethodError'{0x00000000ed6fdc90}: 'java.lang.Object java.lang.invoke.DirectMethodHandle$Holder.invokeStatic(java.lang.Object, java.lang.Object, java.lang.Object, java.lang.Object, java.lang.Object, java.lang.Object, java.lang.Object, java.lang.Object, java.lang.Object, java.lang.Object, java.lang.Object, java.lang.Object, java.lang.Object, java.lang.Object, java.lang.Object, java.lang.Object, java.lang.Object)'> (0x00000000ed6fdc90) 
thrown [s\src\hotspot\share\interpreter\lin
Event: 94.665 Thread 0x000001f97fc76140 Exception <a 'java/lang/NoSuchMethodError'{0x00000000ed526840}: 'java.lang.Object java.lang.invoke.DirectMethodHandle$Holder.invokeStatic(java.lang.Object, java.lang.Object, java.lang.Object, java.lang.Object, java.lang.Object, java.lang.Object, java.lang.Object, java.lang.Object, java.lang.Object, java.lang.Object, java.lang.Object, java.lang.Object, java.lang.Object, java.lang.Object, java.lang.Object, java.lang.Object, java.lang.Object, java.lang.Object)'> (0x00000000ed526840) 
thrown [s\src\hotspot\sha
Event: 94.672 Thread 0x000001f97fc76140 Exception <a 'java/lang/NoSuchMethodError'{0x00000000ed5504a8}: 'java.lang.Object java.lang.invoke.DirectMethodHandle$Holder.invokeStatic(java.lang.Object, java.lang.Object, java.lang.Object, java.lang.Object, java.lang.Object, java.lang.Object, java.lang.Object, java.lang.Object, java.lang.Object, java.lang.Object, java.lang.Object, java.lang.Object, java.lang.Object, java.lang.Object, java.lang.Object, java.lang.Object, java.lang.Object, java.lang.Object, java.lang.Object)'> (0x00000000ed5504a8) 
thrown 
Event: 94.676 Thread 0x000001f97fc76140 Exception <a 'java/lang/NoSuchMethodError'{0x00000000ed57b508}: 'java.lang.Object java.lang.invoke.DirectMethodHandle$Holder.invokeStatic(java.lang.Object, java.lang.Object, java.lang.Object, java.lang.Object, java.lang.Object, java.lang.Object, java.lang.Object, java.lang.Object, java.lang.Object, java.lang.Object, java.lang.Object, java.lang.Object, java.lang.Object, java.lang.Object, java.lang.Object, java.lang.Object, java.lang.Object, java.lang.Object, java.lang.Object, java.lang.Object)'> (0x00000000
Event: 94.690 Thread 0x000001f97fc76140 Exception <a 'java/lang/NoSuchMethodError'{0x00000000ed5a79d8}: 'java.lang.Object java.lang.invoke.DirectMethodHandle$Holder.invokeStatic(java.lang.Object, java.lang.Object, java.lang.Object, java.lang.Object, java.lang.Object, java.lang.Object, java.lang.Object, java.lang.Object, java.lang.Object, java.lang.Object, java.lang.Object, java.lang.Object, java.lang.Object, java.lang.Object, java.lang.Object, java.lang.Object, java.lang.Object, java.lang.Object, java.lang.Object, java.lang.Object, java.lang.Obj
Event: 94.710 Thread 0x000001f97fc76140 Exception <a 'java/lang/NoSuchMethodError'{0x00000000ed5daef8}: 'java.lang.Object java.lang.invoke.DirectMethodHandle$Holder.invokeStatic(java.lang.Object, java.lang.Object, java.lang.Object, java.lang.Object, java.lang.Object, java.lang.Object, java.lang.Object, java.lang.Object, java.lang.Object, java.lang.Object, java.lang.Object, java.lang.Object, java.lang.Object, java.lang.Object, java.lang.Object, java.lang.Object, java.lang.Object, java.lang.Object, java.lang.Object, java.lang.Object, java.lang.Obj
Event: 94.715 Thread 0x000001f97fc76140 Exception <a 'java/lang/NoSuchMethodError'{0x00000000ed409018}: 'java.lang.Object java.lang.invoke.DirectMethodHandle$Holder.invokeStatic(java.lang.Object, java.lang.Object, java.lang.Object, java.lang.Object, java.lang.Object, java.lang.Object, java.lang.Object, java.lang.Object, java.lang.Object, java.lang.Object, java.lang.Object, java.lang.Object, java.lang.Object, java.lang.Object, java.lang.Object, java.lang.Object, java.lang.Object, java.lang.Object, java.lang.Object, java.lang.Object, java.lang.Obj
Event: 94.719 Thread 0x000001f97fc76140 Exception <a 'java/lang/NoSuchMethodError'{0x00000000ed437d18}: 'java.lang.Object java.lang.invoke.DirectMethodHandle$Holder.invokeStatic(java.lang.Object, java.lang.Object, java.lang.Object, java.lang.Object, java.lang.Object, java.lang.Object, java.lang.Object, java.lang.Object, java.lang.Object, java.lang.Object, java.lang.Object, java.lang.Object, java.lang.Object, java.lang.Object, java.lang.Object, java.lang.Object, java.lang.Object, java.lang.Object, java.lang.Object, java.lang.Object, java.lang.Obj
Event: 94.726 Thread 0x000001f97fc76140 Exception <a 'java/lang/NoSuchMethodError'{0x00000000ed467598}: 'java.lang.Object java.lang.invoke.DirectMethodHandle$Holder.invokeStatic(java.lang.Object, java.lang.Object, java.lang.Object, java.lang.Object, java.lang.Object, java.lang.Object, java.lang.Object, java.lang.Object, java.lang.Object, java.lang.Object, java.lang.Object, java.lang.Object, java.lang.Object, java.lang.Object, java.lang.Object, java.lang.Object, java.lang.Object, java.lang.Object, java.lang.Object, java.lang.Object, java.lang.Obj
Event: 94.818 Thread 0x000001f97fc76140 Exception <a 'java/lang/NoSuchMethodError'{0x00000000ed498d60}: 'java.lang.Object java.lang.invoke.DirectMethodHandle$Holder.invokeStatic(java.lang.Object, java.lang.Object, java.lang.Object, java.lang.Object, java.lang.Object, java.lang.Object, java.lang.Object, java.lang.Object, java.lang.Object, java.lang.Object, java.lang.Object, java.lang.Object, java.lang.Object, java.lang.Object, java.lang.Object, java.lang.Object, java.lang.Object, java.lang.Object, java.lang.Object, java.lang.Object, java.lang.Obj
Event: 95.013 Thread 0x000001f97fc76140 Exception <a 'java/lang/IncompatibleClassChangeError'{0x00000000ed3c9a18}: Found class java.lang.Object, but interface was expected> (0x00000000ed3c9a18) 
thrown [s\src\hotspot\share\interpreter\linkResolver.cpp, line 840]

ZGC Phase Switch (0 events):
No events

VM Operations (20 events):
Event: 89.409 Executing VM operation: Cleanup
Event: 89.409 Executing VM operation: Cleanup done
Event: 89.490 Executing VM operation: HandshakeAllThreads (Deoptimize)
Event: 89.490 Executing VM operation: HandshakeAllThreads (Deoptimize) done
Event: 90.495 Executing VM operation: Cleanup
Event: 90.495 Executing VM operation: Cleanup done
Event: 92.520 Executing VM operation: Cleanup
Event: 92.520 Executing VM operation: Cleanup done
Event: 93.534 Executing VM operation: Cleanup
Event: 93.550 Executing VM operation: Cleanup done
Event: 94.558 Executing VM operation: Cleanup
Event: 94.558 Executing VM operation: Cleanup done
Event: 94.908 Executing VM operation: HandshakeAllThreads (Deoptimize)
Event: 94.908 Executing VM operation: HandshakeAllThreads (Deoptimize) done
Event: 94.909 Executing VM operation: HandshakeAllThreads (Deoptimize)
Event: 94.909 Executing VM operation: HandshakeAllThreads (Deoptimize) done
Event: 95.920 Executing VM operation: Cleanup
Event: 95.931 Executing VM operation: Cleanup done
Event: 96.941 Executing VM operation: Cleanup
Event: 97.169 Executing VM operation: Cleanup done

Memory protections (0 events):
No events

Nmethod flushes (0 events):
No events

Events (20 events):
Event: 23.100 Thread 0x000001f96917fe10 Thread added: 0x000001f97f42cc40
Event: 23.359 Thread 0x000001f97f42cc40 Thread exited: 0x000001f97f42cc40
Event: 68.479 Thread 0x000001f96917fe10 Thread added: 0x000001f97f2c4d80
Event: 68.941 Thread 0x000001f97f2c4d80 Thread exited: 0x000001f97f2c4d80
Event: 69.016 Thread 0x000001f96917fe10 Thread added: 0x000001f97f2c4d80
Event: 69.195 Thread 0x000001f97f2c4d80 Thread exited: 0x000001f97f2c4d80
Event: 69.508 Thread 0x000001f94c51dfb0 Thread added: 0x000001f969565f50
Event: 70.508 Thread 0x000001f94c51dfb0 Thread added: 0x000001f96940b150
Event: 71.685 Thread 0x000001f94c51dfb0 Thread added: 0x000001f97ff0c380
Event: 73.403 Thread 0x000001f96940b150 Thread added: 0x000001f969729c70
Event: 73.417 Thread 0x000001f969729c70 Thread added: 0x000001f97f23c360
Event: 73.638 Thread 0x000001f969729c70 Thread added: 0x000001f97fe8cda0
Event: 74.399 Thread 0x000001f969729c70 Thread added: 0x000001f97fc76140
Event: 76.369 Thread 0x000001f97fc76140 Thread added: 0x000001f97fef7eb0
Event: 76.460 Thread 0x000001f97fc76140 Thread added: 0x000001f97fef7190
Event: 77.086 Thread 0x000001f97fc76140 Thread added: 0x000001f97fef7820
Event: 89.490 Thread 0x000001f97fc76140 Thread added: 0x000001f97fef5de0
Event: 89.577 Thread 0x000001f97fc76140 Thread added: 0x000001f97fef8bd0
Event: 91.532 Thread 0x000001f97fef8bd0 Thread added: 0x000001f97fef6470
Event: 93.027 Thread 0x000001f97fc76140 Thread added: 0x000001f97fef9260


Dynamic libraries:
0x00007ff6c4600000 - 0x00007ff6c460e000 	C:\Users\ksj04\.jdks\ms-21.0.9\bin\java.exe
0x00007ff9f91e0000 - 0x00007ff9f9447000 	C:\WINDOWS\SYSTEM32\ntdll.dll
0x00007ff9f8590000 - 0x00007ff9f8659000 	C:\WINDOWS\System32\KERNEL32.DLL
0x00007ff9f6570000 - 0x00007ff9f695f000 	C:\WINDOWS\System32\KERNELBASE.dll
0x00007ff9f6420000 - 0x00007ff9f656b000 	C:\WINDOWS\System32\ucrtbase.dll
0x00007ff986f40000 - 0x00007ff986f58000 	C:\Users\ksj04\.jdks\ms-21.0.9\bin\jli.dll
0x00007ff9f8300000 - 0x00007ff9f84c5000 	C:\WINDOWS\System32\USER32.dll
0x00007ff9f63f0000 - 0x00007ff9f6417000 	C:\WINDOWS\System32\win32u.dll
0x00007ff9f8760000 - 0x00007ff9f878b000 	C:\WINDOWS\System32\GDI32.dll
0x00007ff9f6ba0000 - 0x00007ff9f6ccc000 	C:\WINDOWS\System32\gdi32full.dll
0x00007ff9f6cd0000 - 0x00007ff9f6d73000 	C:\WINDOWS\System32\msvcp_win.dll
0x00007ff986f20000 - 0x00007ff986f3e000 	C:\Users\ksj04\.jdks\ms-21.0.9\bin\VCRUNTIME140.dll
0x00007ff9e3de0000 - 0x00007ff9e4073000 	C:\WINDOWS\WinSxS\amd64_microsoft.windows.common-controls_6595b64144ccf1df_6.0.26100.7309_none_3e05feeae336a044\COMCTL32.dll
0x00007ff9f8f20000 - 0x00007ff9f8fc9000 	C:\WINDOWS\System32\msvcrt.dll
0x00007ff9f8be0000 - 0x00007ff9f8c11000 	C:\WINDOWS\System32\IMM32.DLL
0x00007ff9cda30000 - 0x00007ff9cda3c000 	C:\Users\ksj04\.jdks\ms-21.0.9\bin\vcruntime140_1.dll
0x00007ff938990000 - 0x00007ff938a19000 	C:\Users\ksj04\.jdks\ms-21.0.9\bin\msvcp140.dll
0x00007ff9338d0000 - 0x00007ff93467d000 	C:\Users\ksj04\.jdks\ms-21.0.9\bin\server\jvm.dll
0x00007ff9f8790000 - 0x00007ff9f8844000 	C:\WINDOWS\System32\ADVAPI32.dll
0x00007ff9f84d0000 - 0x00007ff9f8576000 	C:\WINDOWS\System32\sechost.dll
0x00007ff9f7120000 - 0x00007ff9f7238000 	C:\WINDOWS\System32\RPCRT4.dll
0x00007ff9f7020000 - 0x00007ff9f7094000 	C:\WINDOWS\System32\WS2_32.dll
0x00007ff9f6190000 - 0x00007ff9f61ee000 	C:\WINDOWS\SYSTEM32\POWRPROF.dll
0x00007ff9e5230000 - 0x00007ff9e5265000 	C:\WINDOWS\SYSTEM32\WINMM.dll
0x00007ff9ee200000 - 0x00007ff9ee20b000 	C:\WINDOWS\SYSTEM32\VERSION.dll
0x00007ff9f6170000 - 0x00007ff9f6184000 	C:\WINDOWS\SYSTEM32\UMPDC.dll
0x00007ff9f50e0000 - 0x00007ff9f50fb000 	C:\WINDOWS\SYSTEM32\kernel.appcore.dll
0x00007ff9be5e0000 - 0x00007ff9be5ea000 	C:\Users\ksj04\.jdks\ms-21.0.9\bin\jimage.dll
0x00007ff9f3750000 - 0x00007ff9f3992000 	C:\WINDOWS\SYSTEM32\DBGHELP.DLL
0x00007ff9f8850000 - 0x00007ff9f8bd5000 	C:\WINDOWS\System32\combase.dll
0x00007ff9f9050000 - 0x00007ff9f9126000 	C:\WINDOWS\System32\OLEAUT32.dll
0x00007ff9dff10000 - 0x00007ff9dff4c000 	C:\WINDOWS\SYSTEM32\dbgcore.DLL
0x00007ff9f6970000 - 0x00007ff9f6a15000 	C:\WINDOWS\System32\bcryptPrimitives.dll
0x00007ff9be0c0000 - 0x00007ff9be0d0000 	C:\Users\ksj04\.jdks\ms-21.0.9\bin\instrument.dll
0x00007ff985c80000 - 0x00007ff985ca1000 	C:\Users\ksj04\.jdks\ms-21.0.9\bin\java.dll
0x00007ff9f78c0000 - 0x00007ff9f8013000 	C:\WINDOWS\System32\SHELL32.dll
0x00007ff9f6e10000 - 0x00007ff9f6f7a000 	C:\WINDOWS\System32\wintypes.dll
0x00007ff9f3f50000 - 0x00007ff9f47ae000 	C:\WINDOWS\SYSTEM32\windows.storage.dll
0x00007ff9f8660000 - 0x00007ff9f8755000 	C:\WINDOWS\System32\SHCORE.dll
0x00007ff9f9130000 - 0x00007ff9f9196000 	C:\WINDOWS\System32\shlwapi.dll
0x00007ff9f6250000 - 0x00007ff9f6279000 	C:\WINDOWS\SYSTEM32\profapi.dll
0x00007ff935520000 - 0x00007ff9355f6000 	C:\Users\ksj04\.jdks\ms-21.0.9\bin\jsvml.dll
0x00007ff986ce0000 - 0x00007ff986cf8000 	C:\Users\ksj04\.jdks\ms-21.0.9\bin\zip.dll
0x00007ff9864c0000 - 0x00007ff9864d1000 	C:\Users\ksj04\.jdks\ms-21.0.9\bin\net.dll
0x00007ff9ef0e0000 - 0x00007ff9ef208000 	C:\WINDOWS\SYSTEM32\WINHTTP.dll
0x00007ff9f5650000 - 0x00007ff9f56bb000 	C:\WINDOWS\system32\mswsock.dll
0x00007ff983f80000 - 0x00007ff983f96000 	C:\Users\ksj04\.jdks\ms-21.0.9\bin\nio.dll
0x00007ff9bdbf0000 - 0x00007ff9bdc00000 	C:\Users\ksj04\.jdks\ms-21.0.9\bin\verify.dll
0x00007ff996e90000 - 0x00007ff996eb7000 	C:\Users\ksj04\.gradle\native\660c5614fbf4a5f2a75b1949f50a0caf5cd603558e7d8a26e50b933a0cfb79d1\windows-amd64\native-platform.dll
0x00007ff9b56f0000 - 0x00007ff9b5767000 	C:\Users\ksj04\.gradle\native\0.2.8\x86_64-windows-gnu\gradle-fileevents.dll
0x00007ff9bdb40000 - 0x00007ff9bdb4a000 	C:\Users\ksj04\.jdks\ms-21.0.9\bin\management.dll
0x00007ff9bcfd0000 - 0x00007ff9bcfdc000 	C:\Users\ksj04\.jdks\ms-21.0.9\bin\management_ext.dll
0x00007ff9f8c20000 - 0x00007ff9f8c28000 	C:\WINDOWS\System32\PSAPI.DLL
0x00007ff9f4b40000 - 0x00007ff9f4b74000 	C:\WINDOWS\SYSTEM32\IPHLPAPI.DLL
0x00007ff9f7240000 - 0x00007ff9f724a000 	C:\WINDOWS\System32\NSI.dll
0x00007ff9ba6a0000 - 0x00007ff9ba6a9000 	C:\Users\ksj04\.jdks\ms-21.0.9\bin\extnet.dll
0x00007ff9f5910000 - 0x00007ff9f592b000 	C:\WINDOWS\SYSTEM32\CRYPTSP.dll
0x00007ff9f5040000 - 0x00007ff9f507a000 	C:\WINDOWS\system32\rsaenh.dll
0x00007ff9f5700000 - 0x00007ff9f572b000 	C:\WINDOWS\SYSTEM32\USERENV.dll
0x00007ff9f6220000 - 0x00007ff9f624a000 	C:\WINDOWS\SYSTEM32\bcrypt.dll
0x00007ff9f5930000 - 0x00007ff9f593c000 	C:\WINDOWS\SYSTEM32\CRYPTBASE.dll
0x00007ff9b9d50000 - 0x00007ff9b9d5e000 	C:\Users\ksj04\.jdks\ms-21.0.9\bin\sunmscapi.dll
0x00007ff9f6a20000 - 0x00007ff9f6b97000 	C:\WINDOWS\System32\CRYPT32.dll
0x00007ff9f5b30000 - 0x00007ff9f5b60000 	C:\WINDOWS\SYSTEM32\ncrypt.dll
0x00007ff9f5ae0000 - 0x00007ff9f5b1f000 	C:\WINDOWS\SYSTEM32\NTASN1.dll
0x00007ff97b870000 - 0x00007ff97b878000 	C:\WINDOWS\system32\wshunix.dll

JVMTI agents:
C:\Users\ksj04\.gradle\wrapper\dists\gradle-9.2.1-bin\2t0n5ozlw9xmuyvbp7dnzaxug\gradle-9.2.1\lib\agents\gradle-instrumentation-agent-9.2.1.jar path:C:\Users\ksj04\.jdks\ms-21.0.9\bin\instrument.dll, loaded, initialized, instrumentlib options:none

dbghelp: loaded successfully - version: 4.0.5 - missing functions: none
symbol engine: initialized successfully - sym options: 0x614 - pdb path: .;C:\Users\ksj04\.jdks\ms-21.0.9\bin;C:\WINDOWS\SYSTEM32;C:\WINDOWS\WinSxS\amd64_microsoft.windows.common-controls_6595b64144ccf1df_6.0.26100.7309_none_3e05feeae336a044;C:\Users\ksj04\.jdks\ms-21.0.9\bin\server;C:\Users\ksj04\.gradle\native\660c5614fbf4a5f2a75b1949f50a0caf5cd603558e7d8a26e50b933a0cfb79d1\windows-amd64;C:\Users\ksj04\.gradle\native\0.2.8\x86_64-windows-gnu

VM Arguments:
jvm_args: --add-opens=java.base/java.lang=ALL-UNNAMED --add-opens=java.base/java.lang.invoke=ALL-UNNAMED --add-opens=java.base/java.util=ALL-UNNAMED --add-opens=java.prefs/java.util.prefs=ALL-UNNAMED --add-exports=jdk.compiler/com.sun.tools.javac.api=ALL-UNNAMED --add-exports=jdk.compiler/com.sun.tools.javac.util=ALL-UNNAMED --add-opens=java.base/java.util=ALL-UNNAMED --add-opens=java.prefs/java.util.prefs=ALL-UNNAMED --add-opens=java.base/java.nio.charset=ALL-UNNAMED --add-opens=java.base/java.net=ALL-UNNAMED --add-opens=java.base/java.util.concurrent=ALL-UNNAMED --add-opens=java.base/java.util.concurrent.atomic=ALL-UNNAMED --add-opens=java.xml/javax.xml.namespace=ALL-UNNAMED --add-opens=java.base/java.time=ALL-UNNAMED -XX:MaxMetaspaceSize=384m -XX:+HeapDumpOnOutOfMemoryError -Xms256m -Xmx512m -Dfile.encoding=UTF-8 -Duser.country -Duser.language=en -Duser.variant -javaagent:C:\Users\ksj04\.gradle\wrapper\dists\gradle-9.2.1-bin\2t0n5ozlw9xmuyvbp7dnzaxug\gradle-9.2.1\lib\agents\gradle-instrumentation-agent-9.2.1.jar 
java_command: org.gradle.launcher.daemon.bootstrap.GradleDaemon 9.2.1
java_class_path (initial): C:\Users\ksj04\.gradle\wrapper\dists\gradle-9.2.1-bin\2t0n5ozlw9xmuyvbp7dnzaxug\gradle-9.2.1\lib\gradle-daemon-main-9.2.1.jar
Launcher Type: SUN_STANDARD

[Global flags]
     intx CICompilerCount                          = 4                                         {product} {ergonomic}
   size_t CompressedClassSpaceSize                 = 335544320                                 {product} {ergonomic}
     uint ConcGCThreads                            = 2                                         {product} {ergonomic}
     uint G1ConcRefinementThreads                  = 8                                         {product} {ergonomic}
   size_t G1HeapRegionSize                         = 1048576                                   {product} {ergonomic}
    uintx GCDrainStackTargetSize                   = 64                                        {product} {ergonomic}
     bool HeapDumpOnOutOfMemoryError               = true                                   {manageable} {command line}
   size_t InitialHeapSize                          = 268435456                                 {product} {command line}
   size_t MarkStackSize                            = 4194304                                   {product} {ergonomic}
   size_t MaxHeapSize                              = 536870912                                 {product} {command line}
   size_t MaxMetaspaceSize                         = 402653184                                 {product} {command line}
   size_t MaxNewSize                               = 321912832                                 {product} {ergonomic}
   size_t MinHeapDeltaBytes                        = 1048576                                   {product} {ergonomic}
   size_t MinHeapSize                              = 268435456                                 {product} {command line}
    uintx NonNMethodCodeHeapSize                   = 5839372                                {pd product} {ergonomic}
    uintx NonProfiledCodeHeapSize                  = 122909434                              {pd product} {ergonomic}
    uintx ProfiledCodeHeapSize                     = 122909434                              {pd product} {ergonomic}
    uintx ReservedCodeCacheSize                    = 251658240                              {pd product} {ergonomic}
     bool SegmentedCodeCache                       = true                                      {product} {ergonomic}
   size_t SoftMaxHeapSize                          = 536870912                              {manageable} {ergonomic}
     bool UseCompressedOops                        = true                           {product lp64_product} {ergonomic}
     bool UseG1GC                                  = true                                      {product} {ergonomic}
     bool UseLargePagesIndividualAllocation        = false                                  {pd product} {ergonomic}

Logging:
Log output configuration:
 #0: stdout all=warning uptime,level,tags foldmultilines=false
 #1: stderr all=off uptime,level,tags foldmultilines=false

Release file:
IMPLEMENTOR="Microsoft" 
IMPLEMENTOR_VERSION="Microsoft-12574459" 
JAVA_RUNTIME_VERSION="21.0.9+10-LTS" 
JAVA_VERSION="21.0.9" 
JAVA_VERSION_DATE="2025-10-21" 
LIBC="default" 
MODULES="java.base java.compiler java.datatransfer java.xml java.prefs java.desktop java.instrument java.logging java.management java.security.sasl java.naming java.rmi java.management.rmi java.net.http java.scripting java.security.jgss java.transaction.xa java.sql java.sql.rowset java.xml.crypto java.se java.smartcardio jdk.accessibility jdk.internal.jvmstat jdk.attach jdk.charsets jdk.internal.opt jdk.zipfs jdk.compiler jdk.crypto.ec jdk.crypto.cryptoki jdk.crypto.mscapi jdk.dynalink jdk.internal.ed jdk.editpad jdk.hotspot.agent jdk.httpserver jdk.incubator.vector jdk.internal.le jdk.internal.vm.ci jdk.internal.vm.compiler jdk.internal.vm.compiler.management jdk.jartool jdk.javadoc jdk.jcmd jdk.management jdk.management.agent jdk.jconsole jdk.jdeps jdk.jdwp.agent jdk.jdi jdk.jfr jdk.jlink jdk.jpackage jdk.jshell jdk.jsobject jdk.jstatd jdk.localedata jdk.management.jfr jdk.naming.dns jdk.naming.rmi jdk.net jdk.nio.mapmode jdk.random jdk.sctp jdk.security.auth jdk.security.jgss jdk.unsupported jdk.unsupported.desktop jdk.xml.dom" 
OS_ARCH="x86_64" 
OS_NAME="Windows" 
SOURCE=".:git:e0bc49609000" 

Environment Variables:
PATH=%JAVA_HOME%\bin;%JAVA_HOME%\bin;%JAVA_HOME%\bin;C:\WINDOWS\System32;C:\Program Files\MySQL\MySQL Server 8.0\bin;C:\Python313\Scripts\;C:\Python313\;C:\Users\ksj04\AppData\Local\Microsoft\WindowsApps;C:\Users\ksj04\AppData\Local\Programs\Microsoft VS Code\bin;C:\Users\ksj04\AppData\Local\SOOP;C:\Program Files\MySQL\MySQ;C:\Users\ksj04\Downloads\apache-maven-3.9.9-bin\bin;C:\WINDOWS\system32;C:\WINDOWS;C:\WINDOWS\System32\Wbem;C:\WINDOWS\System32\WindowsPowerShell\v1.0\;C:\WINDOWS\System32\OpenSSH\;C:\Program Files\dotnet\;C:\Program Files\Git\cmd;C:\Program Files\nodejs\;C:\Program Files\GitHub CLI\;C:\Program Files\MySQL\MySQL Server 8.0\bin;C:\Python313\Scripts\;C:\Python313\;C:\Users\ksj04\AppData\Local\Microsoft\WindowsApps;C:\Users\ksj04\AppData\Local\Programs\Microsoft VS Code\bin;C:\Users\ksj04\AppData\Local\SOOP;C:\Program Files\MySQL\MySQ;C:\Users\ksj04\Downloads\apache-maven-3.9.9-bin\bin;C:\WINDOWS\system32;C:\WINDOWS;C:\WINDOWS\System32\Wbem;C:\WINDOWS\System32\WindowsPowerShell\v1.0\;C:\WINDOWS\System32\OpenSSH\;C:\Program Files\dotnet\;C:\Program Files\Git\cmd;C:\Program Files\nodejs\;C:\Program Files\GitHub CLI\;C:\Program Files\MySQL\MySQL Server 8.0\bin;C:\Python313\Scripts\;C:\Python313\;C:\Users\ksj04\AppData\Local\Microsoft\WindowsApps;C:\Users\ksj04\AppData\Local\Programs\Microsoft VS Code\bin;C:\Users\ksj04\AppData\Local\SOOP;C:\Program Files\MySQL\MySQ;C:\Users\ksj04\Downloads\apache-maven-3.9.9-bin\bin;C:\WINDOWS\system32;C:\WINDOWS;C:\WINDOWS\System32\Wbem;C:\WINDOWS\System32\WindowsPowerShell\v1.0\;C:\WINDOWS\System32\OpenSSH\;C:\Program Files\dotnet\;C:\Program Files\Git\cmd;C:\Program Files\nodejs\;C:\Program Files\GitHub CLI\;C:\Users\ksj04\AppData\Local\Programs\Python\Python313\Scripts\;C:\Users\ksj04\AppData\Local\Programs\Python\Python313\;C:\Users\ksj04\AppData\Local\Microsoft\WindowsApps;C:\Users\ksj04\AppData\Local\SOOP;C:\Users\ksj04\AppData\Local\Programs\Microsoft VS Code\bin;C:\Users\ksj04\flutter_windows_3.29.2-stable\flutter\bin;%JAVA_HOME%\bin;C:\Program Files\ngrok-v3-stable-windows-amd64;C:\Users\ksj04\AppData\Roaming\npm
USERNAME=ksj04
OS=Windows_NT
PROCESSOR_IDENTIFIER=Intel64 Family 6 Model 142 Stepping 12, GenuineIntel
TMP=C:\Users\ksj04\AppData\Local\Temp
TEMP=C:\Users\ksj04\AppData\Local\Temp




Periodic native trim disabled

---------------  S Y S T E M  ---------------

OS:
 Windows 11 , 64 bit Build 26100 (10.0.26100.7309)
OS uptime: 0 days 1:34 hours

CPU: total 8 (initial active 8) (4 cores per cpu, 2 threads per core) family 6 model 142 stepping 12 microcode 0xde, cx8, cmov, fxsr, ht, mmx, 3dnowpref, sse, sse2, sse3, ssse3, sse4.1, sse4.2, popcnt, lzcnt, tsc, tscinvbit, avx, avx2, aes, erms, clmul, bmi1, bmi2, adx, fma, vzeroupper, clflush, clflushopt, rdtscp, f16c
Processor Information for the first 8 processors :
  Max Mhz: 2112, Current Mhz: 1609, Mhz Limit: 1605

Memory: 4k page, system-wide physical 7973M (605M free)
TotalPageFile size 18779M (AvailPageFile size 6M)
current process WorkingSet (physical memory assigned to process): 145M, peak: 147M
current process commit charge ("private bytes"): 416M, peak: 419M

vm_info: OpenJDK 64-Bit Server VM (21.0.9+10-LTS) for windows-amd64 JRE (21.0.9+10-LTS), built on 2025-10-13T22:04:36Z by "MicrosoftCorporation" with unknown MS VC++:1944

END.
